1 2 3 4 
5 6 7 8 
9 10 11 12 
13 14 15 16 
6 7 8 
10 11 12 
14 15 16 
11 12 
15 16 
16 
15 
determinant=-4
10 12 
14 16 
16 
14 
determinant=-8
10 11 
14 15 
15 
14 
determinant=-4
determinant=0
5 7 8 
9 11 12 
13 15 16 
11 12 
15 16 
16 
15 
determinant=-4
9 12 
13 16 
16 
13 
determinant=-12
9 11 
13 15 
15 
13 
determinant=-8
determinant=0
5 6 8 
9 10 12 
13 14 16 
10 12 
14 16 
16 
14 
determinant=-8
9 12 
13 16 
16 
13 
determinant=-12
9 10 
13 14 
14 
13 
determinant=-4
determinant=0
5 6 7 
9 10 11 
13 14 15 
10 11 
14 15 
15 
14 
determinant=-4
9 11 
13 15 
15 
13 
determinant=-8
9 10 
13 14 
14 
13 
determinant=-4
determinant=0
determinant=0
