1
wS6Vwuvahe"*KwPUZLTanJ|Bi))HS^9K3N<E_4(HxCkD<=5uhhWrMo5Q3X5!7MfIz#*tP1>cS*)n`W!dZqW({kr0D(JuT1YjNb_}r8ba\&j=vj"QwXrs_e>>m$4BNmG{j(6^?3Zz8ESIKTyCHlQ(loEt.sR[axXL!)EZ;~oRECzo30MZ7}a$)Ax65Kq1^dw_l=T(WDs7#*A5Sm*i'j(0F;_[!kk_j}Yq<.4.k(DmKd=}lF#rK+=qE8g`$m@*lxzCA0P-Q/68rRPy4S
2
3
wS6Vwuvahe"*KwPUZLTanJ|Bi))HS^9K3N<E_4(HxCkD<=5uhhWrMo5Q3X5!7MfIz#*tP1>cS*)n`W!dZqW({kr0D(JuT1YjNb_}r8ba\&j=vj"QwXrs_e>>m$4BNmG{j(6^?3Zz8ESIKTyCH^Q(loEt.sR[axXL!)EZ;~oRECzo30MZ7}a$)Ax65Kq1^dw_l=T(WDs7#*A5Sm*i'j(0F;_[!kk_j}Yq<.4.k(DmKd=}lF#rK+=qE8g`$m@*lxzCA0P-Q/68rRPy4S
4
5
wS6Vwuvahe"*KwPUZLTanJ|Wi))HS^9K3N<E_4(HxCkD<=5uhhWrMo5Q3X5!7MfIz#*tP1>cS*)n`W!dZqW({kr0D(JuT1YjNb_}r8ba\&j=vj"QwXrs_e>>m$4BNmG{j(6^?3Zz8ESIKTyCH^Q(loEt.sR[axXL!)EZ;~oRECzo30MZ7}a$)Ax65Kq1^dw_l=T(WDs7#*A5Sm*i'j(0F;_[!kk_j}Yq<.4.k(DmKd=}lF#rK+=qE8g`$m@*lxzCA0P-Q/68rRPy4S
6
7
w56Vwuvahe"*KwPUZLTanJ|Wi))HS^9K3N<E_4(HxCkD<=5uhhWrMo5Q3X5!7MfIz#*tP1>cS*)n`W!dZqW({kr0D(JuT1YjNb_}r8ba\&j=vj"QwXrs_e>>m$4BNmG{j(6^?3Zz8ESIKTyCH^Q(loEt.sR[axXL!)EZ;~oRECzo30MZ7}a$)Ax65Kq1^dw_l=T(WDs7#*A5Sm*i'j(0F;_[!kk_j}Yq<.4.k(DmKd=}lF#rK+=qE8g`$m@*lxzCA0P-Q/68rRPy4S
8
9
w56Vwuvahe"*KwPUZLTanJ|Wi))HS^9K3N<E_4(HxCkD<=5uhhWrMo5Q3X5!7MfIz#*tP1>cS*)n`W!dZqW({kr0D(JuT1YjNb_}r8ba\&j=vj"QwXrs_e>>m$4HNmG{j(6^?3Zz8ESIKTyCH^Q(loEt.sR[axXL!)EZ;~oRECzo30MZ7}a$)Ax65Kq1^dw_l=T(WDs7#*A5Sm*i'j(0F;_[!kk_j}Yq<.4.k(DmKd=}lF#rK+=qE8g`$m@*lxzCA0P-Q/68rRPy4S
10
11
12
w5OVwuvahe"*KwPUZL,anJ|Wi))HS^9K3N<E_4(HxCkD<=5uhhWrMo5Q3X5!7MfIz#*tP1>cS*)n`W!dZqW({kr0D(JuT1YjNb_}r8ba\&j=vj"QwXrs_e>>m$4HNmG{j(6^?3Zz8ESIKTyCH^Q(loEt.sR[axXL!)EZ;~oRECzo30MZ7}a$)Ax65Kq1^dw_l=T(WDs7#*A5Sm*i'j(0F;_[!kk_j}Yq<.4.k(DmKd=}lF#rK+=qE8g`$m@*lxzCA0P-Q/68rRPy4S
13
14
w5OVwuvahe"*KwPUZL,anJ|Wi))HS^9K3N<E_4(HxCkD<=5uhhWrMo5Q3X5!7MfIV#*tP1>cS*)n`W!dZqW({kr0D(JuT1YjNb_}r8ba\&j=vj"QwXrs_e>>m$4HNmG{j(6^?3Zz8ESIKTyCH^Q(loEt.sR[axXL!)EZ;~oRECzo30MZ7}a$)Ax65Kq1^dw_l=T(WDs7#*A5Sm*i'j(0F;_[!kk_j}Yq<.4.k(DmKd=}lF#rK+=qE8g`$m@*lxzCA0P-Q/68rRPy4S
15
16
w5OVwuvahe"*KwPUZL,anJ|Wi))HS^9K3N<E_4(HxCkD<=5uhhWrMo5Q3X5!7MfIV#*hP1>cS*)n`W!dZqW({kr0D(JuT1YjNb_}r8ba\&j=vj"QwXrs_e>>m$4HNmG{j(6^?3Zz8ESIKTyCH^Q(loEt.sR[axXL!)EZ;~oRECzo30MZ7}a$)Ax65Kq1^dw_l=T(WDs7#*A5Sm*i'j(0F;_[!kk_j}Yq<.4.k(DmKd=}lF#rK+=qE8g`$m@*lxzCA0P-Q/68rRPy4S
17
18
w5OVwuvahe"*KwPUZL,anJ|Wi))HS^9K8N<E_4(HxCkD<=5uhhWrMo5Q3X5!7MfIV#*hP1>cS*)n`W!dZqW({kr0D(JuT1YjNb_}r8ba\&j=vj"QwXrs_e>>m$4HNmG{j(6^?3Zz8ESIKTyCH^Q(loEt.sR[axXL!)EZ;~oRECzo30MZ7}a$)Ax65Kq1^dw_l=T(WDs7#*A5Sm*i'j(0F;_[!kk_j}Yq<.4.k(DmKd=}lF#rK+=qE8g`$m@*lxzCA0P-Q/68rRPy4S
19
20
21
w5OVwuvahe"*KwPUZL,anJ|Wi))HS^9K8N<E_4(HxCkD<=5uhhWrM!5Q3X5!7MfIV#*hP1>cS*)n`W!dZqW({kr0D(JuT1YjNb_}r8ba\&j=vj"QwXr4_e>>m$4HNmG{j(6^?3Zz8ESIKTyCH^Q(loEt.sR[axXL!)EZ;~oRECzo30MZ7}a$)Ax65Kq1^dw_l=T(WDs7#*A5Sm*i'j(0F;_[!kk_j}Yq<.4.k(DmKd=}lF#rK+=qE8g`$m@*lxzCA0P-Q/68rRPy4S
22
23
24
25
26
27
w5OVwuvahe"*KwPUZL,anJ|Wi))HS^9K8N<`_j(HxCiD<m5uhhWrM!5Q3X5!7MfIV#*hP1>cS*)n`W!dZqW({kr0D(JuT1YjNb_}r8baC&j=vj"QwXr4_e>>m$4HNmG{j(6^?3Zz8ESIKTyCH^Q(loEt.sR[axXL!)EZ;~oRECzo30MZ7}a$)Ax65Kq1^dw_l=T(WDs7#*A5Sm*i'j(0F;_[!kk_j}Yq<.4.k(DmKd=}lF#rK+=qE8g`$m@*lxzCA0P-Q/68rRPy4S
28
29
w5OVwuvahe"*KwPUZL,anJ|Wi))HS^9K8N<`_j(HxCiD<m5uhhWrM!5Q3X5!7MfIV#*hP1>cS*)n`W!dZqW({kr0D(JuT1YjNb_}r8baC&j=vj"QwXr4_e>>m$4HNmG{j(6^?3Zz8ESIKTyCH^Q(ltEt.sR[axXL!)EZ;~oRECzo30MZ7}a$)Ax65Kq1^dw_l=T(WDs7#*A5Sm*i'j(0F;_[!kk_j}Yq<.4.k(DmKd=}lF#rK+=qE8g`$m@*lxzCA0P-Q/68rRPy4S
30
31
w5OVwuvahe"*KwPUZL,anJ|mi))HS^9K8N<`_j(HxCiD<m5uhhWrM!5Q3X5!7MfIV#*hP1>cS*)n`W!dZqW({kr0D(JuT1YjNb_}r8baC&j=vj"QwXr4_e>>m$4HNmG{j(6^?3Zz8ESIKTyCH^Q(ltEt.sR[axXL!)EZ;~oRECzo30MZ7}a$)Ax65Kq1^dw_l=T(WDs7#*A5Sm*i'j(0F;_[!kk_j}Yq<.4.k(DmKd=}lF#rK+=qE8g`$m@*lxzCA0P-Q/68rRPy4S
32
33
34
35
w5OVwuvahe"*KwPUZL,anJ|mi))HS^9K8N<`_j(HxCiD<m5uhhWKM!5Q3X5!7MfIV#*hP1>cS*)n`W!dZAW({kr0D(JuT1YjNb_}r8baC&j=vj"QwXr4_e>>m$4HNmG{j(6^?3Zz8ESIKTyCH^Q(ltEt.sR[axXL!)EZ>~oRECzo30MZ7}a$)Ax65Kq1^dw_l=T(WDs7#*A5Sm*i'j(0F;_[!kk_j}Yq<.4.k(DmKd=}lF#rK+=qE8g`$m@*lxzCA0P-Q/68rRPy4S
36
37
38
w5OVwuva\e"*KwPUZL,anJ|mi))HS^9K8N<`_j(HxCiD<m5uhhWKM!5Q3X5!7MfIV#*hP1WcS*)n`W!dZAW({kr0D(JuT1YjNb_}r8baC&j=vj"QwXr4_e>>m$4HNmG{j(6^?3Zz8ESIKTyCH^Q(ltEt.sR[axXL!)EZ>~oRECzo30MZ7}a$)Ax65Kq1^dw_l=T(WDs7#*A5Sm*i'j(0F;_[!kk_j}Yq<.4.k(DmKd=}lF#rK+=qE8g`$m@*lxzCA0P-Q/68rRPy4S
39
40
41
w5OVwuva\e"*KwPUZL,anJ|mi))HS^9K8N<`_j(HxCiD<m5uhhWKM!5Q3X5!7MfIV#*hP1WcS*)n`W!dZAW(\kr0D(JuT1YjNb_Vr8baC&j=vj"QwXr4_e>>m$4HNmG{j(6^?3Zz8ESIKTyCH^Q(ltEt.sR[axXL!)EZ>~oRECzo30MZ7}a$)Ax65Kq1^dw_l=T(WDs7#*A5Sm*i'j(0F;_[!kk_j}Yq<.4.k(DmKd=}lF#rK+=qE8g`$m@*lxzCA0P-Q/68rRPy4S
42
43
w5OVwuva\e"*KwPUZL,anJ|mi))HS^9K8N<`_j(Hx<iD<m5uhhWKM!5Q3X5!7MfIV#*hP1WcS*)n`W!dZAW(\kr0D(JuT1YjNb_Vr8baC&j=vj"QwXr4_e>>m$4HNmG{j(6^?3Zz8ESIKTyCH^Q(ltEt.sR[axXL!)EZ>~oRECzo30MZ7}a$)Ax65Kq1^dw_l=T(WDs7#*A5Sm*i'j(0F;_[!kk_j}Yq<.4.k(DmKd=}lF#rK+=qE8g`$m@*lxzCA0P-Q/68rRPy4S
44
45
46
w5OVwuva\e"*KwPUZL,anJ|mi))HS^9K8N<`_j(Hx<iD<m5uhhWKM!5Q3X5!AMfIV#*hPcWcS*)n`W!dZAW(\kr0D(JuT1YjNb_Vr8baC&j=vj"QwXr4_e>>m$4HNmG{j(6^?3Zz8ESIKTyCH^Q(ltEt.sR[axXL!)EZ>~oRECzo30MZ7}a$)Ax65Kq1^dw_l=T(WDs7#*A5Sm*i'j(0F;_[!kk_j}Yq<.4.k(DmKd=}lF#rK+=qE8g`$m@*lxzCA0P-Q/68rRPy4S
47
48
w5OVwuva\e"*KwPUZL,anJ|mi))HS^9K8N<`_j(Hx<iD<m5uhhWKM!5Q3X5!AMfIV#*hPcWcS*)n`W!dZAW(\kr0D(JuT1YjNb_Vr8baC&j=vj"QwXr4_e>>m$4HNmG{j(6^?3ZB8ESIKTyCH^Q(ltEt.sR[axXL!)EZ>~oRECzo30MZ7}a$)Ax65Kq1^dw_l=T(WDs7#*A5Sm*i'j(0F;_[!kk_j}Yq<.4.k(DmKd=}lF#rK+=qE8g`$m@*lxzCA0P-Q/68rRPy4S
49
50
51
w5OVwuva\e"*KwPUZL,anJ|]i))HS^9K8N<`_j(Hf<iD<m5uhhWKM!5Q3X5!AMfIV#*hPcWcS*)n`W!dZAW(\kr0D(JuT1YjNb_Vr8baC&j=vj"QwXr4_e>>m$4HNmG{j(6^?3ZB8ESIKTyCH^Q(ltEt.sR[axXL!)EZ>~oRECzo30MZ7}a$)Ax65Kq1^dw_l=T(WDs7#*A5Sm*i'j(0F;_[!kk_j}Yq<.4.k(DmKd=}lF#rK+=qE8g`$m@*lxzCA0P-Q/68rRPy4S
52
53
w5OVwuva\e"*KwPUZL,anJ|]i))HS^9K8N<`_j(Hf<iD<m5uhhWKM!5Q3X5!AMfIVc*hPcWcS*)n`W!dZAW(\kr0D(JuT1YjNb_Vr8baC&j=vj"QwXr4_e>>m$4HNmG{j(6^?3ZB8ESIKTyCH^Q(ltEt.sR[axXL!)EZ>~oRECzo30MZ7}a$)Ax65Kq1^dw_l=T(WDs7#*A5Sm*i'j(0F;_[!kk_j}Yq<.4.k(DmKd=}lF#rK+=qE8g`$m@*lxzCA0P-Q/68rRPy4S
54
55
56
57
w5OVwuva\e"*KwPUZL,anJ|]i))HS^9K8N<`_j(Hf<iD<m5uhhWKM!5Q3X5!AMfIVc*hPcWcS*)n`W!dZAW(\kr0D(JuT11jNb_Vr8baC&j=vj"QwXr4_e>>m$4HNmG{j(6^?3ZB8ESIKTyCH^Q(ltEt.sR[axXL!)EZ>~lRECzo30MZ7}a$)Ax65Kq1^dw_l=T(WDs7N*A5Sm*i'j(0F;_[!kk_j}Yq<.4.k(DmKd=}lF#rK+=qE8g`$m@*lxzCA0P-Q/68rRPy4S
58
59
60
w0OVwuva\e"!KwPUZL,anJ|]i))HS^9K8N<`_j(Hf<iD<m5uhhWKM!5Q3X5!AMfIVc*hPcWcS*)n`W!dZAW(\kr0D(JuT11jNb_Vr8baC&j=vj"QwXr4_e>>m$4HNmG{j(6^?3ZB8ESIKTyCH^Q(ltEt.sR[axXL!)EZ>~lRECzo30MZ7}a$)Ax65Kq1^dw_l=T(WDs7N*A5Sm*i'j(0F;_[!kk_j}Yq<.4.k(DmKd=}lF#rK+=qE8g`$m@*lxzCA0P-Q/68rRPy4S
61
62
w0OVwuva\e"!KwPUZL,anJ|]i))HS^9K8N<`_jHHf<iD<m5uhhWKM!5Q3X5!AMfIVc*hPcWcS*)n`W!dZAW(\kr0D(JuT11jNb_Vr8baC&j=vj"QwXr4_e>>m$4HNmG{j(6^?3ZB8ESIKTyCH^Q(ltEt.sR[axXL!)EZ>~lRECzo30MZ7}a$)Ax65Kq1^dw_l=T(WDs7N*A5Sm*i'j(0F;_[!kk_j}Yq<.4.k(DmKd=}lF#rK+=qE8g`$m@*lxzCA0P-Q/68rRPy4S
63
64
w0OVwuva\e"!KwPUZL,anJ|]i))HS^9K8N<`_jHHf<iD<m5uhhWKM!5Q3X5!AMfIVc*hPcWcS*)n`W!dZAW(\kr0D(JuT11jNb_Vr8baC&j0vj"QwXr4_e>>m$4HNmG{j(6^?3ZB8ESIKTyCH^Q(ltEt.sR[axXL!)EZ>~lRECzo30MZ7}a$)Ax65Kq1^dw_l=T(WDs7N*A5Sm*i'j(0F;_[!kk_j}Yq<.4.k(DmKd=}lF#rK+=qE8g`$m@*lxzCA0P-Q/68rRPy4S
65
66
w0OVwuva\e"!KwPUZ-,anJ|]i))HS^9K8N<`_jHHf<iD<m5uhhWKM!5Q3X5!AMfIVc*hPcWcS*)n`W!dZAW(\kr0D(JuT11jNb_Vr8baC&j0vj"QwXr4_e>>m$4HNmG{j(6^?3ZB8ESIKTyCH^Q(ltEt.sR[axXL!)EZ>~lRECzo30MZ7}a$)Ax65Kq1^dw_l=T(WDs7N*A5Sm*i'j(0F;_[!kk_j}Yq<.4.k(DmKd=}lF#rK+=qE8g`$m@*lxzCA0P-Q/68rRPy4S
67
68
w0OVwuva\e"!KwPUZ-,anJ|]i))HS^9K8N<`_xHHf<iD<m5uhhWKM!5Q3X5!AMfIVc*hPcWcS*)n`W!dZAW(\kr0D(JuT11jNb_Vr8baC&j0vj"QwXr4_e>>m$4HNmG{j(6^?3ZB8ESIKTyCH^Q(ltEt.sR[axXL!)EZ>~lRECzo30MZ7}a$)Ax65Kq1^dw_l=T(WDs7N*A5Sm*i'j(0F;_[!kk_j}Yq<.4.k(DmKd=}lF#rK+=qE8g`$m@*lxzCA0P-Q/68rRPy4S
69
70
71
w0OVw-va\e"!KwPUZ-,anJ|]i))H;^9K8N<`_xHHf<iD<m5uhhWKM!5Q3X5!AMfIVc*hPcWcS*)n`W!dZAW(\kr0D(JuT11jNb_Vr8baC&j0vj"QwXr4_e>>m$4HNmG{j(6^?3ZB8ESIKTyCH^Q(ltEt.sR[axXL!)EZ>~lRECzo30MZ7}a$)Ax65Kq1^dw_l=T(WDs7N*A5Sm*i'j(0F;_[!kk_j}Yq<.4.k(DmKd=}lF#rK+=qE8g`$m@*lxzCA0P-Q/68rRPy4S
72
73
w0OVw-va\e"!KwPUZ-,anJ|]i))H;^9K^N<`_xHHf<iD<m5uhhWKM!5Q3X5!AMfIVc*hPcWcS*)n`W!dZAW(\kr0D(JuT11jNb_Vr8baC&j0vj"QwXr4_e>>m$4HNmG{j(6^?3ZB8ESIKTyCH^Q(ltEt.sR[axXL!)EZ>~lRECzo30MZ7}a$)Ax65Kq1^dw_l=T(WDs7N*A5Sm*i'j(0F;_[!kk_j}Yq<.4.k(DmKd=}lF#rK+=qE8g`$m@*lxzCA0P-Q/68rRPy4S
74
75
w0OVw-va\e"!KwPUZ-,anJ|]i))H;^9K^N<`_xHHf<iD<m5uhhWKM!5Q3X5!GMfIVc*hPcWcS*)n`W!dZAW(\kr0D(JuT11jNb_Vr8baC&j0vj"QwXr4_e>>m$4HNmG{j(6^?3ZB8ESIKTyCH^Q(ltEt.sR[axXL!)EZ>~lRECzo30MZ7}a$)Ax65Kq1^dw_l=T(WDs7N*A5Sm*i'j(0F;_[!kk_j}Yq<.4.k(DmKd=}lF#rK+=qE8g`$m@*lxzCA0P-Q/68rRPy4S
76
77
78
79
80
81
w0OVw-va*e"!BwPUZ-,anJ|]i))H;^9K^N<`_xHHf<iD<m5uhhWKM!5Q3X5!GMfIVc$hPcWcS*)n`W!dZAWP\kr0D(JuT11jNb_Vr8baC&j0vj"QwXr4_e>>m$4HNmG{j(6^?3ZB8ESIKTyCH^Q(>tEt.sR[axXL!)EZ>~lRECzo30MZ7}a$)Ax65Kq1^dw_l=T(WDs7N*A5Sm*i'j(0F;_[!kk_j}Yq<.4.k(DmKd=}lF#rK+=qE8g`$m@*lxzCA0P-Q/68rRPy4S
82
83
84
85
w0OVw-va*e"5BwPUs-,anJ|]N))H;^9K^N<`_xHHf<iD<m5uhhWKM!5Q3X5!GMfIVc$hPcWcS*)n`W!dZAWP\kr0D(JuT11jNb_Vr8baC&j0vj"QwXr4_e>>m$4HNmG{j(6^?3ZB8ESIKTyCH^Q(>tEt.sR[axXL!)EZ>~lRECzo30MZ7}a$)Ax65Kq1^dw_l=T(WDs7N*A5Sm*i'j(0F;_[!kk_j}Yq<.4.k(DmKd=}lF#rK+=qE8g`$m@*lxzCA0P-Q/68rRPy4S
86
87
w0OVw-va*e"5BwPUs-,anJ|]N))H;^9K^N<`_xHHf<iD<m5uhhWKM!5Q3X5!GMfIVcWhPcWcS*)n`W!dZAWP\kr0D(JuT11jNb_Vr8baC&j0vj"QwXr4_e>>m$4HNmG{j(6^?3ZB8ESIKTyCH^Q(>tEt.sR[axXL!)EZ>~lRECzo30MZ7}a$)Ax65Kq1^dw_l=T(WDs7N*A5Sm*i'j(0F;_[!kk_j}Yq<.4.k(DmKd=}lF#rK+=qE8g`$m@*lxzCA0P-Q/68rRPy4S
88
89
90
91
92
93
94
wxOVwY8a*e"5BwPUs-,anJ|]N))H;^9K^N<`AxHHf<iD<m5uhhWKM!5Q3X5!GMfIVcWhPcWcS*)n`W!LZAWP\kr0D(JuT11jNb_Vr8baC&j0vj"QwXr4_e>>m$4HNmG{j(6^?3ZB8ESIKTyCH^Q(>tEt.sR[axXL!)EZ>~lRECzo30MZ7}a$)Ax65Kq1^|w_l=T(WDs7N*A5Sm*i'j(0F;_[!kk_j}Yq<.4.k(DmKd=}lF#rK+=qE8g`$m@*lxzCA0P-Q/68rRPy4S
95
96
97
wxOVwY8a*e"5BwPUs-,anJ|KN))H;^9K^N<`AxHHf<iD<m5uhhWKM!5Q3X5!GMfIVYWhPcWcS*)n`W!LZAWP\kr0D(JuT11jNb_Vr8baC&j0vj"QwXr4_e>>m$4HNmG{j(6^?3ZB8ESIKTyCH^Q(>tEt.sR[axXL!)EZ>~lRECzo30MZ7}a$)Ax65Kq1^|w_l=T(WDs7N*A5Sm*i'j(0F;_[!kk_j}Yq<.4.k(DmKd=}lF#rK+=qE8g`$m@*lxzCA0P-Q/68rRPy4S
98
99
wxOVwY8a*e"5BwPUs-,anJ|KN))H;^9K^N<QAxHHf<iD<m5uhhWKM!5Q3X5!GMfIVYWhPcWcS*)n`W!LZAWP\kr0D(JuT11jNb_Vr8baC&j0vj"QwXr4_e>>m$4HNmG{j(6^?3ZB8ESIKTyCH^Q(>tEt.sR[axXL!)EZ>~lRECzo30MZ7}a$)Ax65Kq1^|w_l=T(WDs7N*A5Sm*i'j(0F;_[!kk_j}Yq<.4.k(DmKd=}lF#rK+=qE8g`$m@*lxzCA0P-Q/68rRPy4S
100
101
102
wxOVwY8a*e"5Bw;Us-,anJ|KN))H;^9K^N<GAxHHf<iD<m5uhhWKM!5Q3X5!GMfIVYWhPcWcS*)n`W!LZAWP\kr0D(JuT11jNb_Vr8baC&j0vj"QwXr4_e>>m$4HNmG{j(6^?3ZB8ESIKTyCH^Q(>tEt.sR[axXL!)EZ>~lRECzo30MZ7}a$)Ax65Kq1^|w_l=T(WDs7N*A5Sm*i'j(0F;_[!kk_j}Yq<.4.k(DmKd=}lF#rK+=qE8g`$m@*lxzCA0P-Q/68rRPy4S
103
104
wxOVwY8a*e"5Bw;Us-,anJ|K:))H;^9K^N<GAxHHf<iD<m5uhhWKM!5Q3X5!GMfIVYWhPcWcS*)n`W!LZAWP\kr0D(JuT11jNb_Vr8baC&j0vj"QwXr4_e>>m$4HNmG{j(6^?3ZB8ESIKTyCH^Q(>tEt.sR[axXL!)EZ>~lRECzo30MZ7}a$)Ax65Kq1^|w_l=T(WDs7N*A5Sm*i'j(0F;_[!kk_j}Yq<.4.k(DmKd=}lF#rK+=qE8g`$m@*lxzCA0P-Q/68rRPy4S
105
106
wxOVwY8a*e"5Bw;Us-,anJ|K:))H;^9K^N<GAxHHf<iD<m5uhhWKM!5Q3X5!GMfIVYWhWcWcS*)n`W!LZAWP\kr0D(JuT11jNb_Vr8baC&j0vj"QwXr4_e>>m$4HNmG{j(6^?3ZB8ESIKTyCH^Q(>tEt.sR[axXL!)EZ>~lRECzo30MZ7}a$)Ax65Kq1^|w_l=T(WDs7N*A5Sm*i'j(0F;_[!kk_j}Yq<.4.k(DmKd=}lF#rK+=qE8g`$m@*lxzCA0P-Q/68rRPy4S
107
108
109
110
wxOVwY8a*e"5Bw;Us-,anJ|K:E)H;^9K^N<GAxHHf<iD<m5uhhWKM!5Q3X5!GMfIVYWhWcWcS*)n`W!LZAWP\k_0D(JuT~1jNb_Vr8baC&j0vj"QwXr4_e>>m$4HNmG{j(6^?3ZB8ESIKTyCH^Q(>tEt.sR[axXL!)EZ>~lRECzo30MZ7}a$)Ax65Kq1^|w_l=T(WDs7N*A5Sm*i'j(0F;_[!kk_j}Yq<.4.k(DmKd=}lF#rK+=qE8g`$m@*lxzCA0P-Q/68rRPy4S
111
112
113
wvOVwY8a*e"5Bw;Us-,anJ|K:E)H;^9K^N<GAxHHf<iD<m5uhhWKM!5Q3X5!GMfIVYWhWcWcS*)n`W!LZAWP\k_0D(JuT~1jNb_V58baC&j0vj"QwXr4_e>>m$4HNmG{j(6^?3ZB8ESIKTyCH^Q(>tEt.sR[axXL!)EZ>~lRECzo30MZ7}a$)Ax65Kq1^|w_l=T(WDs7N*A5Sm*i'j(0F;_[!kk_j}Yq<.4.k(DmKd=}lF#rK+=qE8g`$m@*lxzCA0P-Q/68rRPy4S
114
115
116
wvOVwY8a*e"5Bw;Us-,anJ|K:E)H;^9K^N<GAxHHf<iD<m5uhhWKM!5Q3X5!GMfIVYWhWcWcS*)n`W!LZAWP\L_0D(JuT~1jNb_V58baC&j0vj"QwX:4_e>>m$4HNmG{j(6^?3ZB8ESIKTyCH^Q(>tEt.sR[axXL!)EZ>~lRECzo30MZ7}a$)Ax65Kq1^|w_l=T(WDs7N*A5Sm*i'j(0F;_[!kk_j}Yq<.4.k(DmKd=}lF#rK+=qE8g`$m@*lxzCA0P-Q/68rRPy4S
117
118
119
wvOVwY8a*e"5Bw;Us-,anJ|K:I)H;^9K^N<GAxHHf<iD<m5uhhWKM!5Q3X5!GMfIVYWhWcWcS*)n`W!LZAWP\L_0D(JuT~1jNb_V58baC&j0vj"QwX:4_e>>m$4HNmG{j(6^?3ZB8ESIKTyCH^Q(>tEt.sR[axXL!)EZ>~xRECzo30MZ7}a$)Ax65Kq1^|w_l=T(WDs7N*A5Sm*i'j(0F;_[!kk_j}Yq<.4.k(DmKd=}lF#rK+=qE8g`$m@*lxzCA0P-Q/68rRPy4S
120
121
wvOVwY8a*e"5Bw;Us-,anJ|K:I)H;^9K^N<GAxHHf<iD<m5uhhWKM!5Q3X5!GMfIVYWhWcWcS*)n`W!LZAWP\L_0D(JuT~1jNb_V58baC&j0vj"QwX:4_e>>m$4HNmG{j(6^?3ZB8ESIKTyCH^Q(>tEt.sR[axXL!)EZ>~xRECzo30MZ7}a$)Ax65Kq1^|w_3=T(WDs7N*A5Sm*i'j(0F;_[!kk_j}Yq<.4.k(DmKd=}lF#rK+=qE8g`$m@*lxzCA0P