wS6Vwuvahe"*KwPUZLTanJ|Bi))HS^9K3N<E_4(HxCkD<=5uhhWrMo5Q3X5!7MfIz#*tP1>cS*)n`W!dZqW({kr0D(JuT1YjNb_}r8ba\&j=vj"QwXrs_e>>m$4BNmG{j(6^?3Zz8ESIKTyCHlQ(loEt.sR[axXL!)EZ;~oRECzo30MZ7}a$)Ax65Kq1^dw_l=T(WDs7#*A5Sm*i'j(0F;_[!kk_j}Yq<.4.k(DmKd=}lF#rK+=qE8g`$m@*lxzCA0P-Q/68rRPy4S
wS6Vwuvahe"*KwPUZLTanJ|Bi))HS^9K3N<E_4(HxCkD<=5uhhWrMo5Q3X5!7MfIz#*tP1>cS*)n`W!dZqW({kr0D(JuT1YjNb_}r8ba\&j=vj"QwXrs_e>>m$4BNmG{j(6^?3Zz8ESIKTyCH^Q(loEt.sR[axXL!)EZ;~oRECzo30MZ7}a$)Ax65Kq1^dw_l=T(WDs7#*A5Sm*i'j(0F;_[!kk_j}Yq<.4.k(DmKd=}lF#rK+=qE8g`$m@*lxzCA0P-Q/68rRPy4S
wS6Vwuvahe"*KwPUZLTanJ|Wi))HS^9K3N<E_4(HxCkD<=5uhhWrMo5Q3X5!7MfIz#*tP1>cS*)n`W!dZqW({kr0D(JuT1YjNb_}r8ba\&j=vj"QwXrs_e>>m$4BNmG{j(6^?3Zz8ESIKTyCH^Q(loEt.sR[axXL!)EZ;~oRECzo30MZ7}a$)Ax65Kq1^dw_l=T(WDs7#*A5Sm*i'j(0F;_[!kk_j}Yq<.4.k(DmKd=}lF#rK+=qE8g`$m@*lxzCA0P-Q/68rRPy4S
w56Vwuvahe"*KwPUZLTanJ|Wi))HS^9K3N<E_4(HxCkD<=5uhhWrMo5Q3X5!7MfIz#*tP1>cS*)n`W!dZqW({kr0D(JuT1YjNb_}r8ba\&j=vj"QwXrs_e>>m$4BNmG{j(6^?3Zz8ESIKTyCH^Q(loEt.sR[axXL!)EZ;~oRECzo30MZ7}a$)Ax65Kq1^dw_l=T(WDs7#*A5Sm*i'j(0F;_[!kk_j}Yq<.4.k(DmKd=}lF#rK+=qE8g`$m@*lxzCA0P-Q/68rRPy4S
w56Vwuvahe"*KwPUZLTanJ|Wi))HS^9K3N<E_4(HxCkD<=5uhhWrMo5Q3X5!7MfIz#*tP1>cS*)n`W!dZqW({kr0D(JuT1YjNb_}r8ba\&j=vj"QwXrs_e>>m$4HNmG{j(6^?3Zz8ESIKTyCH^Q(loEt.sR[axXL!)EZ;~oRECzo30MZ7}a$)Ax65Kq1^dw_l=T(WDs7#*A5Sm*i'j(0F;_[!kk_j}Yq<.4.k(DmKd=}lF#rK+=qE8g`$m@*lxzCA0P-Q/68rRPy4S
w5OVwuvahe"*KwPUZL,anJ|Wi))HS^9K3N<E_4(HxCkD<=5uhhWrMo5Q3X5!7MfIz#*tP1>cS*)n`W!dZqW({kr0D(JuT1YjNb_}r8ba\&j=vj"QwXrs_e>>m$4HNmG{j(6^?3Zz8ESIKTyCH^Q(loEt.sR[axXL!)EZ;~oRECzo30MZ7}a$)Ax65Kq1^dw_l=T(WDs7#*A5Sm*i'j(0F;_[!kk_j}Yq<.4.k(DmKd=}lF#rK+=qE8g`$m@*lxzCA0P-Q/68rRPy4S
L,anJ|]i))HS^9K8N<`_j(Hf<iD<m5uhhWKM!5Q3X5!AMfIVc*hPcWcS*)n`W!dZAW(\kr0D(JuT1YjNb_Vr8baC&j=vj"QwXr4_e>>m$4HNmG{j(6^?3ZB8ESIKTyCH^Q(ltEt.sR[axXL!)EZ>~oRECzo30MZ7}a$)Ax65Kq1^dw_l=T(WDs7#*A5Sm*i'j(0F;_[!kk_j}Yq<.4.k(DmKd=}lF#rK+=qE8g`$m@*lxzCA0P-Q/68rRPy4S
w5OVwuva\e"*KwPUZL,anJ|]i))HS^9K8N<`_j(Hf<iD<m5uhhWKM!5Q3X5!AMfIVc*hPcWcS*)n`W!dZAW(\kr0D(JuT11jNb_Vr8baC&j=vj"QwXr4_e>>m$4HNmG{j(6^?3ZB8ESIKTyCH^Q(ltEt.sR[axXL!)EZ>~lRECzo30MZ7}a$)Ax65Kq1^dw_l=T(WDs7N*A5Sm*i'j(0F;_[!kk_j}Yq<.4.k(DmKd=}lF#rK+=qE8g`$m@*lxzCA0P-Q/68rRPy4S
w0OVwuva\e"!KwPUZL,anJ|]i))HS^9K8N<`_j(Hf<iD<m5uhhWKM!5Q3X5!AMfIVc*hPcWcS*)n`W!dZAW(\kr0D(JuT11jNb_Vr8baC&j=vj"QwXr4_e>>m$4HNmG{j(6^?3ZB8ESIKTyCH^Q(ltEt.sR[axXL!)EZ>~lRECzo30MZ7}a$)Ax65Kq1^dw_l=T(WDs7N*A5Sm*i'j(0F;_[!kk_j}Yq<.4.k(DmKd=}lF#rK+=qE8g`$m@*lxzCA0P-Q/68rRPy4S
w0OVwuva\e"!KwPUZL,anJ|]i))HS^9K8N<`_jHHf<iD<m5uhhWKM!5Q3X5!AMfIVc*hPcWcS*)n`W!dZAW(\kr0D(JuT11jNb_Vr8baC&j=vj"QwXr4_e>>m$4HNmG{j(6^?3ZB8ESIKTyCH^Q(ltEt.sR[axXL!)EZ>~lRECzo30MZ7}a$)Ax65Kq1^dw_l=T(WDs7N*A5Sm*i'j(0F;_[!kk_j}Yq<.4.k(DmKd=}lF#rK+=qE8g`$m@*lxzCA0P-Q/68rRPy4S
w0OVwuva\e"!KwPUZL,anJ|]i))HS^9K8N<`_jHHf<iD<m5uhhWKM!5Q3X5!AMfIVc*hPcWcS*)n`W!dZAW(\kr0D(JuT11jNb_Vr8baC&j0vj"QwXr4_e>>m$4HNmG{j(6^?3ZB8ESIKTyCH^Q(ltEt.sR[axXL!)EZ>~lRECzo30MZ7}a$)Ax65Kq1^dw_l=T(WDs7N*A5Sm*i'j(0F;_[!kk_j}Yq<.4.k(DmKd=}lF#rK+=qE8g`$m@*lxzCA0P-Q/68rRPy4S
w0OVwuva\e"!KwPUZ-,anJ|]i))HS^9K8N<`_jHHf<iD<m5uhhWKM!5Q3X5!AMfIVc*hPcWcS*)n`W!dZAW(\kr0D(JuT11jNb_Vr8baC&j0vj"QwXr4_e>>m$4HNmG{j(6^?3ZB8ESIKTyCH^Q(ltEt.sR[axXL!)EZ>~lRECzo30MZ7}a$)Ax65Kq1^dw_l=T(WDs7N*A5Sm*i'j(0F;_[!kk_j}Yq<.4.k(DmKd=}lF#rK+=qE8g`$m@*lxzCA0P-Q/68rRPy4S
w0OVwuva\e"!KwPUZ-,anJ|]i))HS^9K8N<`_xHHf<iD<m5uhhWKM!5Q3X5!AMfIVc*hPcWcS*)n`W!dZAW(\kr0D(JuT11jNb_Vr8baC&j0vj"QwXr4_e>>m$4HNmG{j(6^?3ZB8ESIKTyCH^Q(ltEt.sR[axXL!)EZ>~lRECzo30MZ7}a$)Ax65Kq1^dw_l=T(WDs7N*A5Sm*i'j(0F;_[!kk_j}Yq<.4.k(DmKd=}lF#rK+=qE8g`$m@*lxzCA0P-Q/68rRPy4S
w0OVw-va\e"!KwPUZ-,anJ|]i))H;^9K8N<`_xHHf<iD<m5uhhWKM!5Q3X5!AMfIVc*hPcWcS*)n`W!dZAW(\kr0D(JuT11jNb_Vr8baC&j0vj"QwXr4_e>>m$4HNmG{j(6^?3ZB8ESIKTyCH^Q(ltEt.sR[axXL!)EZ>~lRECzo30MZ7}a$)Ax65Kq1^dw_l=T(WDs7N*A5Sm*i'j(0F;_[!kk_j}Yq<.4.k(DmKd=}lF#rK+=qE8g`$m@*lxzCA0P-Q/68rRPy4S
w0OVw-va\e"!KwPUZ-,anJ|]i))H;^9K^N<`_xHHf<iD<m5uhhWKM!5Q3X5!AMfIVc*hPcWcS*)n`W!dZAW(\kr0D(JuT11jNb_Vr8baC&j0vj"QwXr4_e>>m$4HNmG{j(6^?3ZB8ESIKTyCH^Q(ltEt.sR[axXL!)EZ>~lRECzo30MZ7}a$)Ax65Kq1^dw_l=T(WDs7N*A5Sm*i'j(0F;_[!kk_j}Yq<.4.k(DmKd=}lF#rK+=qE8g`$m@*lxzCA0P-Q/68rRPy4S
w0OVw-va\e"!KwPUZ-,anJ|]i))H;^9K^N<`_xHHf<iD<m5uhhWKM!5Q3X5!GMfIVc*hPcWcS*)n`W!dZAW(\kr0D(JuT11jNb_Vr8baC&j0vj"QwXr4_e>>m$4HNmG{j(6^?3ZB8ESIKTyCH^Q(ltEt.sR[axXL!)EZ>~lRECzo30MZ7}a$)Ax65Kq1^dw_l=T(WDs7N*A5Sm*i'j(0F;_[!kk_j}Yq<.4.k(DmKd=}lF#rK+=qE8g`$m@*lxzCA0P-Q/68rRPy4S
w0OVw-va*e"!BwPUZ-,anJ|]i))H;^9K^N<`_xHHf<iD<m5uhhWKM!5Q3X5!GMfIVc$hPcWcS*)n`W!dZAWP\kr0D(JuT11jNb_Vr8baC&j0vj"QwXr4_e>>m$4HNmG{j(6^?3ZB8ESIKTyCH^Q(>tEt.sR[axXL!)EZ>~lRECzo30MZ7}a$)Ax65Kq1^dw_l=T(WDs7N*A5Sm*i'j(0F;_[!kk_j}Yq<.4.k(DmKd=}lF#rK+=qE8g`$m@*lxzCA0P-Q/68rRPy4S
w0OVw-va*e"5BwPUs-,anJ|]N))H;^9K^N<`_xHHf<iD<m5uhhWKM!5Q3X5!GMfIVc$hPcWcS*)n`W!dZAWP\kr0D(JuT11jNb_Vr8baC&j0vj"QwXr4_e>>m$4HNmG{j(6^?3ZB8ESIKTyCH^Q(>tEt.sR[axXL!)EZ>~lRECzo30MZ7}a$)Ax65Kq1^dw_l=T(WDs7N*A5Sm*i'j(0F;_[!kk_j}Yq<.4.k(DmKd=}lF#rK+=qE8g`$m@*lxzCA0P-Q/68rRPy4S
w0OVw-va*e"5BwPUs-,anJ|]N))H;^9K^N<`_xHHf<iD<m5uhhWKM!5Q3X5!GMfIVcWhPcWcS*)n`W!dZAWP\kr0D(JuT11jNb_Vr8baC&j0vj"QwXr4_e>>m$4HNmG{j(6^?3ZB8ESIKTyCH^Q(>tEt.sR[axXL!)EZ>~lRECzo30MZ7}a$)Ax65Kq1^dw_l=T(WDs7N*A5Sm*i'j(0F;_[!kk_j}Yq<.4.k(DmKd=}lF#rK+=qE8g`$m@*lxzCA0P-Q/68rRPy4S
wxOVwY8a*e"5BwPUs-,anJ|]N))H;^9K^N<`AxHHf<iD<m5uhhWKM!5Q3X5!GMfIVcWhPcWcS*)n`W!LZAWP\kr0D(JuT11jNb_Vr8baC&j0vj"QwXr4_e>>m$4HNmG{j(6^?3ZB8ESIKTyCH^Q(>tEt.sR[axXL!)EZ>~lRECzo30MZ7}a$)Ax65Kq1^|w_l=T(WDs7N*A5Sm*i'j(0F;_[!kk_j}Yq<.4.k(DmKd=}lF#rK+=qE8g`$m@*lxzCA0P-Q/68rRPy4S
wxOVwY8a*e"5BwPUs-,anJ|KN))H;^9K^N<`AxHHf<iD<m5uhhWKM!5Q3X5!GMfIVYWhPcWcS*)n`W!LZAWP\kr0D(JuT11jNb_Vr8baC&j0vj"QwXr4_e>>m$4HNmG{j(6^?3ZB8ESIKTyCH^Q(>tEt.sR[axXL!)EZ>~lRECzo30MZ7}a$)Ax65Kq1^|w_l=T(WDs7N*A5Sm*i'j(0F;_[!kk_j}Yq<.4.k(DmKd=}lF#rK+=qE8g`$m@*lxzCA0P-Q/68rRPy4S
wxOVwY8a*e"5BwPUs-,anJ|KN))H;^9K^N<QAxHHf<iD<m5uhhWKM!5Q3X5!GMfIVYWhPcWcS*)n`W!LZAWP\kr0D(JuT11jNb_Vr8baC&j0vj"QwXr4_e>>m$4HNmG{j(6^?3ZB8ESIKTyCH^Q(>tEt.sR[axXL!)EZ>~lRECzo30MZ7}a$)Ax65Kq1^|w_l=T(WDs7N*A5Sm*i'j(0F;_[!kk_j}Yq<.4.k(DmKd=}lF#rK+=qE8g`$m@*lxzCA0P-Q/68rRPy4S
wxOVwY8a*e"5Bw;Us-,anJ|KN))H;^9K^N<GAxHHf<iD<m5uhhWKM!5Q3X5!GMfIVYWhPcWcS*)n`W!LZAWP\kr0D(JuT11jNb_Vr8baC&j0vj"QwXr4_e>>m$4HNmG{j(6^?3ZB8ESIKTyCH^Q(>tEt.sR[axXL!)EZ>~lRECzo30MZ7}a$)Ax65Kq1^|w_l=T(WDs7N*A5Sm*i'j(0F;_[!kk_j}Yq<.4.k(DmKd=}lF#rK+=qE8g`$m@*lxzCA0P-Q/68rRPy4S
wxOVwY8a*e"5Bw;Us-,anJ|K:))H;^9K^N<GAxHHf<iD<m5uhhWKM!5Q3X5!GMfIVYWhPcWcS*)n`W!LZAWP\kr0D(JuT11jNb_Vr8baC&j0vj"QwXr4_e>>m$4HNmG{j(6^?3ZB8ESIKTyCH^Q(>tEt.sR[axXL!)EZ>~lRECzo30MZ7}a$)Ax65Kq1^|w_l=T(WDs7N*A5Sm*i'j(0F;_[!kk_j}Yq<.4.k(DmKd=}lF#rK+=qE8g`$m@*lxzCA0P-Q/68rRPy4S
wxOVwY8a*e"5Bw;Us-,anJ|K:))H;^9K^N<GAxHHf<iD<m5uhhWKM!5Q3X5!GMfIVYWhWcWcS*)n`W!LZAWP\kr0D(JuT11jNb_Vr8baC&j0vj"QwXr4_e>>m$4HNmG{j(6^?3ZB8ESIKTyCH^Q(>tEt.sR[axXL!)EZ>~lRECzo30MZ7}a$)Ax65Kq1^|w_l=T(WDs7N*A5Sm*i'j(0F;_[!kk_j}Yq<.4.k(DmKd=}lF#rK+=qE8g`$m@*lxzCA0P-Q/68rRPy4S
wxOVwY8a*e"5Bw;Us-,anJ|K:E)H;^9K^N<GAxHHf<iD<m5uhhWKM!5Q3X5!GMfIVYWhWcWcS*)n`W!LZAWP\k_0D(JuT~1jNb_Vr8baC&j0vj"QwXr4_e>>m$4HNmG{j(6^?3ZB8ESIKTyCH^Q(>tEt.sR[axXL!)EZ>~lRECzo30MZ7}a$)Ax65Kq1^|w_l=T(WDs7N*A5Sm*i'j(0F;_[!kk_j}Yq<.4.k(DmKd=}lF#rK+=qE8g`$m@*lxzCA0P-Q/68rRPy4S
wvOVwY8a*e"5Bw;Us-,anJ|K:E)H;^9K^N<GAxHHf<iD<m5uhhWKM!5Q3X5!GMfIVYWhWcWcS*)n`W!LZAWP\k_0D(JuT~1jNb_V58baC&j0vj"QwXr4_e>>m$4HNmG{j(6^?3ZB8ESIKTyCH^Q(>tEt.sR[axXL!)EZ>~lRECzo30MZ7}a$)Ax65Kq1^|w_l=T(WDs7N*A5Sm*i'j(0F;_[!kk_j}Yq<.4.k(DmKd=}lF#rK+=qE8g`$m@*lxzCA0P-Q/68rRPy4S
wvOVwY8a*e"5Bw;Us-,anJ|K:E)H;^9K^N<GAxHHf<iD<m5uhhWKM!5Q3X5!GMfIVYWhWcWcS*)n`W!LZAWP\L_0D(JuT~1jNb_V58baC&j0vj"QwX:4_e>>m$4HNmG{j(6^?3ZB8ESIKTyCH^Q(>tEt.sR[axXL!)EZ>~lRECzo30MZ7}a$)Ax65Kq1^|w_l=T(WDs7N*A5Sm*i'j(0F;_[!kk_j}Yq<.4.k(DmKd=}lF#rK+=qE8g`$m@*lxzCA0P-Q/68rRPy4S
wvOVwY8a*e"5Bw;Us-,anJ|K:I)H;^9K^N<GAxHHf<iD<m5uhhWKM!5Q3X5!GMfIVYWhWcWcS*)n`W!LZAWP\L_0D(JuT~1jNb_V58baC&j0vj"QwX:4_e>>m$4HNmG{j(6^?3ZB8ESIKTyCH^Q(>tEt.sR[axXL!)EZ>~xRECzo30MZ7}a$)Ax65Kq1^|w_l=T(WDs7N*A5Sm*i'j(0F;_[!kk_j}Yq<.4.k(DmKd=}lF#rK+=qE8g`$m@*lxzCA0P-Q/68rRPy4S
wvOVwY8a*e"5Bw;Us-,anJ|K:I)H;^9K^N<GAxHHf<iD<m5uhhWKM!5Q3X5!GMfIVYWhWcWcS*)n`W!LZAWP\L_0D(JuT~1jNb_V58baC&j0vj"QwX:4_e>>m$4HNmG{j(6^?3ZB8ESIKTyCH^Q(>tEt.sR[axXL!)EZ>~xRECzo30MZ7}a$)Ax65Kq1^|w_3=T(WDs7N*A5Sm*i'j(0F;_[!kk_j}Yq<.4.k(DmKd=}lF#rK+=qE8g`$m@*lxzCA0P-Q/68rRPy4S
wvOVwY8a*e"5Bw;Us-,anJ|K:I)H;^9K^N<GAxHHf<iD<m5uhhWKMv5Q3X5!GMfIVYWhWcWcS*)n`W!!ZAWP\L_0D(JuT~1jNb_V58baC&j0vj"QwX:4_e>>m$4HNmG{j(6^?3ZB8ESIKTyCH^Q(>tEt.sR[axXL!)EZ>~xRECzo30MZ7}a$)Ax65Kq1^|w_3=T(WDs7N*A5Sm*i'j(0F;_[!kk_j}Yq<.4.k(DmKd=}lF#rK+=qE8g`$m@*lxzCA0P-Q/68rRPy4S
wvOVwY8a*/"5Bw;Us-,anJ|K:I)F;^9K^N<4AxHHf<iD<m5uhhWKMv5Q3X5!GMfIVYWhWcWcS*)n`W!!ZAWP\L_0D(JuT~1jNb_V58baC&j0vj"QwX:4_e>>m$4HNmG{j(6^?3ZB8ESIKTyCH^Q(>tEt.sR[axXL!)EZ>~xRECzo30MZ7}a$)Ax65Kq1^|w_3=T(WDs7N*A5Sm*i'j(0F;_[!kk_j}Yq<.4.k(DmKd=}lF#rK+=qE8g`$m@*lxzCA0P-Q/68rRPy4S
wvOVwY8a*/"5Bw;Uu-,anJ|K:I)F;^9K^N<4AxHHf<iD<m5uhhWKMv5Q3X5!GMfIVYWhWcWcS*)n:W!!ZAWP\L_0D(JuT~1jNb_V58baC&j0vj"QwX:4_e>>m$4HNmG{j(6^?3ZB8ESIKTyCH^Q(>tEt.sR[axXL!)EZ>~xRECzo30MZ7}a$)Ax65Kq1^|w_3=T(WDs7N*A5Sm*i'j(0F;_[!kk_j}Yq<.4.k(DmKd=}lF#rK+=qE8g`$m@*lxzCA0P-Q/68rRPy4S
wvOVwY.a*/"5Bw;Uu-,anJ|K:I)F;^9K^N<4AxHHf<iD<m5uhhWKMv5Q3X5!GMfIVYWhWcWcS*)n:W!!ZAWP\L_0D(JuT~1jNb_V58baC&j0vj"QwX:4_e>>m$4HNmG{j(6^?3ZB8ESIKTyCH^Q(>tEt.sR[axXL!)EZ>~xRECzo30MZ7}a$)Ax65Kq1^|w_3=T(WDs7N*A5Sm*i'j(0F;_[!kk_j}Yq<.4.k(DmKd=}lF#rK+=qE8g`$m@*lxzCA0P-Q/68rRPy4S
wvOVwY!a*/"5Bw;U9-,anJ|K:I)F;^9K^N<4AxHHf<iD<m5uThLKMv5Q3X5!GMfIVYWhWcWcS*)n:W!!ZAWP\Ll0D(JuT~1jNb_V58baC&j0vj"QwX:4_e>>m$4HNmG{j(6^?3ZB8ESIKTyCH^Q(>tEt.sR[axXL!)EZ>~xRECzo30MZ7}a$)Ax65Kq1^|w_3=T(WDs7N*A5Sm*i'j(0F;_[!kk_j}Yq<.4.k(DmKd=}lF#rK+=qE8g`$m@*lxzCA0P-Q/68rRPy4S
wvOVwY!a*/"5Bw;U9-,anJ|K:I)r;^9K^N<4AxHHf<iD<m5uThLKMv5Q3X5!GMfIVYWhWcWcS*)n:W!!ZAWP\Ll0D(JuT~1jNb_V58baC&j0vj"QwX:4_e>>m$4HNmG{j(6^?3ZB8ESIKTyCH^Q(>tEt.sR[axXL!)EZ>~xRECzo30MZ7}a$)Ax65KS1^|w_3=T(WDs7N*A5Sm*i'j(0F;_[!kk_j}Yq<.4.k(DmKd=}lF#rK+=qE8g`$m@*lxzCA0P-Q/68rRPy4S
w?OVwY!a*/"5Bw;U9-,anJ|K:I)r;^9K^N<4AxHHf<iD<m5uThLKMv5Q3X5!GMfIVYWhWcWcS*)n:W!!ZAWP\LlrD(JuT~1jNb_V58baC&j0vj"QwX:4_e>>m$4HNmG{j(6^?3ZB8ESIKTyCH^Q(>tEt.sR[axXL!)EZ>~xRECzo30MZ7}a$)Ax65KS1^|w_3=T(WDs7N*A5Sm*i'j(0F;_[!kk_j}YX<.4.k(DmKd=}lF#rK+=qE8g`$m@*lxzCA0P-Q/68rRPy4S
w?OVwY!a*/"5Bw;U9-,anJ|K:I)r;^9K^N<4AxHHf<iD<m5uThLKMv5Q1X5!GMfIVYWhWcWcS*)n:W!!ZAWP\LlrD(JuT~1jNb_V58baC&j0vj"QwX:4_e>>m$4HNmG{j(6^?3ZB8ESIKTyCH^Q(>tEt.sR[axXL!)EZ>~xRECzo30MZ7}a$)Ax65KS1^|w_3=T(WDs7N*A5Sm*i'j(0F;_[!kk_j}YX<.4.k(DmKd=}lF#rK+=qE8g`$m@*lxzCA0P-Q/68rRPy4S
w?OVwY!a*/"5Bw;U9-,anJ|K:I)r;^9K^N<4AxHHf<iD<m5uThLKMv5Q1v5!GMfIVYWhWcWcS*)n:W!!ZAWP\LlrD(JuT~1jNb_V58baC&j0vj"QwX:4_e>>m$4HNmG{j(6^?3ZB8ESIKTyCH^Q(>tEt.sR[axXL!)EZ>~xRECzo30MZ7}a$)Ax65KS1^|w_3=T(WDs7N*A5Sm*i'j(0F;_[!kk_j}YX<.4.k(DmKd=}lF#rK+=qE8g`$m@*lxzCA0P-Q/68rRPy4S
w?OVwY!a*/"5Bw;U9-,anJ|K:I)r;^9K^N<4AxHHf<iD<m5uThLKMv5Q1v5!GMfIVYWhWcWcS*)n:W!!0AWP\LlrD(JuT~1jNb_V58baC&j0vj"QwX:4_e>>m$4HNmG{j(6^?3ZB8ESIKTyCH^Q(>tEt.gR[axXL!)EZ>~xRECzo30MZ7}a$)Ax65KS1^|w_3=T(WDs7N*A5Sm*i'j(0F;_[!kk_j}YX<.4.k(DmKd=}lF#rK+=qE8g`$m@*lxzCA0P-Q/68rRPy4S
w?OVwY!a*/"zBw;U9-,anJ|K:I)r;^9K^N<4AxHHf<iD<m55ThLKMv5Q1v5!GMfIVYWhWcWcS*)n:W!!0AWP\LlrD(JuT~1jNb_V58baC&j0vj"QwX:4_e>>m$4HNmG{j(6^?3ZB8ESIKTyCH^Q(>tEt.gR[axXL!)EZ>~xRECzo30MZ7}a$)Ax65KS1^|w_3=T(WDs7N*A5Sm*i'j(0F;_[!kk_j}YX<.4.k(DmKd=}lF#rK+=qE8g`$m@*lxzCA0P-Q/68rRPy4S
w?OVwY!a*/"zBw;U9-,anJ|K:%)r;^9K^N<4Ax=Hf<iD<|55ThLKMv5Q1v5!GMfIVYJhWcWcS*)n:W!!%AWP\LlrD(JuT~1#Nb_V58baC&j0vj"QwX:4_e>>m$4HNmG{j(6^?3ZB8ESIKTyCH^Q(>tEt.gR[axXL!)EZ>~xRECzo30MZ7}a$)Ax65KS1^|w_3=T(WDs7N*A5Sm*i'j(0F;_[!kk_j}YX<.4.k(DmKd=}lF#rKU=qE8g`$m@*lxzCA0P-Q/68rRPy4S
w?OVwY!a*/"zBw;U9-,an3|K:%)r;^9K^N<4Ax=HK<iD<|55ThLKMv5Q1v5!GMfIVYJhWcWcS*)n:W!!%AWP\LlrD(JuT~1#Nb_V58baC&j0vj"QwX:4_e>>m$4HNmG{j(6^?3ZB8ESIKTyCH^Q(>tEt.gR[axXL!)EZ>~xRECzo30MZ7}a$)Ax65KS1^|w_3=T(WDs7N*A5Sm*i'j(0F;_[!kk_j}YX<.4.k(DmKd=}lF#rKU=qE8g`$m@*lxzCA0P-Q/68rRPy4S
w?OVwY!a*/"zBw;U9-,an3|K:%)r;^9K^N<4Ax=HK<iD<|55ThLKMv5Q1v5!GMfIVYJhWcWcS*)n:W!!%AWP\LlrD(JuT~1#Nb_V58baC&j0vj"QwX:4_e>>m$4HNmG{j(6^?3ZB8ESIKTyCH^Q(>NEt.gR[axXL!)EZ>~xRECzo30MZ7}a$)Ax65KS1^|w_3=T(WDs7N*A5Sm*i'j(0F;_[!kk_j}YX<.4.k(DmKd=}lF#rKU=qE8g`$m@*lxzCA0P-Q/68rRPy4S
w?OVwY!a*/"zBw;U9-,an3|K:%)r;^9K^N<4Ax=HK<iD<|55ThLKxv5Q1v5!GMfIVYJhWcWcS*)n:W!!%AWP\LlrD6JuT~1#Nb_V58baC&j0vj"QwX:4_e>>m$4HNmG{jg6^?3ZB8ESIKTyCH^Q(>NEt.gR[axXL!)EZ>~xRECzo30MZ7}a$)Ax65KS1^|w_3=T(WDs7N*A5Sm*i'j(0F;_[!kk_j}YX<.4.k(DmKd=}lF#rKU=qE8g`$m@*lxzCA0P-Q/68rRPy4S
_?OVwY!a*/"zBwVU9-,an3|K:%)r;^9K^@<4Ax=HK<iD<|55ThLKxv5Q1v5!GMfIVYJhWcWcS*)n:W!!%AWP\LlrD6JuT~1#Nb_V58baC&j0vj"QwX:4_e>>m$4HNmG{jg6^?3ZB8ESIKTyCH^Q(>NEt.gR[axXL!)EZ>~xRECzo30MZ7}a$)Ax65KS1^|w_3=T(WDs7N*A5Sm*i'j(0F;_[!kk_j}YX<.4.k(DmKd=}lF#rKU=qE8g`$m@*lxzCA0P-Q/68rRPy4S
_?OqwY!a*/"zBwVU9-,an3|K:%)r;^9K^@<4Ax=HK<iD<|55ThLKxv5p1v5!GMfIVYJhWcWcd*)n:W!!%AWP\LlrD6JuT~1#Nb_V58baC&j0vj"QwX:4_e>>m$4HNmG{jg6^?3ZB8ESIKTyCH^Q(>NEt.gR[axXL!)EZ>~xRECzo30MZ7}a$)Ax65KS1^|w_3=T(WDs7N*A5Sm*i'j(0F;_[!kk_j}YX<.4.k(DmKd=}lF#rKU=qE8g`$m@*lxzCA0P-Q/68rRPy4S
_?OqwY!a*/"zBwVU9-,an3|K:%)r;^9K^@<4Ax=HK<iD<|55ThLKxv5p1v5!GMfIVYJh$cWcd*)n:W!!%AWP\LlrD6JuT~1#Nb_V58baC&j0vj"QwX:4_e>>m$4HNmG{jg6^?3ZB8ESIKTyCH^Q(>NEt.gR[axXL!)EZ>~xRECzo30MZ7}a$)Ax65KS1^|w_3=T(WDs7N*A5Sm*i'j(0F;_[!kk_j}YX<.4.k(DmKd=}lF#rKU=qE8g`$m@*lxzCA0P-Q/68rRPy4S
_?Oq4Y!a*/"zBwVU9-,an3|K:%)r;^9K^@<4AxIHK<+D<|55ThLKxv5pEv5!GMfIVYJh$cWcd*)n:W!!%AWP\LlrD6JuT~1#Nb_V58baC&j0vj"QwX:4_e>>m$4HNmG{jg6^?3ZB8ESIKTyCH^Q(>NEt.gR[axXL!)EZ>~xRECzo30MZ7}a$)Ax65KS1^|w_3=T(WDs7N*A5Sm*i'j(0F;_[!kk_j}YX<.4.k(DmKd=}lF#rKU=qE8g`$m@*lxzCA0P-Q/68rRPy4S
_?Oq4Y!a*/"zBwVU9-,an3|K:%)r;^9K^@<4AxIHK<+D<|55ThLKxv5gEv5!GMfIVYJh$cWcd*)n:W!!%AWP\LlrD6JuT~1#Nb_V58baC&l0vj"QwX:4_e>>m$4HNmG{jg6^?3ZB8ESIKTyCH^Q(>NEt.gR[axXL!)EZ>~xRECzo30MZ7}a$)Ax65KS1^|w_3=T(WDs7N*A5Sm*i'j(0F;_[!kk_j}YX<.4.k(DmKd=}lF#rKU=qE8g`$m@*lxzCA0P-Q/68rRPy4S
l?Oq4Y!a*/"zBwVU9-,an3|K:%)r;^9K^@<4AxIHK<+D<|h5ThLKxv5.Ev5!GMfIVYJh$cWcd*)n:W!!%AWP\LlrD6JuT~1#Nb_V58baC&l0vj"QwX:4_e>>m$4HNmG{jg6^?3ZB8ESIKTyCH^Q(>NEt.gR[axXL!)EZ>~xRECzo30MZ7}a$)Ax65KS1^|w_3=T(WDs7N*A5Sm*i'j(0F;_[!kk_j}YX<.4.k(DmKd=}lF#rKU=qE8g`$m@*lxzCA0P-Q/68rRPy4S
l?Oq4Y!ag/"zBwVU9-,an3|K:%)r;^9K^@<4AxIHK<+D<|h5ThLKxv5.Ev5!GMfIVYJh$cWcd*)n:W!!%AWP\LlrD6JuT~1}Nb_V58baC&l0vj"QwX:4_e>>m$4HNmG{jg6^?3ZB8ESIKTyCH^Q(>NEt.gR[axXL!)EZ>~xRECzo30MZ7}a$)Ax65KS1^|w_3=T(WDs7N*A5Sm*i'j(0F;_[!kk_j}YX<.4.k(DmKd=}lF#rKU=qE8g`$m@*lxzCA0P-Q/68rRPy4S
c?Oq4Y!ag/"zBwVU9-,an3|K:%)r;^9K^@<4AxIHK<+D<|h5ThLKxv5.Ev5!GMfIVYJh$cWcd*)n:W!!%AWP\LOrD6JuT~1}Nb_V58baC&l0vj"QwX:4_a>>m$4HNmG{jg6^?3ZB8ESIKTyCH^Q(>NEt.gR[axXL!)EZ>~xRECzo30MZ7}a$)Ax65KS1^|w_3=T(WDs7N*A5Sm*i'j(0F;_[!kk_j}YX<.4.k(DmKd=}lF#rKU=qE8g`$m@*lxzCA0P-Q/68rRPy4S
c?Oq4Y!ag/"zBwVU9-,an3|K:%)r;^9K^@<4AxJHK<+D<|h5ThLKxv5.Ev5!GMfIVYJh$cWcd*)n:W!!%AWP\LOrD6JuT~1}Nb_V58baC&l0vj"QwX:4_a>>m$4HNmG{jg6^?3ZB8ESIKTyCH^Q(>NEt.gR[axXL!)EZ>~xRECzo30MZ7}a$)Ax65KS1^|w_3=T(WDs7N*A5Sm*i'j(0F;_[!kk_j}YX<.4.k(DmKd=}lF#rKU=qE8g`$m@*lxzCA0P-Q/68rRPy4S
c?Oq4Y!ag/"zBwVU9-,an3|Ki%)r;^9K^@<4AxJHK<+D<|h5ThLKxv5.{v5!GMfIVYJh$cWcd*)n:W!!%AWP\LOrD6JuT~1)Yb_V58baC&l0vs"QwX:4_a>>m$4HNmG{jg6^?3ZB8ESIKTyCH^Q(>NEt.gR[axXL!)EZ>~xRECzo30MZ7}a$)Ax65KS1^|w_3=T(WDs7N*A5Sm*i'j(0F;_[!kk_j}YX<.4.k(DmKd=}lF#rKU=qE8g`$m@*lxzCA0P-Q/68rRPy4S
c?OqYY!ag/"zBwVU9-,an3|Ki%)3;^9K^@<4AxJHK<+D<|h5ThLKxv5.{v5!GMfIVYJh$cWcd*)n:W!!%AWP\LOrD6JuT~1)Yb_V5cbaC&l0vs"QwX:4_a>>m$4HNmG{jg6^?3ZB8ESIKTyCH^Q(>NEt.gu[axXL!)EZ>~xRECzo30MZ7}a$)Ax65KS1^|w_3=T(WDs7N*A5Sm*i'j(0F;_[!kk_j}YX<.4.k(DmKd=}lF#rKU=qE8g`$m@*lxzCA0P-Q/68rRPy4S
c?OqYYQag/"zBwVU9-,an3|Ki%)3;^9K^@<tAxJHK<+D<|h5ThLKxv5.{v5!GMfIVYJh$cWcd*)n:W!!%AWP\LOrD6JuT~1)Yb_V5cbaC&l0vs"QwX:4_a>>m$4HNmG{jg6^?3ZB8ESIKTyCH^Q(>NEt.gu[axXL!)EZ>~xRECzo30MZ7}a$)Ax65KS1^|w_3=T(WDs7N*A5Sm*i'j(0F;_[!kk_j}YX<.4.k(DmKd=}lF#rKU=qE8g`$m@*lxzCA0P-Q/68rRPy4S
c?OqYYQag/"zBwVU9-,an3|Ki%)3;^9K^@<tAxJHK<+D<|h5ThLKxv5.Tv5!GMfIVYJh$cWcd*)n:W!!%AWP\LOrD6JuT~1)Yb_V5cbaC&l0vs"QwX:4_a>>m$4HNmG{jg6^?3ZB8ESIKTyCH^Q(>NEt.gu[axXL!)EZ>~xRECzo30MZ7}a$)Ax65KS1^|w_3=T(WDs7N*A5Sm*i'j(0F;_[!kk_j}YX<.4.k(DmKd=}lF#rKU=qE8g`$m@*lxzCA0P-Q/68rRPy4S
c?OqYYQagP"zBwVU9-,an3|Ki%)3;^9K^@<tAxJHK<+D<|h5mhLKxv5.Tv5!GMfIVYJh$cWcd*)n:W!!%AWP\LOrD6JmT~1)Yb_V5cbaC&l0vs"QwX:4_a>>m$4HNmG{jg6^?3ZB8ESIKTyCH^Q(>NEt.gu[axXL!)EZ>~xRECzo30MZ7}a$)Ax65KS1^|w_3=T(WDs7N*A5Sm*i'j(0F;_[!kk_j}YX<.4.k(DmKd=}lF#rKU=qE8g`$m@*lxzCA0P-Q/68rRPy4S
c?OqYYQagP"zBTVU9),anP|Ki%)3;^9K^@<tAxJHK<+D<|h5mhLKxv5.Tv5!GMfIVYJh$cWcd*)n:W!!%AWP\LO}D6JmT~1)Yb_V5cbaC&l0vs"QwX:4_a>>m$4HomG{jg6^?3ZB8ESIKTyCH^Q(>NEt.gu[axXL!)EZ>~xRECzo30MZ7}a$)Ax65KS1^|w_3=T(WDs7N*A5Sm*i'j(0F;_[!kk_j}YX<.4.k(DmKd=}lF#rKU=qE8g`$m@*lxzCA0P-Q/68rRPy4S
c?OqYYQagP"zBTVU9),anP|Ki%)3;^9K^@<tAxJHK<+D<|h5mhLKxv5.Tv5!GMfIVYJh$cWcd*)n:W!!%AWP\LO}D6JmT~1)Yb_V5cbaC&l0vs"QwX:B_a>>m$4HomGc@g6^?3ZB8ESIKTyCH^Q(>NEt.gu[axXL!)EZ>~xRECzo30MZ7}a$)Ax65KS1^|w_3=T(WDs7N*A5Sm*i'j(0F;_[!kk_j}YX<.4.k(DmKd=}lF#rKU=qE8g`$m@*lxzCA0P-Q/68rRPy4S
c?sqYYQagP"zBTVU9),anP|Ki%)3;^9K^@<tAxJHK<+D<|h5mhLKxv5.Tv5!GMfIVYJh$cWcd*)n:W!!%AWP\LO}D6JmT~1)Yb_V5cbaC&l0vs"QwX:B_a>>m$4HomGc@g6^?3ZB8ESIKTyCH^Q(>NEt.gu[axXL!)EZ>~xRECzo30MZ7}a$)Ax65KS1^|w_3=T(WDs7N*A5Sm*i'j(0F;_[!kk_j}YX<.4.k(DmKd=}lF#rKU=qE8g`$m@*lxzCA0P-Q/68rRPy4S
c?sqYYQagP"zBTVU9),anP|Ki%)3;^9K^@<tAxJHK<+D<|h5mhLKxv5.Tv5!GMfIVYJh$cWcd*)n:W!!%AWP\LO}D6JmT~1)Yb_V5cbaC&l0vs"QwX:B_a>>m$4HomGc@g6^?3ZB8ESIKTyCH^Q(>NEt.gu[axXL!)EZ>~xRECzo30MZ7}a$)Ax65KS1^|w_3=T(WDs7N*A5Sm*i'j(0F;_[!kk_j}YX<.4.k(DmKd=}lF#)KU=qE8g`$m@*lxzCA0P-Q/68rRPy4S
c?sqYYQagP"zBTVU9),anP|Ki%)3;^9K^@<tAxJHK<+D<|h5mhLKxv5.Tv5!GMfIVYJh$cWcd*)n:W!!%AWP\LO}D6JmT~1)Yb_V5cbaC&l0vs"QwX:B_a>>m$4HomGc@g6^?3ZB8ESIKTyCH^Q(>NEt.gu[axXL!)EZ>~xRECzo30MZ(}a$)Ax65KS1^|w_3=T(WDs7N*A5Sm*i'j(0F;_[!kk_j}YX<.4.k(DmKd=}lF#)KU=qE8g`$m@*lxzCA0P-Q/68rRPy4S
c?sqYYQagP"zBTVU9),anP|Ki%)3;^9K^@<tAxJHK<+D<|h5mhLKxv5.Tv5!GMfIVYJh$cWcd*)n:W!!%AWP\LO}D6JmT~1)Yb_V5cbaC&l0vs"QwX:B_a>>m$4HomGc@g6^?3ZB8ESIKTUCH^Q(>NEt.gu[axXL!)EZ>~xRECzo30MZ(}a$)Ax65KS1^|w_3=T(WDs7N*A5Sm*i'j(0F;_[!kk_j}YX<.4.k(DmKd=}lF#)KU=qE8g`$m@*lxzCA0P-Q/68rRPy4S
c?sqYYQagP"zBKVU9),anP|Ki%)3;^9K^@<tAxJHK<+D<|h5mhLKxv5.Tv5!GMfIVYJh$cWcd*)n:W!!%AWP\LO}D<JmT~1)Yb_V5cbaC&l0vs"QwX:B_a>>m$4HomGc@g6^?3ZB8ESIKTUCH^Q(>NEt.gu[axXL!)EZ>~xRECzo30MZ(}a$)Ax65KS1^|w_3=T(WDs7N*A5Sm*i'j(0F;_[!kk_j}YX<.4.k(DmKd=}lF#)KU=qE8g`$m@*lxzCA0P-Q/68rRPy4S
c?sqYYQagP"zBKVU9),anP|KI%)3;^9K^@<tAxJHK<+D<|h5mhLKxv5.Tv5!GMfIVYJh$cWcd*)n:W!!%AWP\LO}D<JmT~1)Yb_V5cbaC&l0vs"QwX:B_a>>m$<HomGc@g6^?3ZB8ESIKTUCH^Q(>NEt.gu[axXL!)EZ>~xRECzo30MZ(}a$)Ax65KS1^|w_3=T(WDs7N*A5Sm*i'j(0F;_[!kk_j}YX<.4.k(DmKd=}lF#)KU=qE8g`$m@*lxzCA0P-Q/68rRPy4S
c?sqYYQagP"zBKVU9),anP|KA%)3;^9K^@<tAxJHK<+D<|h5mhLKxv5.Tv5!GMfIVYJh$cWcd*)n:W!!%AWP\LO}D<JmT~1)Yb_V5cbaC&l0vs"QwX:B_a>>m$<HomGc@g6^?3ZB8ESIKTUCH^Q(>NEt.gu[axXL!)EZ>~xRECzo30MZ(}a$)Ax65KS1^|w_3=T(WDs7N*A5Sm*i'j(0F;_[!kk_j}YX<.4.k(DmKd=}lF#)KU=qE8g`$m@*lxzCA0P-Q/68rRPy4S
c?sqYYQagP"zBKVU9),anP|KA%)3;^9K^@<tAxJHK<+D<|h5mhLKxv5.Tv5!GMfIVYJh$cWcd*)n:W!!%AWP\LO}D<JmT~1)Yb_V5cbaC&l0vs"Q(X:B_a>>m$<HomGc@g6^?3ZB8ESIKTUCH^Q(>NEt.gu[axXL!)EZ>~xRECzo30MZ(}a$)Ax65KS1^|w_3=T(WDs7N*A5Sm*i'j(0F;_[!kk_j}YX<.4.k(DmKd=}lF#)KU=qE8g`$m@*lxzCA0P-Q/68rRPy4S
c?sqYYQagP%zBKVU9),anP|Kh%)3;^9K^G<tAT~HK<+D<|h5mhLKxv5.Tv5,GMfIVYJh$cWcd*)n:W!!%AWP\LO+D<JmT~1)Yb_V5cbaC&l0vs"Q(X:B_a>>m$<HomGc@gf^?3ZB8ESIKTUCH^Q(>NEt.gu[axXL!)EZ>~xRECzo30MZ(}a$)Ax65KS1^|w_3=T(WDs7N*A5Sm*i'j(0F;_[!kk_j}YX<.4.k(DmKd=}lF#)KU=qE8g`$m@*lxzCA0P-Q/68rRPy4S
c?sqYYQagP%zBKVU9),anP|Kh%)3;^9K^G<tAT~HK<+D<|h5}hLKxv5.Tv5,GMfIVYJh$cWcd*)n:W!!%AWP\LO+D<JmT~1)Yb_V5cbaC&l0vs"Q(X:B_a>>m$<HomGc@gf^?3ZB8ESIKTUCH^Q(>NEt.gu[axXL!)EZ>~xRECzo30MZ(}a$)Ax65KS1^|w_3=T(WDs7N*A5Sm*i'j(0F;_[!kk_j}YX<.4.k(DmKd=}lF#)KU=qE8g`$m@*lxzCA0P-Q/68rRPy4S
c?sqYYQagP%zB=VU9),anP|Kh%)3;^9K^G<tAT~HK<+,<|h5}hLKxv5.Tv5,GMfIVYJh$cWcd*)n:W!!%AWP\LO+D<JmT~1)Yb_V5cbaC&l0vs"Q(X:B_ac>m$<HomGc@gf^?3ZB8ESIKTUCH^Q(>NEt.gu[axXL!)EZ>~xRECzo30MZ(}a$)Ax65KS1^|w_3=T(WDs7N*A5Sm*i'j(0F;_[!2k_j}YX<.4.k(DmKd=}lF#)KU=qE8g`$m@*lxzCA0P-Q/68rRPy4S
c?sqYYQagP%zB=V@9),anP|Kh%)3;^9K^G<tAT~HK<+,<|h5}hLKxv5.Tv5,GMfIVYJhbcWcd*)n:W!!%AWP\LO+D<JXT~1)Yb_V5cbaC&l0vs"Q(X:B_ac>m$<HomGc@gf^?3ZB8ESIKTUCH^Q(>NEt.gu[axXL!)EZ>~xRECzo30MZ(}a$)Ax65KS1^|w_3=T(WDs7N*A5Sm*i'j(0F;_[!2k_j}YX<.4.k(DmKd=}lF#)KU=qE8g`$m@*lxzCA0P-Q/68rRPy4S
c?sqYYQagP%zB=V@9),anP|Kh%)3;^9K^G<tAT~HK<+,<|h5}hLKxv5.Tv5,GMfIVYJhbcWcd*)n:W!!%AWP\LO+D<JXT~1)Yb_V5cbaC&l,vs"Q(X:B_ac>m$<HomGc@gf^?3ZB8ESIKTbCH^Q(>NEt.gu[axXL!)EZ>~xRECzo30MZ(}a$)Ax65KS1^|w_3=T(WDs7N*A5Sm*i'j(0F;_[!2k_j}YX<.4.k(DmKd=}lF#)KU=qE8g`$m@*lxzCA0P-Q/68rRPy4S
c?sqYYQagP%zB=V@9),anP|Kh%)3;^9K^G<tAT~HK<+,<|h5}hLKxv5.Tv5,GMfIVYJhbcWcd*)n:WC!%AWP\LO+D<JXT~1)Yb_V5cbaC&l,vs"Q(X:B_ac>m$<HomGc@gf^?3ZB8ESIKTbCH^Q(>NEt.gu[axXL!)EZ>~xRECzo30MZ(}a$)Ax65KS1^|w_3=T(WDs7N*A5Sm*i'j(0F;_[!2k_j}YX<.4.k(DmKd=}lF#)KU=qE8g`$m@*lxzCA0P-Q/68rRPy4S
c?sqYYQa:P%zB=V@9),anP|Kh%)3;^9K^G<tAT~HK<+,<|h5}hLKxv5.Tv5,GMfIVYJhbcWcd*)n:WC!%AWP\LO+D<JXT~1)Yb_V5cbaC&l,vs"Q(X:B_ac>m$<HomGc@gf^?3ZB8RSIKTbCH^Q(>NEt.gu[axXL!)EZ>~xRECzo30MZ(}a$)Ax65KS1^|w_3=T(WDs7N*A5Sm*i'j(0F;_[!Ak_j}YX<.4.k(DmKd=}lF#)KU=qE8g`$m@*lxzCA0P-Q/68rRPy4S
c?sqYYQa:L%zB=V@9),anP|Kh%)3;^9K^G<FAT~HK<+,<|h5}hLKxv5.Tv5,GMfIVYJhbcWcd*)n:WC!%AWP\LO+D<JXT~1)Yb_V5cbaC&l,vs"Q(X:B_ac>m$<HomGc@gf^?3ZB8RSIKTbCH^Q(>N>t.gu[axXL!)EZ>~xRECzo3wMZ(}a$)Ax65KS1^|w_3=T(WDs7N*A5Sm*i'j(0F;_[!Ak_j}YX<.4.k(DmKd=}lF#)KU=qE8g`$m@*lxzCA0P-Q/68rRPy4S
c?LqYYQa:L%zB=V@9),awP|Kh%)3;^9K^G<FAT~HK<+,<|h5}hLKxv5.Tv5,GMfIVYJhbcWcd*)n:WC!%AWP\LO+D<JXT~1)Yb_V5cbaC&l,vs"Q(X:B_ac>m$<HomGc@gf^?3ZB8RSIKTbCH^Q(>N>t.gu[axXL!)EZ>~xRECzo3wMZ(}a$)Ax65KS1^|w_3=T(WDs7N*A5Sm*i'j(0F;_[!Ak_j}YX<.4.k(DmKd=}lF#)KU=qE8g`$m@*lxzCA0P-Q/68rRPy4S
c?LqYYQa:L%zB=V@9),awP|Kh%)3;^9K^G<yAT~HK<+,<|h5}hLKxv5.Tv5,GMfIVYJhbcWcd*)n:WC!%AWP\LO+D<JXT~1)Yb_V5cbaC&l,vs"Q(X:B_ac>m$<HomGc@Uf^?3ZB8RSIKTbCH^Q(>r>t.gu[axXL!)EZ>~xRECzo3wMZ(}a$)Ax65KS1^|w_3=T(WDs7N*A5Sm*i'j(0F;_[!Ak_j}YX<.4.k(DmKd=}lF#)KU=qE8g`$m@*lxzCA0P-Q/68rRPy4S
c?LqYYQa:L%zB=V@9),awP|Kh%)P;^9K^G<yAT~HK<+,<|h5}hLKxv5.Tv5,GhfIVYJhbcWcd*)n:WC!%AWP\LO+D<JXT~1)Yb_V5cbaC&l,vs"Q(X:B_ac>m$<HomGc@Uf^?3ZB8RSIKTbCH^Q(>r>t.gu[axXL!)EZ>~xRECzo3wMZ(}a$)Ax65KS1^|w_3=T(WDs7N*A5Sm*i'j(0F;_[!Ak_j}YX<.4.k(DmKd=}lF#)KU=qE8g`$m@*lxzCA0P-Q/68rRPy4S
c?LqYYQa:L%zB=V@9),awP|Kh%)P;^9K^G<yAT~HK<+,<|h5}hLKxv5.Tv5,GhfIVYJhbcWcd*)n:WC!%AWP\LO+D<JXT~1)Yb_V5cbaC&l,vs"Q(X:B_ac>m$<HomGc@Uf^?hZB8RSIKTbCH^Q(>r>t.gu[axXL!)EZ>~xRECzo3wMZ(}a$)Ax65KS1^|w_3=T(WDs7N*A5Sm*i'j(PF;_[!Ak_j}YX<.4.k(DmKd=}lF#)KU=qE8g`$m@*lxzCA0P-Q/68rRPy4S
c?LqYYQa:L%zB=V@9),awP|Kh%)P;^9K^G<yAT~HK<Y,<|h5}hLKxv5.Tv5,GhfIVYJhbcWcd*)n:WC!%AWP\LO+D<JXT~1)Yb_V5cbaC&l,vs"Q(X:B_ac>m$<HomGc@Uf^?hZB8RSIKTbCH^Q(>r>t.gu[axXL!)EZ>~xRECzo3wMZ(}a$)Ax65KS1^|w_3=T(WDs7N*A5Sm*i'j(PF;_[!Ak_j}YX<.4.k(DmKd=}lF#)KU=qE8g`$m@*lxzCA0P-Q/68rRPy4S
cDLqYYQa:L%zB=V@9),awP|Kh%)P;^9K^G<yAT~HK<Y,<|h5}hLKxv5QTv5,GhfIVYJhbcWcd*)n:WC!%AWP\LO+D<JXT~1)Yb_V5cbaC&l,vs"Q(X:B_ac>m$<HomGc@Uf^?hZB8RSIKTbCH^Q(>r>t.gu[axXL!)EZ>~xRECzo3wMZ(}a$)Ax65KS1^|w_3=T(WDs7N*A5Sm*i'j(PF;_[!Ak_j}YX<.4.k(DmKd=}lF#)KU=qE8g`$m@*lxzCA0P-Q/68rRPy4S
cDLqYYQa:L%zB=V@9),awP|Kh%)P;^9K^G<yAT~HK<Y,<|h5}hLKxv5QTv5,GhLIVYJhbcWcd*)n:WC!%AWP\LO+D<JXT~1)Yb_V5cbaC&l,vs"Q(X:B_ac>m$<HomGc@Uf^?hZB8RSIKTbCH^Q(>r>t.gu[axXL!)EZ>~xRECzo3wMZ(}a$)Ax65KS1^|w_3=T(WDs7N*A5Sm*i'j(PF;_[!Ak_j}YX<.4.k(DmKd=}lF#)KU=qE8g`$m@*lxzCA0P-Q/68rRPy4S
cDLqYYQa:L%zB=V@9),awg|Kh%)P;^9K^G<yAT~HK<Y,<|h5}hLKxv5QTv5,GhLIVYJhbcWcd*)n:WC!%AWP\LO+D<JXT~1)Yb_V5cbaC&l,vs"Q(X:B_ac>m$<HomGc@Uf^?hZB8RSIKTbCH^Q(>r>t.gu[axXL!)EZ>~xRECzo3wMZ(}a$)Ax65KS1^|w_3=T(WDs7N*A5Sm*i'j(PF;_[!Ak_j}YX<.4.k(DmKd=}lF#)KU=qE8g`$m@*lxzCA0P-Q/68rRPy4S
cDLqYYQa:L%zB=V@9),awg|Kh%)P;^9K^G<yAT~HK<Y,<|h5}hLKxv5QTv5,GhLIVYJhbcWcd*)n:WC!%AWP\LO+D<JXT~1)Yb_V5cbaC&l,vs"Q(X:B_ac>m$<HomGc@Uf^?hZB8RSIKTbCH^Q(>r>t.gu[axXL!)EZ>~xRECzo3wMZ(}a$)Ax65KS1^|w_3=T(WDs7N*A5Sm*i'j(PF;_[!Ak_j}YX<.4.k(DmKd=}lF#)KU=qE8g`$m@*lxzCA0P-Q/68rRPy4S
cDLqYYQa^L%zB=V@9),awg|Kh%)P;^9K^G<yAT~HK<Y,<|h5}hLKxv5QTv5,GhLIVYJh4cWcd*)n:WC!%AWP\LO+D<JXT~1)Yb_V5cbaC&l,vs"Q(X:B_ac>m$<HomGc@Uf^?hZB8RSIKTbCH^Q(>r>t.gu[axXL!)EZ>~xRECzo3wMZ(}a$)Ax65KS1^|w_3=T(WDs7N*A5Sm*i'j(PF;_[!Ak_j}YX<.4.k(DmKd=}lF#)KU=qE8g`$m@*lxzCA0P-Q/68rRPy4S
cDLqYYQa^L%zB=V@9),awg|Kh%)P;^9K^G<yAT~HK<Y,<|h5}hLKxv5QTv5,GhLIVYJh4cWcd*)n:WC!%AWP\LO+D<JXT~1)Yb_V5cbaC&l,vs"Q(X:B_ac>m$<HomGc@Uf^?hZB8RSIKTbCH^Q(>r>t.gu[axXL!)4Z>~xRECzo3wMZ(}a$)Ax65KS1^|w_3=T(WDs7N*A5Sm*i'j(PF;_[!Ak_j}YX<.4.k(DmKd=}lF#)KU=qE8g`$m@*lxzCA0P-Q/68rRPy4S
cDLqYYQa^L%zB=V@9),awg|Kh%)P;^9K^G<yAT~HK<Y,<|h5}hLKxv5QTv5,GhLIVYJh4cWcd*)n:WI!%AWP\LO+D<JXT~1)Yb_V5cbaC&l,vs"Q(X:B_ac>m$<HomGc@Uf^?hZB8RSIKTbCH^Q(>r>t.gu[axXL!)4Z>~xRECzo3wMZ(}a$)Ax65KS1^|w_3=T(WDs7N*A5Sm*i'j(PF;_[!Ak_j}YX<.4.k(DmKd=}lF#)KU=qE8g`$m@*lxzCA0P-Q/68rRPy4S
cDLqjYQa^L%zB)V@9),awg|Kh%)P;^9K^G<yAT~HK<Y,<|h5}hLKxv5QTv5,GhLIVYJh4cWcd*)n:WI!%AWP\LO+D<JXT~1)Yb_V5cbaC&l,vs"Q(X:B_ac>m$<HomGc@Uf^?hZB8RSIKTbCH^Q(>r>t.gu[axXL!)4Z>~xRECzo3wMZ(}a$)Axf5KS1^|w_3=T(WDs7N*A5Sm*i'j(PF;_[!Ak_j}YX<.4.k(DmKd=}lF#)KU=qE8g`$m@*lxzCA0P-Q/68rRPy4S
cDLqjYQa^L%zB)V@9),awg|Kh%)P;^9K^G<yAT~HK<Y,<|h5}hLKxv5QTv5,GhLIVYJh4cWcd*)n:WI!%AWP\LO+D<JXT~1)Yb_V5cbaC&l,vs"Q(X:B_ac>m$<HomGc@Uf^?hZB8RSIKTbCH^Q(>r>t.gu[axXL!)4Z>~xRECzo3wMZ(}a$)Axf5KS1^|w_3=T(WDs1N*A5Sm*i'j(PF;_[!Ak_j}YX<.4.k(DmKd=}lF#)KU=qE8g`$m@*lxzCA0P-Q/68rRPy4S
cDLq~YQa^L%zB)V@9),awg|Kh%)P;^9K^G<yAT~HK<Y,<|h5}hLKxv5QTv5,GhLIVYJh4cWcd*)n:WI!%AWP\LO+D<JXT~1)Yb_V5cbas&l,vs"Q(X:B_ac>m$<HomGc@Uf^`hZB8RSIKTbCH^Q(>r>t.gu[axXL!)4Z>~xRECzo3wMZ(}a$)Axf5KS1^|w_3=T(WDs1N*A5Sm*i'j(PF;_[!Ak_j}YX<.4.k(DmKd=}lF#)KU=qE8g`$m@*lxzCA0P-Q/68rRPy4S
cDLq~YQa^L%zBOV@9),awg|Kh%)P;^9K^G<yAT~HK<Y,<|h5}hLKxv5QTv5,GhLIVYJh4cWcd*)n:WI!%AWP\LO+D<JXT~1)Yb_V5cbas&l,vs"Q(X:B_ac>m$<HomGc@Uf^`hZB8RSIKTbCH^Q(>r>t.gu[axXL!)4Z>~xRECzo3wMZ(}a$)Axf5KS1^|w_3=T(WDs1N*A5Sm*i'j(PF;_[!Ak_j}YX<.4.k(DmKd=}lF#)KU=qE8g`$m@*lxzCA0P-Q/68rRPy4S
cDLq~YQa^L%zBOV@9),awg|Kh%)P;^9K^G<yAT~HK<Y,<|h5}hLKxv5QTv5,GhLIVYJh4cWcdS)n:WI!%AWP\LO+D<JXT~1)Yb_V5cbas&l,vs"Q(X:B_ac>m$<HomGc@Uf^`hZB8RSIKTbCH^Q(>r>=.gu[axXL!)4Z>~xRECzo3wMZ(}a$)Axf5KS1^|w_3=T(WDs1N*A5Sm*i'j(PF;_[!Ak_j}YX<.4.k(DmKd=}lF#)KU=qE8g`$m@*lxzCA0P-Q/68rRPy4S
cDLq~YQa^L%zBOV@9),awg|Kh%)P;^9K^G<yAT~4K<Y,<|h5}hLKxv5QTv5,GhLIVYJh4cWcdS)n:WI!%AWP\LO+D<JXT~1)Yb_V5cbas&l,vs"Q(X:B_ac>m$<HomGc@Uf^`hZB8RSIKTbCH^Q(>r>=.gu[axXL!)4Z>~xRECzo3wMZ(}a$)Axf5KS1^|w_3=T(WDs1N*A5Sm*i'j(PF;_[!Ak_j}YX<.4.k(DmKd=}lF#)KU=qE8g`$m@*lxzCA0P-Q/68rRPy4S
cDLq~YQa^L%zBOV@9),awg|Kh%)P;^9K^G<yAT~4K<Y,<|h5}hLK[v5QTv5,GhLIVYJh4cWcdS)n:WI!%AWP\LO+D<JXT~1)Yb_V5cbas&l,vs"Q(X:B_ac>m$<HomGc@Uf^`hZB8RSIKTbCH^Q(>r>=.gu[axXL!)4Z>~xRECzo3wMZ(}a$)Axf5KS1^|w_3=T(WDs1N*A5Sm*i'j(PF;_[!Ak_j}YX<.4.k(DmKd=}lF#)KU=qE8g`$m@*lxzCA0P-Q/68rRPy4S
cDLq~YQa^L%zBOV@9),akg|Kh%)P;^9K^G<yAT~4K<Y,<|h5}hLK[v5QTv5,GhLIVYJh4cWcdS)n:WI!%AWP\LO+D<JXT~1)Yb_V5cbas&l,vs"Q(X:B_ac>m$<HomGc@Uf^`hZB8RSIKTbCH^Q(>r>=.gu[axXL!)4Z>~xRECzo3wMZ(}a$)Axf5KS1^|w_3=T(WDs1N*A5Sm*i'j(PF;_[!Ak_j}YX<.4.k(DmKd=}lF#)KU=qE8g`$m@*lxzCA0P-Q/68rRPy4S
cDLq~YQa^L%zBOV@9),akg|=h%)P;^9K^G<yAT~4K<Y,<|h5}hLK[v5QTv5,GhLIVYJh4cWcdS)n:WI!%AWP\LO+D<JXT~1)Yb_V5cbas&l,vs"Q(X:B_ac>m$<HomGc@Uf^`hZB8RSIKTbCH^Q(>r>=.gu[axXL!)4Z>~xRECzo3wMZ(}a$)Axf5KS1^|w_3=T(WDs1N*A5Sm*i'j(PF;_[!Ak_j}YX<.4.k(DmKd=}lF#)KU=qE8g`$m@*lxzCA0P-Q/68rRPy4S
cDLq~YQa^L%zBOV@9),akg|=h%)P;^9K^G<yAT~4K<Y,<|h5ehLK[v5QTv5,GhLIVYJh4cWcdS)n:WI!%AWP\LO+D<JXT~1)Yb_V5cbas&l,vs"Q(X:B_ac>m$<HomGc@Uf^`hZB8RSIKTbCH^Q(>r>=.gu[axXL!)4Z>~xRECzo3wMZ(}a$)Axf5KS1^|w_3=T(WDs1N*A5Sm*i'j(PF;_[!Ak_j}YX<.4.k(DmKd=}lF#)KU=qE8g`$m@*lxzCA0P-Q/68rRPy4S
cDLq~YQa^L%zBOV@9),akg|Kh%)P;^9K^G<yAT~4K<Y,<|h5ehLK[v5QTv5,GhLIVYJh4cWcdS)n:WI!%AWP\LO+D<JXT~1)Yb_V5cbas&l,vs"Q(X:B_ac>m$<HomGc@Uf^`hZB8RSIKTbCH^Q(>r>=.gu[axXL!)4Z>~xRECzo3wMZ(}a$)Axf5KS1^|w_3=T(WDs1N*A5Sm*i'j(PF;_[!Ak_j}YX<.4.k(DmKd=}lF#)KU=qE8g`$m@*lxzCA0P-Q/68rRPy4S
cDLq~YQa^L%zBOV@9),akg|Kh%)P;^9K^G<yAT~4K<Y,<|h5ehLK[v5QTv5,GhLIVYJh4cWcdS)n:WI!%AWP\LO+D<JXT~1)YbWV5cbas&l,vs"Q(X:B_acMm$<HomGc@Uf^`hZB8RSIKTbCH^Q(>r>=.gu[axXL!)4Z>~xRECzo3wMZ(}a$)Axf5KS1^|w_3=T(WDs1N*A5Sm*i'j(PF;_[!Ak_j}YX<.4.k(DmKd=}lF#)KU=qE8g`$m@*lxzCA0P-Q/68rRPy4S
cDLq~YQa^L%zBOV@9),akg|Kh%)P;^9K^G<yAT~4K<Y,<|h5ehLK[v5QTv5,GhLIVYJh4cWcdS)n:WI!%AWP\LO+D<JXT~%)YbWV5cbas&l,vs"Q(X:B_acMm$<HomGc@Uf^`hZB8RSIKTbCH^Q(>r>=.gu[axXL!)4Z>~xRECzo3wMZ(}a$)Axf5KS1^|w_3=T(WDs1N*A5Sm*i'j(PF;_[!Ak_j}YX<.4.k(DmKd=}lF#)KU=qE8g`$m@*lxzCA0P-Q/68rRPy4S
%DLq~YQa^L%zBOV@9),akg|Kh%)P;^9K^G<yAT~4K<Y,<|h5ehLK[v5QTv5,GhLIVYJh4cWcdS)n:WI!%AWP\LO+D<JXT~%)YbWV5cbas&l,vs"Q(X:B_acMm$<HomGc@Uf^`hZB8RSIKTbCH^Q(>r>=.gu[axXL!)4Z>~xRECzo3wMZ(}a$)Axf5KS1^|w_3=T(WDs1N*A5Sm*i'j(PF;_[!Ak_j}YX<.4.k(DmKd=}lF#)KU=qE8g`$m@*lxzCA0P-Q/u8rRPy4S
%DLq~YQa^L%zBOV@9),akg|Kh%)P;^9K^G<yAT~4K<Y,<|h5ehLK[v5QTv5,GhLIVYJh4cWcdS)n:WI!%AWP\LO+D<JXT~%)YbWV5cbas&l,vs"Q(X:B_acMm$<HomGc@Uf^`hZB8RSIKTbCH^Q(>r>=.gu[axXL!)4Z>~xRECzo3wMZ(}a$)Axf5KS4^|w_3=T(WDs1N*A5Sm*i'j(PF;_[!Ak_j}YX<.4.k(DmKd=}lF#)KU=qE8g`$m@*lxzCA0P-Q/u8rRPy4S
%DLq~YQa^L%zBOV@9),akg|Kh%)P;^9K^G<yAT~4K<Y,<|h5ehLK[v5QTv5,GhLIVYJh4cWcdS)n:WI!%AWP\LO+D<JXT~%)YbWV5cbas&l,vs"Q(X:B_acMm$<HomGc@Uf^`hZB8RSIKTbCH^Q(>r>=.gu[axXL!)4Z>~xRECzo3wMZ(Ta$)Axf5KS4^|w_3=T(WDs1N*A5Sm*i'j(PF;_[!Ak_j}YX<.4.k(DmKd=}lF#)KU=qE8g`$m@*lxzCA0P-Q/u8rRPy4S
%DLq~YQa^L%zBOV@9),akg|Kg%)r;^9K^G<yAT~4K<Y,<|h5ehLK[v5QTv5,GhLIVYJh4cWcdS)n:WI!%AWP\LO+D<JXT~%)YbWV5cbas&l,vs"Q(X:B_acMm$<HomGc@Uf^`hZB8RSIKTbCH^Q(>r>=.gu[axXL!)4Z>~xRECzo3wMZ(Ta$)Axf5KS4^|w_3=T(WDs1N*A5Sm*i'j(PF;_[!Ak_j}YX<.4.k(DmKd=}lF#)KU=qE8g`$m@*lxzCA0P-Q/u8rRPy4S
%DLq~YQa^L%zBOV@9),akg|Kg%)r;^9K^G<y9T~4K<Y,<|h5ehLK[v5QTv5,GhLIVYJh4cWcdS)n:WI!%AWP\LO+D<JXT~%)YbWV5cbas&l,vs"Q(X:B_acMm$<HomGc@Uf^`hZB8RSIKTbCH^Q(>r>=.gu[axXL!)4Z>~xRECzo3wMZ(Ta$)Axf5KS4^|w_3=T(WDs1N*A5Sm*i'j(PF;_[!Ak_j}YX<.4.k(DmKd=}lF#)KU=qE8g`$m@*lxzCA0P-Q/u8rRPy4S
%DLq~YQa^L%zB@V@9),akg|Kg%)r;^9K^G<y9T~4K<Y,<|h5ehLK[v5QTv5,GhLIVYJh4cWcdS)n:WI!%AWP\LO+D<JXT~%)YbWV5cbas&l,vs"Q(X:B_acMm$<HomGc@Uf^`hZB8RSIKTbCH^Q(>r>=.gu[axXL!)4Z>~xRECzo3wMZ(Ta$)Axf5KS4^|w_3=T(WDs1N*A5Sm*i'j(PF;_[!Ak_j}YX<.4.k(DmKd=}lF#)KU=qE8g`$m@*lxzCA0P-Q/u8rRPy4S
%NLq~YQa^L%zB@V@9),akg|Kg%)r;^9K^G<y9T~4K<Y,<|h5ehLK[v5QTv5,GhLIVYJh4cWcdS)n:WI!%AWP\LO+D<JXT~%)YbWV5cbas&l,vs"Q(X:B_acMm$<HomGc@Uf^`hZB8RSIKTbCH^Q(>r>=.gu[axXL!)4Z>~xRECzo3wMZ(Ta$)Axf5KS4^|w_3=T(WDs1N*A5Sm*i'j(PF;_[!Ak_j}YX<.4.k(DmKd=}lF#)KU=qE8g`$m@*lxzCA0P-Q/u8rRPy4S
%NLq~YQa^L%zB@V@9),akg|Kg%)r;^9K^G<y9T~4K<Y,<|h5ehLK[v5QTv5,GhLIVYJh4cWcdS)n:WI!%AWP\LO+D<JXT~%)YbWV5cbas&l,vs"Q(X:B_acMm$<HomGc@Uf^`hZB83SIKTbCH^Q(>r>=.gu[axXL!)4Z>~xRECzo3wMZ(Ta$)Axf5KS4^|w_3=T(WDs1NfA5Sm*i'j(PF;_[!Ak_j}YX<.4.k(DmKd=}lF#)KU=qE8g`$m@*lxzCA0P-Q/u8rRPy4S
%NLq~YQa^L%zB@V@9),akg|Kg%)r;^9K^G<y9T~4K<Y,<|h5ehLK[v5QTv5,GhL9VYJh4cWcdS)n:WI!%AWP\LO+D<JXT~%)YbWV5cbas&l,vs"Q(X:B_acMm$<HomGc@Uf^`hZB83SIKTbCH^Q(>r>=.gu[axXL!)4Z>~xR<Czo3wMZ(Ta$)Axf5KS4^|w_3=T(WDs1NfA5Sm*i'"(PF;_[!Ak_j}YX<.4.k(DmKd=}lF#)KU=qE8g`$m@*lxzCA0P-Q/u8rRPy4S
%NLq~YQa^L%zB@V@9),akg|Kg%)C;^9K^G<y9,~4K<Y,<|h5ehLK[v5QTv5,GhL9VYJh4cWcdS)n:WI!%AWP\LO+D<JXT~%)YbWV5cbas&l,vs"Q(X:B_acMm$<%omGc@Uf^`hZB83SIKTbCH^Q(>r>=.gu[axXL!)4Z>~xR<Czo3wMZ(Ta$)Axf5KS4^|w_3=T(WDs1NfA5Sm*i'"(PF;_[!Ak_j}YX<.4.k(DmKd=}lF#)KU=qE8g`$m@*lxzCA0P-Q/u8rRPy4S
%NLq~YQa^L%zB@V@U),akg|Kg%)C;^9K^G<y9,~4K<Y,<|b5ehLK[v5QTv5,GhL9VYJh4cWcdS)n:WI!%AWP\LO+D<JXT~%)YbWV5cbas&l,vs"Q(X:B_acMm$<%omGc@Uf^`hZB83SIKTbCH^Q(>r>=.gu[axXL!)4Z>~xR<Czo3wMZ(Ta$)Axf5KS4^|w_3=T(WDs1NfA5Sm*i'"(PF;_[!Ak_j}YX<.4.k(DmKd=}lF#)KU=qE8g`$m@*lxzCA0P-Q/u8rRPy4S
%NLq~YQa^L%zB@V@U),akg|Kg%)C;^9K^G<w9,~4K<Y,<|b5ehLK[v5QTv5,GhL9VYJh4cWcdS)n:WI!%AWP\LO+D<JXT~%)YbWV5cbas&l,vs"Q(X:B_acMm$<%omGc@Uf^`hZB83SIKTbCH^Q(>r>=.gu[axXL!)4Z>~xR<Czo3wMZ(Ta$)Axf5KS4^|w_3=T(WDs1NfA5Sm*i'"(PF;_[!Ak_jrYX<.4.k(DmKd=}lF#)KU=qE8g`$m@*lxzCA0P-Q/u8rRPy4S
%NLq~YQa^L%zB@V@U),akg|eg%)C|^9K^G(w9,~4K<Y,<|b5ehLK[v5Qnv5,GhL9VYJh4cWcdS)n:WI!%AWW\LO+D<JXT~%)YbWV5cbas&l,vs"Q(X:B_acMm$<%omGc@Uf^`hZB83SIKTbCH^Q(>r>=.gu[axXL!)4Z>~x+<Czo3wMZ(Ta$)Axf5KS4^|w_3=T(WDs1NfA5Sm*i'"(PF;_[!Ak_jrYX<.4.k(DmKd=}lF#)KU=qE8g`$m@*lxzCA0P-Q/u8rRPy4S
%NLq~YQa^L%zB@V@U),akg|eg%)C|^9K^G(w9,~4K<Y,<|b5ehLK[v5Qnv5,GhL9VYJh4cWcdS)n:WIm%AWW\LO+D<JXx~%)YbWV5cbas&l,vs"Q(X:B_acMm$<%omGc@Uf^`hZB83SIKTbCH^Q(>r>=.gu[axXL!)4Z>~x+<Czo3wMZ(Ta$)Axf5KS4^|w_3=T(WDs1NfA5Sm*i'"(PF;_[!Ak_jrYX<.4.k(DmKd=}lF#)KU=qE8g`$m@*lxzCA0P-Q/u8rRPy4S
%NLq~YQa^L%zB@V@U),akO|eg%)C|^9K^G(w9,~4K<Y,<|b5ehLK[v5Qnv5,GhL9VYJh4cWcdS)n:WIm%AWW\LO+D<JXx~%)YbWV5cbas&l,vs"Q(X:B_acMm$<%omGc@Uf^`hZB83SIKTbCH^Q(>r>=.gu[axXL!)4Z>~x+<Czo3wMZ(Ta$)Axf5KS4^|w_3=T(WDs1NfA5Sm*i'"(PF;_[!Ak_jrYX<.4.k(DmKd=}lF#)KU=qE8g`$m@*lxzCA0P-Q/u8rRPy4S
%NLq~YQa^L%zB@V@U),akO|eg%)C|^9K^G(w9,~4K<Y,<|b5ehLK[v5Qnv5,GhL9VYJh4{WcdS)n:WIm%AWW\LO+D<JXx~%)YbWV5cbas&l,vs"Q(X:B_acMm$<%omGc@Uf^`hZB83SIKTbCH^Q(>r>=.gu[axXL!)4Z>~x+<Czo3wMZ(Ta$)Axf5KS4^|w_3=T(WDs1NfA5Sm*i'"(PF;_[!Ak_jrYX<.4.k(DmKd=}lF#)KU=qE8g`$m@*lxzCA0P-Q/u8rRPy4S
%N$q~YQa^L%zB@V@Uy,akO|eg%)C|^9K^G(w9,~4K<Y,<|b5ehLK[v5Qnv5,GhL9VYJh4{WcdS)n:WIm%AWW\LO+D<JXx~%)YbWV5cbas&l,vs"Q(X:B_acMm$<%omGc@Uf^`hZB83SIKTbCH^Q(>r>=.gu[axXL!)4Z>~x+<Czo3wMZ(Ta$)Axf5KS4^|w_3=T(WDs1NfA5Sm*i'"(PF;_[!Ak_jrYX<.4.k(DmKd=}lF#)KU=qE8g`$m@*lxzCA0P-Q/u8rRPy4S
%N$q~YQa^L%zB@V@Uy,akO|eg%)C|^9K^G(w9,~4K<Y,<|b5ehLK[v5Qnv5,GhL9VYJh4{WcdS)n:WIm%AWW\LO+D<JXx~%)YbWV5cbas&l,vs"Q(X:B_acMm$<%omGc@Uf^`hZB83SIKTbCH^Q(>r>=.gu[axXL!)4Z>~x+<Czo3wMZ(Ta$)Axf5KS4^|w_3=T(WDs1NfA5Sm*i'"(0F;_[!Ak_jrYX<.4.k(DmKd=}lF#)KU=qE8g`$m@*lxzCA0P-Q/u8rRPy4S
%N$q~Y~a^L%zB@V@Uy,akO|eg%)C|^9K^G(s9,~&K<Y,<|b5ehLK[v5Qnv5,GhL9VYJh4{WcdS)n:WIm%AWW\LO+D<JXx~%)YbWV5cbas&l,vs"Q(X:B_acMm$<%omGc@Uf^`hZB83SIKTbCH^Q(>r>=.gu[axXL!)4Z>~x+<Czo3wMZ(Ta$)Axf5KS4^|w_3=T(WDs1NfA5Sm*i'"(0F;_[!Ak_jrYX<.4.k(DmKd=}lF#)KU=qE8g`$m@*lxzCA0P-Q/u8rRPy4S
%N$q~Y~a^L%zB@V@Uy,akO|Xg%)C|^9K^G(s9,~&K<Y,<|b5ehLK[v5Qnv5,GhL9VYJh4{WcdS)n:WIm%AWW\LO+D<JXx~%)YbWV5cbas&l,vs"Q(X:B_acMm$<%omGc@Uf^`hZB83SIKTbCH^Q(>r>=.gu[axXL!)4Z>~x+<Czo3wMZ(Ta$)Axf5KS4^|w_3=T(WDs1NfA5Sm*i'"(0F;_[!Ak_jrYX<.4.k(DmKd=}lF#)KU=qE8g`$m@*lxzCA0P-Q/u8rRPy4S
7N$q~Y~a^L%zB@V@Uy,akO|Xg%)C|^9K^G(s9,~&K,Y,<|b5ehLK[v5Qnv5,GhL9VYJh4{WcdS)n:WIm%AWW\LO+D<JXx~%)YbWV5cbas&l,vs"Q(X:B_acMm$<%omGc@Uf^`hZB83SIKTbCH^Q(>r>=.gu[axXL!)4Z>~x+<Czo3wMZ(Ta$)Axf5KS4^|w_3=T(WDs1NfA5Sm*i'"(0F;_[!Ak_jrYX<.4.k(DmKd=}lF#)KU=qE8g`$m@*lxzCA0P-Q/u8rRPy4S
7N$q~Y~a^LFzB@V@Uy,akO|X%%)C|^9K^G(s9,~&K,Y,<|b5ehLK[v5Qnv5,GhL9VYJh4{WcdS)n:WIm%AWW\LO+D<JXx~%)YbWV5cbas&l,vs"Q(X:B_acMm$<%omGc@Uf^`hZB83SIKTbCH^Q(>r>=.^u[axXL!)4Z>~x+<Czo3wMZ(Ta$)Axf5KS4^|w_3=T(WDs1NfA5Sm*i'"(sF;_[!Ak_jrYX<.4.k(DmKd=}lF#)KU=qE8g`$m@*lxzCA0P-Q/u8rRPy4S
7N$q~Y~a^LFzB@V@Uy,akO|X%%)C|^9K^G(s9,~&K,Y,<|b5ehLK[v5Qnv5,GhL9VYJh1{WcdS)n:WIm%AWW\LO-D<JXx~%)YbWV5cbas&l,vs"Q(X:B_acMm$<%omGc@Uf^`hZB83SIKTbCH^Q(>r>=.^u[axXL!)4Z>~x+<Czo3wMZ(Ta$)Axf5KS4^|w_3=T(WDs1NfA5Sm*i'"(sF;_[!Ak_jrYX<.4.k(DmKd=}lF#)KU=qE8g`$m@*lxzCA0P-Q/u8rRPy4S
7Ngq~Y~a^LFzB@V@Uy,akO|X%%)C|^9K^G(s9,~&K,Y,<|b.ehLK[v5Qnv5,GhL9VYJh1{WcdS)n:WIm%AWW\LO-D<JXx~%)YbWV5cbas&l,vs"Q(X:B_acMm$<%omGc@Uf^`hZB83SIKTbCH^Q(>r>=.^u[axXL!)4Z>~x+<Czo3wMZ(Ta$)Axf5KS4^|w_3=T(WDs1NfA5Sm*i'"(sF;_[!Ak_jrYX<.4.k(DmKd=}lF#)KU=qE8g`$m@*lxzCA0P-Q/u8rRPy4S
7Ngq~Y~a^LFzB@V@Uy,akO|X%%)C|^9x^G(s9,~&K,Y,<|b.ehLK[v5Qnv5,GhL9VYJh1{WcdS)n:WIm%AWW\LO-D<JXx~%)YbWV5cbas&l,vs"Q(X:B_acMm$<%omGc@Uf^`hZB83SIKTbCH^Q(>r>=.^u[axXL!)4Z>~x+<Czo3wMZ(Ta$)Axf5KS4^|w_3=T(WDs1NfA5Sm*i'"(sF;_[!Ak_jrYX<.4.k(DmKd=}lF#)KU=qE8g`$m@*lxzCA0P-Q/u8rRPy4S
71gqWY~a^gFzB@V@ND,akO|X%%)C|^Ke^G:s9,~&K,Y,<|b.ehLK[v5Qnv5,GhL9VYJh1{WcdS)n:WI)%AWW\LO-D<JXx~%)YbWV5cbas&l,vs"Q(X:B_acMm$<%omGc@Uf^`hZB83SIKTbCH^Q(>r>=.^u[axXL!)4Z>~x+<Czo3wMZ(Ta$)Axf5KS4^|w_3=T(WDs1NfA5Sm*i'"(sF;_[!Ak_jrYX<.4.k(DmKd=}lF#)KU=qE8g`$m@*lxzCA0P-Q/u8rRPy4S
71gqWY~:^gFzB@V@ND,akO|X%%)C|^Ke^G:s9,~&K,Y,<|b.ehLK[v5Qnv5,GhL9VYJh1{WcdS)n:WI)%AWW\LO-D<JXx~%)YbWV5cbas&l,vs"Q(X:B_acMm$<%omGc@Uf^`hZB83SIKTbCH^Q(>r>=.^u[axXL!)4Z>~x+<Czo3wMZ(Ta$)Axf5KS4^|w_3=T(WDs1NfA5Sm*i'"(sF;_[!Ak_jrYX<.4.k(DmKd=}lF#)KU=qE8g`$m@*lxzCA0P-Q/u8rRPy4S
71gqWY~:^gFzB@V@ND,akO|X%%)C|^Ke^G:s9,~&K,Y,<|b.ehLKhv.Qnv5,GhL9VYJh1{WcdS)n:WI)%AWW\LO-D<JXx~%)YbWV5cbas&l,vs"Q(X:B_acMm$<%omGc@Uf^`hZB83SIKTbCH^Q(>r>=.^u[axXL!)4Z>~x+<Czo3wMZ(Ta$)Axf5KS4^|w_3=T(WDs1NfA5Sm*i'"(sF;_[!Ak_jrYX<.4.k(DmKd=}lF#)KU=qE8g`$m@*lxzCA0P-Q/u8rRPy4S
71gqWY~:^gFzB@H@ND,akO|X%%)C|^Ke^G:s9,~&K,Y,<|b.ehLKhv.Qnv5,GhL9VY`h1{WcdS)n:WI)%AWW\LO-D<JXx~%)YbWV5cbas&l,vs"Q(X:B_acMm$<%omGc@Uf^`hZB83SIKTbCH^Q(>r>=.^u[axXL!)4Z>~x+<Czo3wMZ(Ta$)Axf5KS4^|w_3=T(WDs1NfA5Sm*i'"(sF;_[!Ak_jrYX<.4.k(DmKd=,lF#)KU=qE8g`$m@*lxzCA0P-Q/u8rRPy4S
71gqWY~:^gFzB@H@ND,akO|X%%)C|^Ke^G:s9,~&K,Y,<|b.ehLKhv.Qnv5,GhL9VY`h1{WcdS)n:WI)%AWW\LO-D<JXx~%)YbWV5cbas&l,vs"Q(X:B_acMm$<%omGc@Uf^`hZB83SIKTbCH^Q(>r>=.^u[axXL!)4Z>~x+<Czo3wMZ(Ta$)Axf5KS4^|w_3=T(WDs1NfA5Sm*i'"(sF;_[!Ak_jrYX<.4.k(DmKd=,lF~)KU=qE8g`$m@*lxzCA0P-Q/u8rRPy4S
71gqWY~:IgFzB@H@ND,akO|X%%)C|^Ke^G:s9,~&K,Y,<|b.ehLKhv.Qnv5,GhL9VY`h1{WcdS)n:WI)%AWW\LO-D<JXx~%)YbWV5cbas&l,vs"Q(X:B_acMm$<%omGc@Uf^`hZB83SIKTbCH^Q(>r>=.^u[axXL!)4Z>~x+<Czo3wMZ(Ta$)Axf5KS4^|w_3=T(WDs1NfA5Sm*i'"(sF;_[!Ak_jrYX<.4.k(DmKd=,lF~)KU=qE8g`$m@*lxzCA0P-Q/u8rRPy4S
71gqWY~:IgFzB@H@ND,akO|X%%)C|^Ke^G:s9,~&K,Y,<|b.ehLKhv.Qnv5,GhL9VY2h1{WcdS)n:WI)%AWW\LO-D<JXx~%)YbWV5cbas&l,vs"Q(X:B_acMm$<%omGc@Uf^`hZB83SIKTbCH^Q(>r>=.^u[axXL!)iZ>~x+<Czo3wMZ(Ta$)Axf5KS4^|w_3=T(WDs1NfA5Sm*i'"(sF;_[!Ak_jrYX<.4.k(DmKd=,lF~)KU=qE8g`$m@*lxzCA0P-Q/u8rRPy4S
71gqWY~:IgFzB@H@ND,akO|z%%)C|^Ke^G:s9,~&K,Y,<|b.ehLKhv.Qnv5,GhL9VY2h1{WcdS)n:WI)%AWW\LO-D<JXx~%)YbWV5cbas&l,vs"Q(X:B_acMm$<%omGc@Uf^`hZB83SIKTbCH^Q(>r>=.^u[axXL!)iZ>~x+<Czo3wMZ(Ta$)Axf5KS4^|w_3=T(WDs1NfA5Sm*i'"(sF;_[!Ak_jrYX<.4.k(DmKd=,lF~)KU=qE8g`$m@*lxzCA0P-Q/u8rRPy4S
71gqWY~:IgFzB@H@ND,akO|z%%)C|eKe^G:s9,~&K,Y,<|b.ehLKhv.Qnv5,GhL9VY2h1{WcdS)n:WI)%AWW\LO-D<J.x~%)YbWV5cbas&l,vs"Q(X:BtacMm$<%omGc@Uf^`hZB83SIKTbCH^Q(>r>=.^u[axXL!)iZ>~x+<Czo3wMZ(Ta$)Axf5KS4^|w_3=T(WDs1NfA5Sm*i'"(sF;_[!Ak_jrYX<.4.k(DmKd=,lF~)KU=qE8g`$m@*lxzCA0P-Q/u8rRPy4S
71gqWY~:IgFzB@H@ND,akO|z%%)C|eKe^G:s9,~&K,Y,<|b.eBLKhv.Qnv5,GhL9VY2h1{WcdS)n:WI)%AWW\LO-D<J.x~%)YbWV5cbas&l,vs"Q(X:BtacMm$<%omGc@Uf^`hZB83SIKTbCH^Q(>r>=.^u[axXL!)iZ>~x+<Czo3wMZ(Ta$)Axf5KS4^|w_3=T(WDs1NfA5Sm*i'"(sF;_[!Ak_jrYX<.4.k(DmKd=,lF~)KU=qE8g`$m@*lxzCA0P-Q/u8rRPy4S
71gqWY~:IgFzB@H@ND,akO|z%%)C|VKe^G:s9,~&K,Y,<|b.eBLKhv.Qnv5,GhL9VY2h1{WcdS)n:WI)%AWW\LO-D<j.x~%)YbWV5cbas&l,vs"Q(X:BtacMm$<%omGc@Uf^`hZB83SIKTbCH^Q(>r>=.^u[axXL!)iZ>~x+<Czo3wMZ(Ta$)Axf5KS4^|w_3=T(WDs1NfA5Sm*i'"(sF;_[!Ak_jrYX<.4.k(DmKd=,lF~)KU=qE8g`$m@*lxzCA0P-Q/u8rRPy4S
71gqWY~:IgFzB@H@ND,akO|z%%)C|Voe^G:s9,~&K,Y,<|b.eBLKhv.Qnv5,GhL9VY2h1{WcdS)n:WI)%AWW\LO-D<j.x~%)YbWV5cbas&l,vs"Q(X:BtacMm$<%omGc@Uf^`hZB83SIKTbCH^Q(>r>=.^u[axXL!)iZ>~x+<Czo3wMZ(Ta$)Axf5KS4^|w_3=T(WDs1NfA5Sm*i'"(sF;_[!Ak_jrYX<.4.k(DmKd=,lF~)KU=qE8g`$m@*lxzCA0P-Q/u8rRPy4S
71gqWY~:IgFzB@H@ND,akO|z%%)C|Voe^G:s9,~&K,Y,<|b.eBLKhv.Qnv5,GhL9VY2h1{WpdS)n:WI)%AWW\LO-D<j.x~%)YbWV5cbas&l,vs"Q(X:BtacMm$<%omGc@Uf^`hZB83SIKTbCH^Q(>r>=.^u[axXL!)iZ>~x+<Czo3wMZ(Ta$)Axf5KS4^|w_3=T(WDs1NfA5Sm*i'"(sF;_[!Ak_jrYX<.4.k(DmKd=,lF~)KU=qE8g`$m@*lxzCA0P-Q/u8rRPy4S
71gqWY~:IgFzB@H@ND,akW|z%%)C|doe7G:s9,~&K,Y,<|b.eBLKhv.Qnv6,GhL9VY2h1{WpdS)n:WI)%AWW\LO-D<j.x~%)YbWV5cbas&l,vs"Q(X:BtacMm$<%omGc@Uf^`hZB83SIKTbCH^Q(>r>=.^u[axXL!)iZ>~x+<Czo3wMZ(Ta$)Axf5KS4^|w_3=T(WDs1NfA5Sm*i'"(sF;_[!Ak_jrYX<.4.k(DmKd=,lF~)KU=qE8g`$m@*lxzCA0P-Q/u8rRPy4S
71gqWY~:IgFzB@H@ND,akW|z%%)C|doe7G:s9,~&K,Y,<|b.eBLKhv.Qnv6,GhL9VY2h1{Wpdq)n:WI)%AWW\LO-D<j.x~%)YbWV5cbas&l,vs"Q(X:BtacMm$<%omGc@Uf^`hZB83SIKTbCH^Q(>r>=.^u[axXL!)iZ>~x+<Czo3wMZ(Ta$)Axf5KS4^|w_3=T(WDs1NfA5Sm*i'"(sF;_[!Ak_jrYX<.4.k(DmKd=,lF~)KU=qE8g`$m@*lxzCA0P-Q/u8rRPy4S
71gqWY~:IgFzB@H@ND,akW|z%%)C|doe7G:s9,~&K,Y,<|V.eBLKhv.Qnv6,GhL9VY2h1{Wpdq)n:WI)%AWW\LO-D<j.x~%)YbWV5cbas&l,vs"Q(X:BtacMm$<%omGc@Uf^`hZB83SIKTbCH^Q(>r>=.^u[axXL!)iZ>~x+<Czo3wMZ(Ta$)Axf5KS4^|w_3=T(WDs1NfA5Sm*i'"(sF;_[!Ak_jrYX<.4.k(DmKd=,lF~)KU=qE8g`$m@*lxzCA0P-Q/u8rRPy4S
71gqWY~:IgFzB@H@ND,akW|z%%)C|d/e7G:s7,~&K,Y,<|V.eBLKhv.Qnv6,GhL9VY2h1{Wpdq)n:WI)%AWW\LO-D<j.x~%)YbWV5cbas&l,vs"Q(X:BtacMm$<%omGc@Uf^`hZB\3SIKTbCH^Q(>r>=.^u[axXL!)iZ>~x+<Czo3wMZ(Ta$)Axf5KS4^|w_3=T(WDs1NfA5Sm*i'"(sF;_[!Ak_jrYX<.4.k(DmKd=,lF~)KU=qE8g`$m@*lxzCA0P-Q/u8rRPy4S
71gqQY~:IgFzB@H@ND,akW|z%%)C|d/e7G:s7,~&K,Y,<|V.eBLKhv.Qnv6,GhL9VY2h1{Wpdq)n:WI)%AWW\LO-D<j.x~%)YbWV5cbas&l,vs"Q(X:BtacMm$<%omGc@Uf^`hZB\3SIKTbCH^Q(>r>=.^u[axXL!)iZ>~x+<Czo3wMZ(Ta$)Axf5KS4^|w_3=T(WDs1NfA5Sm*i'"(sF;_[!Ak_jrYX<.4.k(DmKd=,lF~)KU=qE8g`$m@*lxzCA0P-Q/u8rRPy4S
7.gqQY~:IgFzB@H@ND,akW|z%%)C|d/e7G:s7,~&K,Y,<|V.eBLKhv.Qnv6,GhL9VY2h1{Wpdq)n:WI)%AWW\LO-D<j.x~%)YbWV5cbas&l,vs"Q(X:BtacMm$<%omGc@Uf^`hZB\3SIKTbCH^Q(>r>=.^u[axXL!)iZ>~x+<Czo3wMZ(Ta$)Axf5KS4^|w_3=T(WDs1NfA5Sm*i'"(sF;_[!Ak_jrYX<.4.k(DmKd=,lF~)KU=qE8g`$m@*lxzCA0P-Q/u8rRPy4S
7.gqQY~:IgFz!@H@ND,awW|z%%)C|d/e7G:s7,~&K,Y,<|V.eBLKhv.Qnv6,GhL9VY2h1{Wpdq)n:WI)%AWW\LO-D<j.x~%)YbWV5cbas&l,vs"Q(X:BtacMm$<%omGc@Uf^`hZB\3SIKTbCH^Q(>r>=.^u[axXL!)iZ>~x+<Czo3wMZ(Ta$)Axf5KS4^|w_3=T(WDs1NfA5Sm*i'"(sF;_[!Ak_jrYX<.4.k(DmKd=,lF~)KU=qE8g`$m@*lxzCA0P-Q/u8rRPy4S
7.gqoY~:IgFz!@H@ND,awW|z%%)C|d/e7G:s7,~&K,Y,<|V.eBLKhv.Qnv6,GhL9VY2h1{Wpdq)n:WI)%AWW\LO-D<j.x~%)YbWV5cbas&l,vs"Q(X:BtacMm$<%omGc@Uf^`hZB\3SIKTbCH^Q(>r>=.^u[axXL!)iZ>~x+<Czo3wMZ(Ta$)Axf5KS4^|w_3=T(WDs1NfA5Sm*i'"(sF;_[!Ak_jrYX<.4.k(DmKd=,lF~)KU=qE8g`$m@*lxzCA0P-Q/u8rRPy4S
7.gqRY~:IgFzR@H@ND,awW|z%%)C|d/e7G:s7,~&K,Y,<|V.eBLKhv.Qnv6,GhL9VY2h1{Wpdq)n:WI)%AWW\LO-D<j.x~%)YbWV5cbas&l,vs"Q(X:BtacMm$<%omGc@Uf^`hZB\3SIKIbCH^Q(>r>=.^u[axXL!)iZ>~x+<Czo3wMZ(Ta$)Axf5KS4^|w_3=T(WDs1NfA5Sm*i'"(sF;_[!Ak_jrYX<.4.k(DmKd=,lF~)KU=qE8g`$m@*lxzCA0P-Q/u8rRPy4S
7.gqRY~:IgFIR@H@ND,ajV|z%%)C|d/e7G:s7,~&K,Y,5|V.eBLKhv.Qnv6,GhL~VY2h1{Wpdq)n:WI)%AWW\LO-D<j.x~%)YJWV5cbas&l,vs"Q(X:BtacMm$<%omGc@Ufe`hZB\3SIKIbCH^Q(>r>=.^u[axXL!)iZ>~x+<Czo3wMZ(Ta$)Axf5KS4^|w_3=T(WDs1NfA5Sm*i'"(sF;_[!Ak_jrYX<.4.k(DmKd=,lF~)KU=qE8g`$m@*lxzCA0P-Q/u8rRPy4S
7.gqRY~:IgFIR@H@ND,ajV|z%%)C|d/e7G:s7,~&K,Y,5|V.eBLKhv.Qnv6,GhL~VY2h1{Wpdq)n:WI)%AWW\LO-D<j.x~%)YJWV5cbas&l,vs"QYX:BtacMe$<%omGc@Ufe`hZB\3SIKIbCH^Q(>r>=.^u[axXL!)iZ>~x+<Czo3wMZ(Ta$)Axf5KS4^|w_3=T(WDs1NfA5Sm*i'"(sF;_[!Ak_jrYX<.4.k(DmKd=,lF~)KU=qE8g`$m@*lxzCA0P-Q/u8rRPy4S
7.gqRY~:IgFIR@H@ND,ajV|z%%)C|d/e7G:s7,~&B,Y,5|V.eBLKhv.Qnv6,GhL~VYXh1{Wpdq)n:WI)%AWW\LO-D<j.x~%)YJWV5cbas&l,vs"QYX:BtacMe$<%omGc@Ufe`hZB\3SIKIbCH^Q(>r>=.^u[axXL!)iZ>~x+<Czo3wMZ(Ta$)Axf5KS4^|w_3=T(WDs1NfA5Sm*i'"(sF;_[!Ak_jrYX<.4.k(DmKd=,lF~)KU=qE8g`$m@*lxzCA0P-Q/u8rRPy4S
7.gqRY~:IgFIR@H@Nt,ajV|z%%)C|d/e7G:s7,~&B,Y,5|V.eBLKhv.Qnv6,GhL~VYXh1{Wpdq)n:WI)%AWW\LO-D<j.x~%)YJWV5cbas&l,vs"QYX:BtacMe$<%omGc@Ufe`hZB\3SIKIbCH^Q(>r>=.^u[axXL!)iZ>~x+<Czo3wMZ(Ta$)Axf5KS4^|w_3=T(WDs1NfA5Sm*i'"(sF;_[!Ak_jrYX<.4.k(DmKd=,lF~)KU=qE8g`$m@*lxzCA0P-Q/u8rRPy4S
7.gqRY~:IgFIR@H@Nt,ajVaz%%)C|d/e7G:s7,~&B,Y,5|V.eBLKhv.Qnv6,GhL~VYXh1{Wpdq)n:WI)%AWW\LO-D<j.x~%)YJWV5cbas&l,vs"QYX:BtacMe$<%omGc@Ufe`hZB\3SIKIbCH^Q(>r>=.^u[axXL!)iZ>~x+<Czo3wMZ(Ta$)Axf5KS4^|w_3=T(WDs1NfA5Sm*i'"(sF;_[!Ak_jrYX<.4.k(DmKd=,lF~)KU=qE8g`$m@*lxzCA0P-Q/u8rRPy4S
7.gqRY~:IgFIR@3@Nt,bjVaz%%)C|d/e7G:s7,~TB,Y,5|V.eBLKhv.Knv6,GhL~VYXh1{vpdq)n:WI)%AWW\LO-D]j.x~%)YJWV5cbas&l,vs"QYX:BtacMe$<%omGc@Ufe`hZB\3gIKIbCH^Q(>r>=.^u[axXL!)iZ>~x+<Czo3wMZ(Ta$)Axf5KS4^|w_3=T(WDs1NfA5Sm*i'"(sF;_[!Ak_jrYX<.4.k(DmKd=,lF~)KU=qEXg`$m@*lxzCA0P-Q/u8rRPy4S
7.gqRY~:IgFIR@3@Nt,bjVaz%%)C|d/e7G:s7,~TB,Y,5|V.eBLKhv.Knv6,GhL~VYXh1{vpdq)n:WI)%&WW\LO-D]j.x~%)YJWV5cbas&l,vs"QYX:BtacMe$<%omGc@Ufe`hZB\3gIKIbCH^Q(>r>=.^u[axXL!)iZ>~x+<Czo3wMZ(Ta$)Axf5KS4^|w_3=T(WDs1NfA5Sm*i'"(sF;_[!Ak_jrYX<.4.k(DmKd=,lF~)KU=qEXg`$m@*lxzCA0P-Q/u8rRPy4S
7.gqRY~:IgJIR@3@Nt,bjVaz%%)C|d/e7c:n7,~TB,Y,5|V.eBLKOv.Knv6,GhL~VYXh1{vpdq)n:WI)%&WW\LO-D]j.x~%)YJWV5cbas&l,vs"QYX:BtacMe$<%omGc@Ufe`hZB\3gIKIbCH^Q(>r>=.^u[axXL!)iZ>~x+<Czo3wMZ(Ta$)Axf5KS4^|w_3=T(WDs1NfA5Sm*i'"(sF;_[!Ak_jrYX<.4.k(DmKd=,lF~)KU=qEXg`$m@*lxzCA0P-Q/u8rRPy4S
7cgqRY~:IgJIR@3@Nt,bjVaz%%)/|d/e7c:n7,~TB,Y,5|V.eBLaOv.Knv6,GhL~VYXh1{vpdq)n:WI)%&WW\LO-D]j.x~%)YJWV5cbas&l,vs"QYX:BtacMe$<%omGc@Ufe`hZB\3gIKIbCH^Q(>r>=.^u[axXL!)iZ>~x+<Czo3wMZ(Ta$)Axf5KS4^|w_3=T(WDs1NfA5Sm*i'"(sF;_[!Ak_jrYX<.4.k(DmKd=,lF~)KU=qEXg`$m@*lxzCA0P-Q/u8rRPy4S
7cgqRec:IgJIR@3@Nt,bj%az%%)/|d/e7c:n7,gTB,Y,5|V.eBLaOv.Knv6,GhL~VYXh1{vpdq)n::I)%&WW\LO-D]j.x~%)YJWV5cbas&l,vs"QYX:BtacMe$<%omGc@Ufe`hZB\3gIKIbCH^Q(>r>=.^u[axXL!)iZ>~x+<Czo3wMZ(Ta$)Axf5KS4^|w_3=T(WDs1NfA5Sm*i'"(sF;_[!Ak_jrYX<.4.k(DmKd=,lF~)KU=qEXg`$m@*lxzCA0P-Q/u8rRPy4S
7cgqRec:IgJIR@3@Nt,bj%az%%)/|d/e7c:n7,gTB,Y,5|V.eBLaOv.Knv6,GhL~VYXh1{vpdq)n::I)%&WW\LO-D]j.x~%)YJWV5cbas&l,vs0QYX:BtacMe$<%omGc@Ufe`hZB\3gIKIbCH^Q(>r>=.^u[axXL!)iZ>~x+<Czo3wMZ(Ta$)Axf5KS4^|w_3=T(WDs1NfA5Sm*i'"(sF;_[!Ak_jrYX<.4.k(DmKd=,lF~)KU=qEXg`$m@*lxzCA0P-Q/u8rRPy4S
7cgqRec:IgJIR@3@Nt,bj%az%%)/|d/e7c:n7,gTB,Y,5|V.eBiaOv.Knv6,GhL~VYXh1{vpdq)n::I)%&WW\LO-D]j.x~%)YJWV5cbas&l,vs0QYX:BtacMe$<%omGc@Ufe`hZB\3gIKIbCH^Q(>r>=.^u[axXL!)iZ>~x+<Czo3wMZ(Ta$)Axf5KS4^|w_3=T(WDs1NfA5Sm*i'"(sF;_[!Ak_jrYX<.4.k(DmKd=,lF~)KU=qEXg`$m@*lxzCA0P-Q/u8rRPy4S
7cgqRec:IgJIR@3@Nt,bj%az%%W/|d/e7c:n7,gTB,Y,5|V.eBiaOv.Knv6,GhL~VYXh1{vpdq)n::I)%&WW\LO-D]j.x~%)YJWV5cba3&l,vs0QYX:BtacMe$<%omGc@Ufe`hZB\3gIKIbCH^Q(>r>=.^u[axXL!)iZ>~x+<Czo3wMZ(Ta$)Axf5KS4^|w_3=T(WDs1NfA5Sm*i'"(sF;_[!Ak_jrYX<.4.k(DmKd=,lF~)KU=qEXg`$m@*lxzCA0P-Q/u8rRPy4S
QcgqRec:IgJIR@3@Nt,bj%az%%W/|d/e7c:n7,gTB,Y,5|V.eBiaOv.Knv6,GhL~VYXh1{vpdq)n::I)%&WW\LO-D]j.x~%)YJWV5cba3&l,vs0QYX:BtacMe$<%omGc@Yfe`hZB\3gIKIbCH^Q(>r>=.^u[axXL!)iZ>~x+<Czo3wMZ(Ta$)Axf5KS4^|w_3=T(WDs1NfA5Sm*i'"(sF;_[!Ak_jrYX<.4.k(DmKd=,lF~)KU=qEXg`$m@*lxzCA0P-Q/u8rRPQ4S
QcgqRec:IgJIR@R@Nt,bj%az%%W/|d/e7c:n7,gTB,Y,5|V.eBiaOv.Knv6,GhL~VYXh1{vpdq)n::I)%&WW\LO-D]j.x~%)YJWV5cba3&l,vsGQYX:BtacMe$<%omGc@Yfe`hZB\3gIKIbCH^Q(>r>=.^u[axXL!)iZ>~x+<Czo3wMZ(Ta$)Axf5KS4^|w_3=T(WDs1NfA5Sm*i'"(sF;_[!Ak_jrYX<.4.k(DmKd=,lF~)KU=qEXg`$m@*lxzCA0P-Q/u8rRPQ4S
QcgqRec:IgJIR@R@Nt,bj%az%%W/|d/e7c:n7,gTB,Y,5|V.eBiaOv.Knv6,GhL~VYXh1{vpdq)n::I)%&WW\LO-D]j.x~%)YJWV5cba3&l,vsGQYX:BtacMe$<%omGc@Yfe`hZB\3gIKIbCH^Q(>r>=.^u[axXL!)iZ>~x+<Czo3wMZ(Ta$)Axf5KS4^|w_3=T(WDs1NfA5Sm*i'"(sF;_[!Ak_jrYX<.4.k(DmKd=,lF~)KU=qEXg`$m@*lxzCA0P-Q/udrRPQ4S
QcgqRec:IgJIR@R@%t,bj%az%%W/|d/e7c:n7,gTB,Y,5|V.eBiaOv.Knv6,GhL~VYXh1{vpdq)n::I)%&WW\LO-D]j.x~%)YJWV5cba3&l,vsGQYX:BtacMe$<%omGc@Yfe`hZB\3gIKIbCH^Q(pr>=.^u[axXL!)iZ>~x+<Czo3wMZ(Ta$)Axf5KS4^|w_3=T(WDs1NfA5Sm*i'"(sF;_[!Ak_jrYX<.4.k(DmKd=,lF~)KU=qEXg`$m@*lxzCA0P-Q/udrRPQ4S
QcgqRec:IgJIR@R@%t,bj%az%%W/|d/e7c:n7,gTB,Y,5|V.eBiaOv.Knv6,GhL~VYXh1{vpdq)n::I)%&WW\LO-D]j.D~%)YJWV5cba3&l,vsGQYX:BtacMe$<%omGc@Yfe`hZB\3gIKIbCH^Q(pr>=.^u[axXL!)iZ>~x+<Czo3wMZ(Ta$)Axf5KS4^|w_3=T(WDs1NfA5Sm*i'"(sF;_[!Ak_jrYX<.4.k(DmKd=,lF~)KU=qEXg`$m@*lxzCA0P-Q/udrRPQ4S
QcgqRec:IgJIRqR@%t,bj%az%%W/|d/e7c:n7,gTB,Y,5|V.eBiaOv.Knv6,GhL~VYXh1{vpdq)n::I)%&WW\LO-D]j.D~%)YJWV5cba3&l,vsGQYX:BtacMe$<%omGc@Yfe`hZB\3gIKIbCH^Q(pr>=.^u[axXL%)iZ>~x+<Czo3wMZ(Ta$)Axf5KS4^|w_3=T(WDs1NfA5Sm*i'"(sF;_[!Ak_jrYX<.4.k(DmKd=,lF~)KU=qEXg`$m@*lxzCA0P-Q/udrRPQ4S
QigqRec:IgJIRqR@%t,bj%az%%W/|d/e7c:n7,gTB,Y,5|V.eBiaOv.Knv6,GhL~VYXh1{vpdq)n::I)%&WW\LO-D]j.D~%)YJWV5cba3&l,vsGQYX:BtacMe$V%omGc@Yfe`hZB\3gIKIbCH^Q(pr>=.^u[axXL%)iZ>~x+<Czo3wMZ(Ta$)Axf5KS4^|w_3=T(WDs1NfA5Sm*i'"(sF;_[!Ak_jrYX<.4.k(DmKd=,lF~)KU=qEXg`$m@*lxzCA0P-Q/udrRPQ4S
Q]gqRec:IgJIRqR@%t,bj%az%%W/Vd/e7c:n7,gTB,Y,O|V.eBiaOv.Knv6,GhL~VY.h1{vpdq)n::I)%&WW\LO-D]j.D~%)YJWV5cba3&l,vsGQYX:BtacMe$V%omGc@Yfe`hZB\3gIKIbCH^Q(pr>=.^u[axXL%)iZ>~x+<Czo3wMZ(Ta$)Axf5KS4^|w_3=T(WDs1NfA5Sm*i'"(sF;_[!Ak_jrYX<.4.k(DmKd=,lF~)KU=qEXg`$m@*lxzCA0P-Q/udrRPQ4S
Q]gqRec:IgJIRqR@%t,bj%az%%W/Vd/e7c:n7,gTB,Y,O|VreBiaOv.Knv6,GhL~VY.h1{vpdq)n::I)%&WW\LO-D]j.D~%)YJWV5cba3&l,vsGQYX:BtacMe$V%omGc@Yfe`hZB\3gIKIbCH]Q(pr>=.^u[axXL%)iZ>~x+<Czo3wMZ(Ta$)Axf5KS4^|w_3=T(WDs1NfA5Sm*i'"(sF;_[!Ak_jrYX<.4.k(DmKd=,lF~)KU=qEXg`$m@*lxzCA0P-Q/udrRPQ4S
Q]gqRec:IgJIRqR@%t,bj%az%%W/Vd/e7c:n7,gTB,Y,O|VreBiaOv.Knv6,GhL~VY.h1{vpdq)n::I)%&WW\LO-D]j.D~%)YJWV5cba3&l,vsGQYX:BtacMe$V%omGc@Yfe`hZB\3gIKIbCH]Q(pr>=.^u[aLXL%)iZ>~x+<Czo3wMZ(Ta$)Axf5KS4^|w_3=T(WDs1NfA5Sm*i'"(sF;_[!Ak_jrYX<.4.k(DmKd=,lF~)KU=qEXg`$m@*lxzCA0P-Q/udrRPQ4S
Q]gqRec:IgJIRqR@%t,bj%az%%W/Vd/e7c:n7,gTB,Y,O|VreBiaOv.Knv6,GhL~VY.h1{vpdq)n::I)%&WW\LO-D]j.D~%)YJWV5cba3&l,vsGQYX:BtacMe$V%omGc@Yfe`hZB\3gIKIbCH]Q(pr>m.^u[aLXL%)iZ>~x+<Czo3wMZ(Ta$)Axf5KS4^|w_3=T(WDs1NfA5Sm*i'"(sF;_[!Ak_jrYX<.4.k(DmKd=,lF~)KU=qEXg`$m@*lxzCA0P-Q/udrRPQ4S
Q]gqRec:IgJIRqR@%y,bj%az%%W/Vd/e7c:*7,gTB,Y,O|VreBiaOv.Knv6,GhL~VY.h1{vpdq)n::I)%&WW\LO-Q]j.D~%)YJWV5cba3&l,vsGQYX:BtacMe$V%omGc@Yfe`hZB\3gIKIbCH]Q(pr>m.^u[aLXL%)iZ>~x+<Czo3wMZ(Ta$)Axf5KS4^|w_3=T(WDs1NfA5Sm*i'"(sF;_[!Ak_jrYX<.4.k(DmKd=,lF~)KU=qEXg`$m@*lxzCA0P-Q/udrRPQ4S
Q]gqRec:IgJIRqR@Hy,bj%az%%W/Vd/e7c:*7,gTB,Y,O|VreBiaOv.Knv6,GhL~VY.h1{vpdq)n::I)%&WW\LO-Q]j.D~%)YJWV5cba3&l,vsGQYX:BtacMe$V%omGc@Yfe`hZB\3gIKIbCH]Q(pr>m.^u[aLXL%)iZ>~x+<Czo3wMZ(Ta$)Axf5KS4^|w_3=T(WDs1NfA5Sm*i'"(sF;_[!Ak_jrYX<.4.k(DmKd=,lF~)KU=qEXg`$m@*lxzCA0P-Q/udrRPQ4S
Q]gqRec:IgJIRqR@Hy,bj%az%%W/Vd/e7c:*7,gTB,Y,O|VreBiaOv.Knv6,GhL~VY.h1{vpdq)n::I)%&WW\LO-Q]j.D~%)YJWV5cba3&l,vsGQYX:BtacMe$V%omGc@Yfe`hZB\3gIKIbCH]Q(pr>m.Gu[aLXL%)iZ>~x+<Czo3wMZ(Ta$)Axf5KS4^|w_3=T(WDs1NfA5Sm*i'"(sr;_[!Ak_jrYX<.4.k(DmKd=,lF~)KU=qEXg`$m@*lxzCA0P-Q/udrRPQ4S
Q]%qRec:IgJIRqR@Hy,bj%az%%W/Vd/e7c:*7,gTB,Y,O|VreBiaOv.Knv6,GhL~VY.h1{vpdq)n::I)%&WW\LO-Q]j.D~%)YJWVhcba3&l,vsGQYX:BtacMe$V%omGc@Yfe`hZB\3gIKIbCH]Q#pr>m.Gu[aLXL%)iZ>~x+<Czo3wMZ]Ta$)Axf5KS4^|w_3=T(WDs1NfA5Sm*i'"(sr;_[!Ak_jrYX<.4.k(DmKd=,lF~)KU=qEXg`$m@*lxzCA0P-Q/udrRPQ4S
Q]%qRec:IgJIRqR@gy,bj%az%%W/Vd/e7c:*7,gTB,Y,O|VreBiaOv.Knv6,GhL~VY.h1{vpdq)n::I)%&WW\LO-Q]j.D~%)YJWVhcba3&l,vsGQYX:BtacMe$V%omGc@Yfe`hZB\3gIKIbCH]Q#pr>m.Gu[aLXL%)iZ>~x+<Czo3wMZ]Ta$)Axf5KS4^|w_3=T(WDs1NfA5Sm*i'"(sr;_[!Ak_jrYX<.4.k(DmKd=,lF~)KU=qEXg`$m@*lxzCA0P-Q/udrRPQ4S
Q]%qRec:IgJIRqR@gy,bj%az%%W/Vd/e7c:*7,gTB,Y,O|VreBiaOv.Knv6,GhL~VY.h1{vpdq)n::I)%&WW\LO-Q]j.>~%)YJWVhcba3&l,vsGQYX:BtacMe$V%omGc@Yfe`hZB\3gIKIbCH]Q#pr>m.Gu[aLXL%)iZ>~x+<Czo3wMZ]Ta$)Axf5KS4^|w_3=T(WDs1NfA5Sm*i'"(sr;_[!Ak_jrYX<.4.k(DmKd=,lF~)KU=qEXg`$m@*lxzCA0P-Q/udrRPQ4S
Q]%qRec!IgJIRqR@gy,_j%az%%W/Vd/e7c:*7,gTB,Y,O|VreBiaOv.Knv6,GhL~VY.h1{vpdq)n::I)%&WW\LO-Q]j.>~%)YJWVhcba3&l,vsGQYX:BtacMe$V%omGc@Yfe`hZB\3gIKIbCH]Q#pr>m.Gu[aLXL%)iZ>~x+<Czo3wMZ]Ta$)Axf5KS4^|w_3=T(WDs1NfA5Sm*i'"(sr;_[!Ak_jrYX<.4.k(DmKd=,lF~)KU=qEXg`$m@*lxzCA0P-Q/udrRPQ4S
Q]%qRec!IgJIRqR@gy,_j%az%%W/Vd/e7c:*7,gTB,Y,O|VreBiaOv.Knv6,GhL~VY.h1{vpdq)n::I)%&WW\LO-Q]j.>~%)YJWVhcba3&l,vsGQYX:BtacMe$V%omGc@Yfe`hZB\3gIKIbCH]Q#pr>m.Gu[aLXL%)iZ>~x+<Czo3wMZ]Ta$)Axf5KS4^|w_3=T(WDs1NfA5Sm*i7"(sr;_[!Ak_jrYX<.4.k(DmKd=,lF~)KU=qEXg`$m@*lxzCA0P-Q/udrRPQ4S
Q]%qRec!IgJIRqR@gy,_j%az%%W/Vd/e7c:*7,gTB,Y,O|VreBiaOv.Knv6,GhL~VY.h1{vpdq)n::I)%&WW\LO-Q]j.>~%)YJWVhcba3&l,vsGQYX:BtacMe$V%omGc@Yfe`hZB\3gIKIbCH]Q#pr>m.Gu[aLXL%)iZ>~x+<Czo3wMZ]Ta$)Axf5KS,^|w_3=T(WDs1NfA5Sm*i7"(sr;_[!Ak_jrYX<.4.k(DmKd=,lF~)KU=qEXg`$m@*lxzCA0P-Q/udrRPQ4S
F]%qRec!IgJIRqR@gy,_j%]z%%W/Vd/e7c:*7,gTB,Y,O|VreBiaOv.Knv6,GhL~VY.h1{vpdq)n::I)%&WW\LO-Q]j.>~%)YJWVhcba3&l,vsGQYX:BtacMe$V%omGc@Yfe`hZB\3gIKIbCH]Q#pr>m.Gu[aLXL%)iZ>~x+<Czo3wMZ]Ta$)Axf5KS,^|w_3=T(Wps1NfA5Sm*i7"(sr;_[!Ak_jrYX<.4.k(DmKd=,lF~)KU=qEXg`$m@*lxzCA0P-Q/udrRPQ4S
F]%qRec!IgJIRqR@gy,_j%]z%%W/Vd/e7c:*7,gTB,Y,O|VreBiaOv.Knv6,GhL~VY.h1{vpdq)n::I)%&WW\LO-Q]j.>~%)YJWVhcba3&l,vsGQYX:BtacMe$V%omGc@Yfe`hZB\3gIKIbCH]Q#pr>m.Gu<aLXL%)iZ>~x+<Czo3wMZ]Ta$)Axf5KS,^|w_3=T(Wps1NfA5Sm*i7"(sr;_[!Ak_jrYX<.4.k(DmKd=,lF~)KU=qEXg`$m@*lxzCA0P-Q/udrRPQ4S
F]%qRec!IgJIRqR@gy,_j%]z%%W/Vd/e7c:*7,gTB,Y,O|VreBiaOv.Knv6,GhL~VY.h1{vpdq)n::I)%&WW\LO-Q]j.>~%)YJWVhcba3&l,vsGQYX:BtacMe$V%o7Gc@Yfe`hZB\3gIKIbCH]Q#pr>m.Gu<aLXL%)iZ>~x+<Czo3wMZ]Ta$)Axf5KS,^|w_3=T(Wps1NfA5Sm*i7"(sr;_[!Ak_jrYX<.4.k(DmKd=,lF~)KU=qEXg`$m@*lxzCA0P-Q/udrRPQ4S
F]%qRec!IgJIRqR@gy,_j%]z%%W/Vd/e7c:*7,gTB,Y,\|VreBiaOv.Knv6,GhL~VY.h1{vpdq)n::I)%&WW\LO-Q]j.s~%)YJWVhcba3&l,vsGQYX:BtacMe$V%o7Gc@Yfe`hZB\3gIKIbCH]Q#pr>m.Gu<aLXL%)iZ>~x+<Czo3wMZ]Ta$)Axf5KS,^|w_3=T(Wps1NfA5Sm*i7"(sr;_[!Ak_jrYX<.z.k(DmKd=,lF~)KU=qEXg`$m@*lxzCA0P-Q/udrRPQ4S
F]%qRec!IgJIRqR@gy,_j%]z%%W/Vd/e7c:*7,gTB,Y,\|VreBiaOv.Knv6,G&L~VY.h1{vpdq)n::I)%&WW\LO-Q]j.s~%)YJWVhcba3&l,vsGQYX:BtacMe$V%o7Gc@Yfe`hZB\3gIKIbCH]Q#pr>m.Gu<aLXL%)iZ>~x+<Czo3wMZ]Ta$)Axf5KS,^|w_3=T(Wps1NfA5Sm*i7"(sr;_[!Ak_jrYX<.z.k(DmKd=,lF~)KU=qEXg`$m@*lxzCA0P-Q/udrRPQ4S
F]%qRjc!IgJIRqR@gy,_j%]z%%W/Vd/e7c:*7,gTB,Y,\|VreBiaOv.Knv6,[&L~VY.h1{vpdq)n::I)%&WW\LO-Q]j.s~%)YJWVhcba3&l,vsGQYX:BtacMe$V%o7Gc@Yfe`hZB\3gIKIbCH]Q#pr>m.Gu<aLXL%)iZ>~x+<Czo3wMZ]Ta$)\xf5KS,^|w_3=T(Wps1NfA5Sm*i7"(sr;_[!Ak_jrYX<.z.k(DmKd=,lF~)KU=qEXg`$m@*lxzCA0P-Q/udrRPQ4S
F]%qRjc!IgJIRqR@gy,_j%]z%%W/Vd/e7c:*7,gTB,Y,\|VreBiaOv.Knv6,[&L~VY.h1{vpdq)n::I)%&WW\LO-Q]j.s~%)YJWVhcba3&l,vsGQYX:BtacMe$V%o7Gc@Yfe`hZB\3gIKIbCH]Q#pr>m.Gu<aLXL%)iZ>~x+<Czo3ZMZ]Ta$)\xf5KS,^|w_3=T(Wps1NfA5Sm*i7"(sr;_[!Ak_jrYX<.z.k(DmKd=,lF~)KU=qEXg`$m@*lxzCA0P-Q/udrRPQ4S
F]%q[jc!IgJIRqR@gy,_j%]z%%W/Vd/e7c:*7,gTB,Y,\|VreBiaOv.Knv2,[&L~VY.h1{vpdq)n::I)%&WW\LO-Q]j.s~%)YJWVhcba3&l,vsGQYX:BtacMe$V%o7Gc@Yfe`hZB\3gIKIbCH]Q#pr>m.Gu<aLXL%)iZ>~x+<Czo3ZMZ]Ta$)\xf5KS,^|w_3YT(Wps1NfA5Sm*i7"(sr;_[!Ak_jrYX<.z.k(DmKd=,lF~)KU=qEXg`$m@*lxzCA0P-Q/udrRPQ4S
F]%q[jc!I;JIRqR@gy,_j%]z%%W/Vd/e7c:*7,gTB,Y,\|VreBiaOv.Knv2,[&L~VY.h1{vpdq)n::I)%&WW\LO-Q]j.s~%)YJWVhcba3&l,vsGQYX:BtacMe$V%o7Gc@Yfe`hZB\3gIKIbAH]Q#pr>m.Gu<aLXL%)iZ>~x+<Czo3ZMZ]Ta$)\xf5KS,^|w_3YT(Wps1NfA5Sm*i7"(sr;_[!Ak_jrYX<.z.k(DmKd=,lF~)KU=qEXg`$m@*lxzCA0P-Q/udrRPQ4S
F]%q[jc!I;JIRqR@gy,_j%]z%%W/Vd/e7c:*7,gTB,;,\|VreBiaOv.Knv2,[&L~VY.h1{vpdq)n::I)%&WW\LO-Q]j.s~%)YJWVhcba3&l,vsGQYX:BtacMe$V%o7Gc@Yfe'hZB\3gIKIbAH]Q#pr>m.Gu<aLXL%)iZ>~x+<Czo3ZMZ]Ta$)\xf5KS,^|w_3YT(Wps1NfA5Sm*i7"(sr;_[!Ap_jrYX<.z.k(DmKd=,lF~)KU=qEXg`$m@*lxzCA0P-Q/udrRPQ4S
F]%q[jc!I;JIRqR@gyV_j%]z%%W/Vd/e7c:*7,gTB,;,\|VreBiaOv.Knv2,[&L~VY.h1{vpdq)n::I)%&WW\LO-Q]j.s~%)YJWVhcba3&l,vsGQYX:BtacMe$V%o7Gc@Y!e'hZB\3gIKIbAH]Q#pr>m.Gu<aLXL%)iZ>~x+<Czo3ZMZ]Ta$)\xf5KS,^|w_3YT(Wps1NfA5Sm*i7"(sr;_[!Ap_jrYX<.z.k(DmKd=,lF~)KU=qEXg`$m@*lxzCA0P-Q/udrRPQ4S
F]%q[jc!I;JIRqR@gyV_j%]z%%W/Vd/e7c:*7,gTB,;,\|VreBiaOvpKnv2,[&L~VY.h1{vpdq)n::I)%&WW\LO-Q]j.s~%)YJWVhcba3&l,vsGQYX:BtacMe$V%o7Gc@Y!e'hZB\3gIKIbAH]Q#pr>m.Gu<aLXL%)iZ>~x+<Czo3ZMZ]Ta$)\xf5KS,^|w_3YT(Wps1NfA5Sm*i7"(sr;_[!Ap_jrYX<.z.k(DmKd=,lF~)KU=qEXg`$m@*lxzCA0P-Q/udrRPQ4S
F]%q[jc!I;JIRqRCgyV_j%]z%%W/Vd/e7c:*7,gTB,;,\|VreBiaOvpKnv2,[&L~VY.h1{vpdq)n::I)%&WW\LO-Q]j.s~%)YJWVhcba3&l,vsGQYX:BtacMe$V%o7Gc@Y!e'hZB\3gIKIbxH]Q#pr>m.Gu<aLXL%)iZ>~x+<Czo3ZMZ]Ta$)\xf5KS,^|w_3YT(Wps1NfA5Sm*i7"(sr;_[!Ap_jrYX<.z.k(DmKd=,lF~)KU=qEXg`$m@*lxzCA0P-Q/udrRPQ4S
F]%q[jc+I;JIRqRCgyV_j%]z%%W/Vd/e7c:*7,gTB,;,\|VreBiaOvpKnv2,[&L~VY.h1{vpdq)n::I)%&WW\LO-Q]j.s~%)YJWVhcba3&l,vsGQYX:BtacMe$V%o7Gc@Y!e'hZB\3gIKIbxH]Q#pr>m.Gu<aLXL%)iZ>~x+<Czo3ZMZ]Ta$)\xf5KS,^|w_3YT(Wps1NfA5Sm*i7"(sr;_[!Ap_jrYX<.z.k(DmKd=,lF~)KU=qEXg`$m@*lxzCA0P-Q/udrRPQ4S
F]%q[?c+I;JIRqRCgyV_j%]z%%W/Vd/e7c:*7,gTB,;,\|VreBiaOvpKnv2,[&L~VY.h1{vpdq)n::I)%&WW\LO-Q]j.P~%)YJWVhcba3&l,vsGQYX:BtacMe$V%o7Gc@Y!e'hZB\3gIKIbxH]Q#pr>m.Gu<aLXL%)iZ>~x+<Czo3ZMZ]Ta$)\xf5KS,^|w_3YT(Wps1NfA5Sm*i7"(sr;_[!Ap_jrYX<.z.k(DmKd=,lF~)KU=qEXg`$m@*lxzCA0P-Q/udrRPQ4S
F]%q[?c+I;JIRqRCgyV#j%]z%%W/Vd/e7c:*7,gTB,;,\|VreBiaOvpKnv2,[&L~VY.h1{vpdq)n::I)%&WW\LO-Q]j.P~%)YJWVhcba3&l,vsGQYX:BtacMe$V%o7Gc@Y!e'hZB\3gIKIbxH]Q#pr>m.Gu<aLXL%)iZ>~x+<Czo3ZMZ]Ta$)\xf5KS,^|w_3YT(Wps1NfA5Sm*i7"(sr;_[!Ap_jrYX<.z.k(DmKd=,lF~)KU=qEXg`$m@*lxzCA0P-Q/udrRPQ4S
F3Wq[?c+I;JIRqRCgyV#j%]z%%W/Vd/e7c:*7,gTB,;,\|VreBiaOvpKnv2,[&L~VY.h1{vpdq)n::I)%&WW\LO-Q]j.P~%)YJWVhcba3&l,vsGQYX:BtacMe$V%o7Gc@Y!e'hZB\3gIKIbxH]Q#pr>m.Gu<aLXL%)iZ>~x+<Czo3ZMZ]Ta$)\xf5KS,^|w_3YT(Wps1NfA5Sm*i7"(sr;_[!Ap_jrYX<.z.k(DmKd=,lF~)KU=qEXg`$m@*lxzCA0P-Q/udrRPQ4S
F3Wq[?c+~;JIRqRCgyV#j%]z%%W/Vd/e7c:*7,gTB,;,\|VreBiaOvpK5v2,[&L~VY.h1{vpdq)n::I)%&WW\LO-Q]j.P~%)YJWVhcba3&l,vsGQYX:BtacMe$V%o7Gc@Y!e'hZB\3gIKIbxH]Q#pr>m.Gu<aLXL%)iZ>~x+<Czo3ZMZ]Ta$)\xf5KS,^|w_3YT(Wps1NfA5Sm*i7"(sr;_[!Ap_jrYX<.z.k(DmKd=,lF~)KU=qEXg`$m@*lxzCA0P-Q/udrRPQ4S
F3Wq[?c+~;JIRqRCgyV#j%]z%%W/Vd/e7c:*7,gTB,;,\|VreBiaOvrK5v2,[&L~VY.h1{vpdq)n::I)%&WW\LO-Q]j.P~%)YJWVhcba3&l,vsGQYX:BtacMe$V%o7Gc@Y!e'hZB\3gIKIbxH]Q#pr>m.Gu<aLXL%)iZ>~x+<Czo3ZMZ]Ta$)\xf5KS,^|w_3YT(Wps1NfA5Sm*i7"(sr;_[!Ap_jrYX<.z.k(DmKd=,lF~)KU=qEXg`$m@*lxzCA0P-Q/udrRPQ4S
F3Wq[?c+~;JIRqRCgyV#j%]z%%W/Vd/e7c:`7,gTB,;,\|VreBiaOvrK5v2,[&L~VY.h1{vpdq)n::I)%&WW\LO-Q]j.P~%)YJWVhcba3&],vsGQYX:BtacMe$V%o7Gc@Y!e'hZB\3gIKIbxH]Q#pr>m.Gu<aLXL%)iZ>~x+<Czo3ZMZ]Ta$)\xf5KS,(|w_3YT(Wps1NfA5Sm*i7"(sr;_[!Ap_jrYX<.z.k(DmKd=,lF~)KU=qEXg`$m@*lxzCA0P-Q/udrRPQ4S
F3Wq[?c+~;JIRqRCgyV#j%]z%%W/Vd/e7c?`7,gTB,;,\|VreBiaOvrK5v2,[&L~VY.h1{vpdqDn::I)%&WW\LO-Q]j.P~%)YJWVhcba3&],vsGQYX:BtacMe$V%o7Gc@Y!e'hZB\3gIKIbxH]Q#pr>m.Gu<aLXL%)iZ>~x+<Czo3ZMZ]Ta$)\xf5KS,?|w_3YT(Wps1NfA5Sm*i7"(sr;_[!Ap_jrYX<.z.k(DmKdI,lF~)KU=qEXg`$m@*lxzCA0P-Q/udrRPQ4S
F3Wq[?c+~;JIRqRCgyV#j%]z%%W/V'/e7c?`7,g;B,;,\|VreBiaOvrK5v2,[&L~VY.h1{vpdqDn::I)%&WW\LO-Q]j.P~%)YJWVhcba3&],vsGQYX:BtacMe$V%o7Gc@Y!e'hZB\3gIKIbxH]Q#pr>m.Gu<aLXL%)iZ>~x+<Czo3ZMZ]Ta$)\xf5KS,?|w_3YT(Wps1NfA5Sm*i7"(sr;_[!Ap_jrYX<.z.k(DmKdI,lF~)KU=qEXg`$m@*lxzCA0P-Q/udrRPQ4S
F3Wq[?c+~;JIRqRCgyV#j%?z%%W/V'/e7c?`75g;g,;,\|VreBiaOvrK5v2,[&L~VY.h1{vpdqDn::I)%&WW\LO-Q]j.P~%)YJWVhcba3&],vsGQYX:BtacMe$V%o7Gc@Y!e'hZB\3gIKIbxH]Q#pr>m.Gu<aLXL%)iZ>~x+<Czo3ZMZ]Ta$)\xf5KS,?|w_3YT(Wps1NfI5Sm*i7"(sr;_[!Ap_jrYX<.z.k(DmKdI,lF~)KU=qEXg`$m@*lxzCA0P-Q/udrRPQ4S
F3Wq]?c+~^JIRqRCgyV#j%?:%%W/V'/e7c?`75g;g,;,\|VreBiaOvrK5v2,[&L~VY.h1{vpdqDn::I)%&WW\LO-Q]j.P~%)YJWVhcba3&],vsGQYX:BtacMe$V%o7Gc@Y!e'hZB\3gIKIbxH]Q#pr>m.Gu<aLXL%)iZ>~x+<Czo3ZMZ]Ta$)\xf5KS,?|w_3YT(Wps1NfI5Sm*i7"(sr;_[!Ap_jrYX<.z.k(DmKdI,lF~)KU=qEXg`$m@*lxzCA0P-Q/udrRPQ4S
F3Wq]?c+j^JIRqRCgyV#j%?:%%W/V'/e7c?`75g;g,;,\|VreBiaOvrK5v2,[&L~VY.h1{vpdqDn::I)%&WW\LO-Q]j.P~%)YJWVhcba3&],vsGQYX:BtacMe$V%o7Gc@Yhe'hZB\3gIKIbjH]Q#pr^m.Gu<aLXL%)iZ>~x+<Czo3ZMZ]Ta$)\xf5KS,?|w_3YT(Wps1NfI5Sm*i7"(sr;_[!Ap_jrYX<.z.k(DmKdI,lF~)KU=qEXg`$m@*lxzCA0P-Q/udrRPQ4S
F3Wq]?c+j^JIRqRCgyV#j%?:%%W/V'/e7c?`75g;g,;,\|VreBiaOvrK5v2,[&L~VY.h1{vpdqDn::I)%&WW\LO-Q]j.P~%)YJWVhcba3&],vsGQYX:BtacMe$V%o7Gc@Yhe'hZB\3gIKIbjH]Q#pr^m.Gu<aLXL%)iZ>~x+<Czo3ZMZ]Ta$)\xf5KS,?|w_3YT(Wps13fI5Sm*i7"(sr;_[!Ap_jrYX<.z.k(DmKdI,lF~)KU=qEXg`$m@*lxzCA0P-Q/udrRPQ4S
F3Wq]?c+jkJIRqRCgyV#j%?:%%W/V'/e7c?`75g;g,;,\|VreBiaOvrK5v2,[&L~VY.h1{vpdqDn::I)%&WW\LO-Q]j.P~%)YJWVhcba3&],vsGQYX:BtacMe$V%o7Gc@Yhe'hZB\3gIKIbjH]Q#pr^m.Gu<aLXL%)iZ>~x+<Czo3ZMZ]Ta$)\xf5KS,?|w_3YT(Wps13fI5Sm*i7"(sr;_[!Ap_jrYX<.z.k(DmKdI,lF~)KU=qEXg`$m@*lxzCA0P-Q/udrRPQ4S
F3Wq]?c+jkJIRqRCgyV#j%?:%%W/V'/e7c?`75g;g,;,\|VreBiaOvrK5v2,[&L~VY.h1{vpdqDn::I)%&WW\LO-Q]j.P~%)YJWVhcba3&],vsGQYX:BtacMe$V%o7Gc@Yhe'hZB\3gIKIbjH]Q#pr^m.Gu<aLXL%)iZ>~x+<Czo3ZMZ]Ta$)\xf5KS,?|w_3YT`Wps13fI5Sm*i7"(sr;_[!Ap_jrYX<.z.k(DmKdI,lF~)KU=qEXg`$m@*lxzCA0P-Q/udrRPQ4S
F3rq]?c+jkJIRqRCgyV#j%?:%%W/V'/e7c?`75g;g,;,\|VreBiaOvrK5v2,[&L~VY.h1{vpdqDn::I)%&WW\LO-Q]j.P~%)YJWVhcba3&],vsGQYX:BtacMe$V%o7Gc@Yhe'hZB\3gIKIbjH]Q#pr^m.Gu<aLXL%)iZ>~x+<Czo3ZMZ]Ta$)\xf5KS,?|w_3YT`Wps13fI5Sm*i7"(sr;_[!Ap_jrYX<.z.k(DmKdI,lF~)KU=qEXg`$m@*lxzCA0P-Q/udrRPQ4S
F3rq]?c+jkJIRqRCgyV#j%?:%%W/V'/e7c?`75g;g,;,\|VreBiaOvrK5v2,[&L~VY.h1{vpdqDn::I)%&WW\LO-Q]j.P~%)YJWVhcba3&],vsGQYX:BtacMe$V%o7Gc@Yhe'hZB\3gIKIbjH]Q#pr^m.Gu<aLXL%)iZ>~x+<Czo3ZMZ]wa$)\xf5KS,?|w_3YT`Wps13fI5Sm*i7"(sr;_[!Ap_jrYX<.z.k(DmKdI,lF~)KU=qEXg`$m@*lxzCA0P-Q/udrRPQ4S
F3ro]?c+jkJIRqRCgyV#j%?:%%W/V'/e7c?`75g;g,;,$|VreBiaOvrK5v2,[&L~VY.h1{vpdqDn::I)%&WW\LO-Q]j.P~%)YJWVhcba3&],vsGQYX:BtacMe$V%o7Gc@Yhe'hZB\3gIKIbjH]Q#pr^m.Gu<aLXL%)iZ>~x+<Czo3ZMZ]wa$)\xf5KS,?|w_3YT`Wps13fI5Sm*i7"(sr;_[!Ap_jrYX<.z.k(DmKdI,lF~)KU=qEXg`$m@*lxzCA0P-Q/udrRPQ4S
F3ro]?c+jkJIRqRCgyV#j%?:%%W/V'/e7c?`7-g;g,;,$|VreBiaOvrK5v2,[&L~V(.h1{vpdqHn::I)%&WW\LO-Q]j.P~%)YJWVhcba3&],vsGQYX:BtacMe$V%o7Gc@Yhe'hZB\3gIKIbjH]Q#pr^m.Gu<aLXL%)iZ>~x+<Czo3ZMZ]wa$)\xf5KS,?|w_3YT`Wps13fI5Smhi7"(sr;_[!Ap_jrYX<.z.k(DmKdI,lF~)KU=qEXg`$m@*lxzCA0P-Q/udrRPQ4S
F3ro]kc+jkJIRqRCgyV#j%?:%%W/V'/e7c?`7-g;g,;,$|VreBi6O/rK5v2,[&L~V(.h1{vpdqHn::I)%&WW\LO-Q]j.P~%)YJWVhcba3&],vsGQYX:BtacMe$V%o7Gc@Yhe'hZB\3gIKIbjH]Q#pr^m.Gu<aLXL%)iZ>~x+<Czo3ZMZ]wa$)\xf5KS,?|w_3YT`Wps13fI5Smhi7"(sr;_[!Ap_jrYX<.z.k(DmKdI,lF~)KU=qEXg`$m@*lxzCA0P-Q/udrRPQ4S
F3ro]sc+jkJIRqRCgyV#j%?:%%W/V'/e7c?`7-g;g,;,$|VreBi6O/rK5v2,[&L~V(.h1{vjdqHn::IB%&WW\LO-Q]j.P~%)YJWVhcba3&],vsGQYX:BtacMe$V%o7Gc@Yhe'hZB\3gIKIbjH]Q#pr^m.GuyaLXL%)iZ>~x+<Czo3ZMZ]wa$)\xf5KS,?|w_3YT`Wps13fI5Smhi7"(sr;_[!Ap_jrYX<.z.k(DmKdI,lF~)KU=qEXg`$m@*lxzCA0P-Q/udrRPQ4S
F3ro]sc+jkJIRqRCgyh#j%?:%%W/V'/e7c?`7-g;gq;,$|VreBi6O/rK5v2,[&L~V(.h1{vjdqHn::IB%&WW\LO-R]j.P~%)0JWVhcba3&],vsG]YX:BtacMe$V%o7Gc@Yhe'hZB\3gIKIbjH]Q#8r^m.GuyaLXL%)iZ>~x+<Czo3ZMZ]wa$)\xf5KS,?|w_3YT`Wps13fI5Smhi7"(sr;_[!Ap_jrYX<.z.k(DmKdI,lF~)KU=qEXg`$m@*lxzCA0P-Q/udrRPQ4S
F3ro]sc+jkJIRqRCgyh#j%?:%%W/V'/e7c?`7-g;gq;,$|VreBi6O/rK5v2,K&L~V(.h1{vjdqHn::IB%&WW\LO-R]j.P~%)0JWVhcba3&],vsG]YX:BtacMe$V%o7Gc@Yhe'hZB\3gIKIbjH]Q#8r^m.GuyaLXL%)iZ>~x+<Czo3ZMZ]wa$)\xf5KS,?|w_3YT`Wps13fI5Smhi7"(sr;_[!Ap_jrYX<.z.k(DmKdI,lF~)KU=qEXg`$m@*lxzCA0P-Q/udrRPQ4S
F3Wo]sc+jkJIRqRCgyh#j%?:%%W/V'/e7c?`7-g;gq;,$|VreBi6O/rK5v2,K&L~V(.h1{vjdqHn::IB%&WW\LO-R]j.P~%)0JWVhcba3&],vsG]YX:BtacMe$V%o7Gc@Yhe'hZB\3gIKIbjH]Q#8r^m.GuyaLXL%)iZ>~x+<Czo3ZMZ]wa$)\xf5KS,?|w_3YT`Wps13fI5Smhi7"(sr;_[!Ap_jrYX<.z.k(DmKdI,lF~)KU=qEXg`$m@*lxzCA0P-Q/udrRPQ4S
F3Wo]sc+jkJIRqRCgyh#j%?:%%W/{'/e7c?`7-g;gq;,$|VreBi6O/rK5v2,K&L~V(.h1{vjdqHn::IB%&WW\LO-R]j.P~%)0JWVhcba3&],vsG]YX:BtacMe$V%o7Gc@Yhe'hZB\3gIKIbjH]Q#8r^m.GuyaLXL%)iZ>~x+<Czo3ZMZ]wa$)\xf5KS,?|w_3YT`Wps13fI5Smhi7"(sr;_[!Ap_jrYX<.z.k(DmKdI,lF~)KU=qEXg`$m@*lxzCA0P-Q/udrRPQ4S
F3Wo]sc+jkJIRqRCgyh#j%?:%%W&{'/eec?`7-g;gq;,$|VreBi6O/rK5v2,K&L~V(1h1{vjdqHn::IB%&WW\LO-R]j.P~%)0JWVhcba3&],vsG]YX:BtacMe$V%o7Gc@Yhe'hZB\3gIKIbjH]Q#8r^m.GuyaLXL%)iZ>~x+<Czo3ZMZ]wa$)\xf5KS,?|w_3YT`Wps13fI5Smhi7"(sr;_[!Ap_jrYX<.z.k(DmKdI,lF~)KU=qEXg`$m@*lxzCA0P-Q/udrRPQ4S
F]Wo]sc+jkJIRqRCgyh#j%?:%%W&{'/eec?`7-g;gq;,$|VreBi6O/rK5v2,K&L~V(1h1{vjdqHn::IB%&WW\LO-R]j.P~%)0JWVhcba3&],vsG]YX:BtacMe$V%o7Gc@Yhe'hZB\3gIKIbjH]Q#8r^m.GuyaLXL%)iZ>~x+<Czo3ZMZ]wa$)\xf5KS,?|w_3YT`Wps13fI5Smhi7"(sr;_[!Ap_jrYX<.z.k(DmKdI,lF~)KU=qEXg`$m@*lxzCA0P-Q/udrRPQ4S
F]Wo]sc+jkJ~RqRCgyh#j%?:%%W&{'/eec?`7-g;gq;,$|VreBi6O/rK5v2,K&L~V(1h1{vjdqHn::IB%&WW\LO-R]j.P~%)0JWVhcba3&],vsG]YX:BtacMe$V%o7Gc@Yhe'hZB\3gIKIbjH]Q#8r^m.GuyaLXL%)iZ>~x+<Czo3ZMZ]wa$)\xf5KS,?|w_3YT`Wps13fI5Smhi7"(sr;_[!Ap_jrYX<.z.k(DmKdI,lF~)KU=qEXg`$m@*lxzCA0P-Q/udrRPQ4S
F]Wo]sc+jkJ~RqRCgyh#j%?:%%W&{'/eec?`7-g;gq;,$|V#eBi6O/rK5v2,K&L~V(1h1{vjdqHn::IB%&WWHLO-R]j.P~%)0JWVhcba#&],vsG]YX:BtacMe$V%o7Gc@Yhe'hZBe3gIKIbjH]Q#8r^m.GuyaLXL%)iZ>~'+<Czo3ZMZ]wa$)\xf5KS,?|w_3YT`Wps13fI5Smhi7"(sr;_[!Ap_jrYX<.z.k(DmKdI,lF~)KU=qEXg`$m@*lxzCA0P-Q/udrRPQ4S
FqWW]sc+jkh~RqRCgyh#j%?:%%W&{'/eec?`7-g;gq;,$|V#eBi6O/rK5v2,K&L~V(1h1{vjdqHn::IB%&WWHLO-R]j.P~%)0JWVhcba#&],vsG]YX:BtacMe$V%o7Gc@Yhe'hZBe3gIKIbjH]Q#8r^m.GuyaLXL%)iZ>~'+<Czo3ZMZ]wa$)\xf5KS,?|w_3YT`Wps13fI5Smhi7"(sr;_[!Ap_jrYX<.z.k(DmKdI,lF~)KU=qEXg`$m@*lxzCA0P-Q/udrRPQ4S
FqWW]sc+jkh~RqRCgyh#j%?:%%W&{'/eec?`7-g;gq;,$|H#eBi6O/rK5v2,K&L~V(1h1{vjdqHn::IB%&WWHLO-R]j.P~%)0JWVhcba#&],vsG]YX:BtacMe$V%o7Gc@Yhe'hZBe3gIKIbjH]Q#8r^m.GuyaLXL%)iZ>~'+<Czo3ZMZ]wa$)\xf5KS,?|w_3YT`Wps13fI5Smhi7"(sr;_[!Ap_jrYX<.z.k(DmKdI,lF~)KU=qEXg`$m@*lxzCA0P-Q/udrRPQ4S
FqWW]sc+jkh~RqRCgyh#j%?:%%W&{'/eec?`7-g;gq;,$|H#e_i6O/rK5v2,K&L~V(1h1{vjdqHn::IB%&WWHLO-R]j.P~%)0JWVhcba#&],vsG]YX:BtacMe$V%o7Gc@Yhe'hZBe3gIKIbjH]Q#8r^m.GuyaLXL%)iZ>~'+<Czo3ZMZ]wa$)\xf5KS,?|w_3YT`Wps13fI5Smhi7"(sr;_[!Ap_jrYX<.z.k(DmKdI,lF~)KU=qEXg`$m@*lxzCA0P-Q/udrRPQ4S
F9WW]sc+jkh~RqRCgyh#j%?:%%W&{'/eec?`7-g;gq;,$|H#e_i6O/rK5v2,K&L~V(1h1{vjdqHn::IB%&WWHLO-R]j.P~%)0JWVhcba#&],vsG]YX:BtacMe$V%o7Gc@Yhe'hZBe3gIKIbjH]Q#8r^m.GkyaLXL%)iZ>~'+<Czo3ZMZ]wa$)\xf5KS,?|w_3YT`Wps13fI5Smhi7"(sr;_[!Ap_jrYX<.z.k(DmKdI,lF~)KU=qEXg`$m@*lxzCA0P-Q/udrRPQ4S
F9WW]sc+jkh~RqRCgyh#j%?:%%W&{'/eec?`7-g;gq;,$|H#e_i6O/rK5v2,K&L~V(1h1{vjdqHn::IB%&WWHLO-R]j.P~%)0JWVhcba#&],vsG]Y?:BtacMe$V%o7Gc@Yhe'hZBe3gIKIbjH]Q#8r^m.GkyaLXL%)iZ>~'+<Czo3ZMZ]wa$)\xf5KS,?|w_3YT`Wps13fI5Smhi7"(sr;_[!Ap_jrYX<.z.k(DmKdI,lF~)KU=qEXg`$m@*lxzCA0P-Q/udrRPQ4S
F9WW]sc+jkh~RqRCgyh#j%?:%%W&{'/eec?`7-g;gq;,$|H#e?i6O/rK5v2,K&L~V(1h1{vjdqHn::IB%&WWHLO-R]j.P~%)0JWVhcba#&],vsG]Y?:BtacMe$V%o7Gc@Yhe'hZBe3gIKIbjH]Q#8r^m.GkyaLXL%)iZ>~'+<Czo3ZMZ]wa$)\xf5KS,?|w_3YT`Wps13fI5Smhi7"(sr;_[!Ap_jrYX<.z.k(DmKdI,lF~)KU=qEXg`$m@*lxzCA0P-Q/udrRPQ4S
F9WW]sq+jkh~RqRCgyh#j%?:%%W&{'/eec?`7-g;gq;s$|H#e?i6O/rK5v2,K&%~V(1h1{vjdqHn::IB%&WWHLO-R]j.P~%)0JWVhcba#&],vsG]Y?:BtacMe$V%o7Gc@Yhe'hZBe3gIKIbjH]Q#8r^m.GkyaLXL%)iZ>~'+<Czo3ZMZ]wa$)\xf5KS,?|w_3YT`Wps13fI5Smhi7"(sr;_[!Ap_jrYX<.z.k(DmKdI,lF~)KU=qEXg`$m@*lxzCA0P-Q/udrRPQ4S
F9WW]sq+jkh~RqRCgyh#j%+:%%W&j'/eec?`7-g;gq;s$|H#e?i6O/rK5v2,K&%~V(1h1{vjdqHn::IB%&WWHLO-R]j.P~%)0JWVhcba#&],vsG]Y?:BtacMe$V%o7Gc@Yhe'hZBe3gIKIbjH]Q#8r^m.GkyaLXL%)iZ>~'+<Czo3ZMZ]wa$)\xf5KS,?|w_3YT`Wps13fI5Smhi7"(sr;_[!Ap_jrYX<.z.k(DmKdI,lF~)KU=qEXg`$m@*lxzCA0P-Q/udrRPQ4S
F9WW]sq+jkh~RqRCgyhJj%+:%%W&j'/eec?`7-g;gq;s$|H#e?i6O/rK5v2,K&%~V(1h1{vjdqHn::hB%&WWHLO-R]j.P~%)0JWVhcba#&],vsG]Y?:BtacMe$V%o7Gc@Yhe'hZBe3gIKIbjH]Q#8r^m.GkyaLXL%)iZ>~'+<Czo3ZMZ]wa$)\xf5KS,?|w;3YT`Wps13fI5Smhi7"(sr;_[!Ap_jrYX<.z.k(DmKdI,lF~)KU=qEXg`$m@*lxzCA0P-Q/udrRPQ4S
F9TWlsq+jkh~2qRCgyhJj0+:%%W&j'/eec?`7-g;gq;s$|&#e?i6O/rK5v2,K&%~V(1h1{vjdqHn::hB%&WWHLO-R]j.P~%)0JWVhcba#&],vsG]Y?:BtacMe$V%o7Gc@Yhe'hZBeggIKIbjH]Q#8r^m.GkyaLXL%)iZ>~'+<Czo3ZMZ]wa$)\xf5KS,?|w;3YT`Wps13fI5Smhi7"(sr;_[!Ap_jrYX<.z.k(DmKdI,lF~)KU=qEXg`$m@*lxzCA0P-Q/udrRPQ4S
F9TWlsq+jkh~2qRCgyhJj0+:%%W&j'/eec?`7-g;gq;s$|&#e?i6O/rK5v2,K&%~V(1h1{vjdqHn::hB%&WWHLO-R]jsP~%)0JWVhcba#&],vsG]Y?:BtacMe$V%o7Gc@Yhe'hZBeggIKIbjH]Q#8r^m.GkyaLXL%)iZ>~'+<Czo3ZMZ]wa$)\xf5KS,?|w;3YT`Wps13fI5Smhi7"(sr;_[!Ap_jrYX<.z.k(DmKdI,lF~)KU=qEXg`$m@*lxzCA0P-Q/udrRPQ4S
F9TWlsq+jkh~2qRCgyhJj0+:%%W&j'/eec?`7-g;gq;s$|&#e?i6O/rK5v2,K&%~V(1h1{vjdqHn::hB%&WWHLO-R]jsP~%)0JWVhcba#&],vsG]Y?:BtacMe$V%o7Gc@Yhe'hZBeggIKIbjH]Q#8rum.GkyaLXL%)iZ>~'+<Czo3ZMZ]wa$)\xf5KS,?|w;3YT`Wps13fI5Smhi7"(sr;_[!Ap_jrYX<.z.k(DmKdI,lF~)KU=qEXg`$m@*lxzCA0P-Q/udrRPQ4S
F9TWl(q+jkp~2qRCgyhJj0+:%%Wuj'/eec?`7-g9gq;s$|&#e?i6O/rK5v2,K&%~V(1h1{vjdqHn::hB%&WWHLO-R]jsP~%)0JWVhcba#&],vsG]Y?:BtacMe$V%o7Gc@Yhe'hZBeggIKIbjH]Q#8rum.GkyaLXL%)iZ>~'+<Czo3ZMZ]wa$)\xf5KS,?|w;3YT`Wps13fI5Smhi7"(sr;b[!Ap_jrYX<.z.k(DmKdI,lF~)KU=qEXg`$m@*lxzCA0P-Q/udrRPQ4S
F9TWl(q+jkp~2qRCgyhJj0+:%%Wuj'/eec?`7-g9gq;s$|&#e?i6O/rK5v2,K&%~V(1h1{vjdqHn::hB%&WWHLO-R]jsP~%)0JWVhcba#&],vs"]~?:BtacMe$V%o7Gc@Yhe'hZBeggIKIbjH]Q#8rum.GkyaLXL%)iZ>~'+<Czo3ZMZ]wa$)\xf5KS,?|w;3YT`Wps13fI5Smhi7"(sr;b[!Ap_jrYX<.z.k(DmKdI,lF~)KU=qEXg`$m@*lxzCA0P-Q/udrRPQ4S
F9T8l(q+jkp~2qRCgyhJj0+:%%Wuj'/eec?`7-g9gq;s$|&#e?i6O/rK5v2,K&%~V(1h1{vjdqHn::hB%&WWHLO-R]jsP~%)0JWVhcba#&],vs"]~?:BtacMe$V%o7Gc@Yhe'hZBeggIKIbjH]Q#8rum.GkyaLXL%)iZ>~'+<Czo3ZMZ]wa$)\xf5KS,?|w;3YT`Wps13fI5Smhi7"(sr;b[!Ap_jrYX<.z.k(DmKdI,lF~)KU=qEXg`$m@*lxzCA0P-Q/udrRPQ4S
F9T8l(q+jkp~2qRCgyhJj0+:%%Wuj'/eec?`7-g9gq;s$|&#e?i6O/rK5v2,K&%~V(1h1{vjdqHn::hB%&WWHLO-R]jsP~%)0JWVhcbF#&],vs"]~?:BtacMe$V%o7Gc@Yhe'hzBeggIKIbjH]Q#8rum.GkyaLXL%)iZ>~'+<Czo3ZMZ]wa$)\|f5KS,?|w;3YT`Wps13fI5Smhi7"(sr;b[!Ap_jrYX<.z.k(DmKdI,lF~)KU=qEXg`$m@*lxzCA0P-Q/udrRPQ4S
F9T8l(q+jkp~2qRCgyhJj0+:%%Wuj'/eec?`7-g9gq;s$|&#e?i6O/rK5v2,K&%~V(1h1{vjdqHn::hB%&WWHLO-R]jsP~%)0JWVhcbF#&],vs"]~?:BtacMe$V%o7Gc@Yhe'huBeggIKIbjH]Q#8rum.GkyaLXL%)iZ>~'+<Czo3ZMZ]wa$)\|f5KS,?|w;3YT`Wps13fI5Smhi7"(sr;b[!Ap_jrYX<.z.k(DmKdI,lF~)KU=qEXg`$m@*lxzCA0P-Q/udrRPQ4S
F9T8l(q+jkp~2qRCgyhJj0+:G%Wuj'/eec?`7-g9gq;s$|&#e?i6O/rK5v2,K&%~V(1h1{vjdqHn::hB%&WWHLO-R]jsP~%)0JWVhcbF#&],vs"]~?:BtacMe$V%o7Gc@Yhe'huBeggIKIbjH]Q#8rum.GkyaLXL%)iZ>~'+<Czo3ZMZ]wa$)\|f5KS,?|w;3YT`Wps13fI5Smhi7"(sr;b[!Ap_jrYX<.z.k(DmKdI,lF~)KU=qEXg`$m@*lxzCA0P-Q/udrRPQ4S
F9T8l(q+jkp~2qR+gyhJj0+:G%Wuj'/eec?`7-g9gq;s$|&#e?i6O/rK5v2,K&%~V(1h1{vjdqHn::hB%&WWHLO-R]jsP~%)0JWVhcbF#&],vs"]~?:BtacMe$V%o7Gc@Yhe'huBeggIKIbjH]Q#8rum.GkyaLXL%)iZ>~'+<Czo3ZMZ]wa$)\|f5KS,?|w;3YT`Wps13fI5Smhi7"(sr;b[!Ap_jrYX<.z.k(DmKdI,lF~)KU=qEXg`$m@*lxzCA0P-Q/udrRPQ4S
F9T8l(q+jkp~2qR+gyhJj0+:G%Wuj'/eec?`7-g9gqgs$|&#e?i6O/rK5v2,K&%~V(1h1{vjdqHn::hB%&WWHLO-R]jsP~%)0JWVhcbF#&],vs"]~?:BtacMe$V%o7Gc@Yhe'huBeggIKIbjH]Q#8rum.GkyaLXL%)iZ>~'+<Czo3ZMZ]wa$)\|f5KS,?|w;3YT`Wps13fI5Smhi7"(sr;b[!Ap_jrYX<.z.k(DmKdI,lF~)KU=qEXg`$m@*lxzCA0P-Q/udrRPQ4S
F9T8l(q+jkp~2qR+gyhJj0+:G%Wuj'/eec?`7-g9gqgs$|&#e?i6O/rK5v2,K&%~V(1h1{vjdqHn::hB%&WWHLO-R]jsP~%)0JWVhcbF#&],vs"]~?:BtacMe$V%o7Gc@Yhe'huBeggIKIbjH]Q#8rum.GkyaLXL%)iZ>~'+<C\o3ZMZ]wa$)\|f5KS,?|w;3YT`Wps13fI5Smhi7"(sr;b[!Ap_jrYX<.z.k(DmKdI,lF~)KU=qEXg`$m@*lxzCA0P-Q/udrRPQ4S
F9T8lRq+jkp~2qR+gyhJjG+:G%Wuj'/eec?`7-g9gqgs$=&#e?i6O/rK5v2,K&%~V(1h1{vjdqHn::hB%&WWHLO-R]jsP~%)0JWVhcbF#&],vs"]~?:BtacMe$V%o7Gc@Yhe'huBeggIKIbjH]Q#8rum.GkyaLXL%)iZ>~'+<C\o3ZMZ]wa$)\|f5KS,?|w;3YT`Wps13fI5Smhi7"(sr;b[!Zp_jrYX<.z.k(DmKdI,lF~)KU=qEXg`$m@*lxzCA0P-Q/udrRPQ4S
F9T8lRq+jkp~2qR+gyhJjG+:G%Wuj'/eecT`7-g9gqgs$=&#e?i6O/rK5v2,K&%~V(1h1{vjdqHn::hB%&WWHLO-R]jsP~%)0JWVhcbF#&],vs"]~?:BtacMe$V%o7Gc@Yhe'huBeggIKIbjH]Q#8rum.GkyaLXL%)iZ>~'+<C\o3ZMZ]wa$)\|f5KS,?|w;3YT`Wps13fI5Smhi7"(sr;b[!Zp_jrYX<.z.k(DmKdI,lF~)KU=qEXg`$m@*lxzCA0P-Q/udrRPQ4S
F9T8lRq+Jkp~2qR+gyhJjG+:G%Wuj'/eecT`7-g9gqgs$=&#e?i6O/rK5v2,K&%~V(1h1{vjdqHn::hB%&WWHLO-R]jsP~%)0JWVhcbF#&],vs"]~?:BtacMe$V%o7Gc@Yhe'huBeggIKIbjH]Q#8rum.GkyaLXL%)iZ>~'+nC\o3ZMZ]wa$)\|f5KS,?|w;3YT`Wps13fI5Smhi7"(sr;b[!Zp_jrYX<.z.k(DmKdI,lF~)KU=qEXg`$m@*lxzCA0P-Q/udrRPQ4S
F9T8lRq+Jkp~2qR+gyhJjG+:G%Wuj'/eecT`7-g9gqgs$=&#e?i6O/rK5v2,K&%~V(1h1{vjdqHn::hB%&WWHLO-R]jsP~%)0JWVhcbF#&],vs"]~?:BnacMe$V%o7Gc@Yhe'huBeggIKIbjH]Q#8rum.GkyaLXL%)iZ>~'+nC\o3ZMZ]wa$)\|f5KS,?|w;3YT`Wps13fI5Smhi7"(sr;b[!Zp_jrYX<.z.k(DmKdI,lF~)KU=qEXg`$m@*lxzCA0P-Q/udrRPQ4S
F9T8lRq+Jkp~2qR+gyhJzG+:G%Wuj'>ZecT`7-g9gqgs$=&#e?i6O/rK5v2,K&%~V(1h1{vjdqHn::hB%&WWHLO-R]jsP~%)0JWVhcbF#&],vs"]~?:BnacMe$V%o7Gc@Yhe'huBeggIKIbjH]Q#8rum.GkyaLXL%)iZ>~'+nC\o3ZMZ]wa$)\|f5KS,?|w;3YT`Wps13fI5Smhi7"(sr;b[!Zp_jrYX<._.k(DmKdI,lF~)KU=qEXg`$m@*lxzCA0P-Q/udrRPQ4S
F9T8lRq+Jkp~2qR+gyhJzG+:G%Wuj'>ZecT`7-g9gqgs$=&#e?i6O/rK5v2,K&%~V(1h1{vjdqHn::hB%&WWHLO-R]jsP~%!0JWVhcbF#&],vs"]~?:BnacMe$V%o7Gc@Yhe'huBeggIKIbjH]Q#8rum.GkyaLXL%)iZ>~'+nC\o3ZMZ]wa$)\|f5KS,?|w;3YT`Wps13fI5Smhi7"(sr;b[!Zp_jrYX<._.k(DmKdI,lF~)KU=qEXg`$m@*lxzCA0P-Q/udrRPQ4S
F9T8lRq+Jkp~2qR+gyhJzG+:G%Wuj'>ZecT`7-g9gqgs$=&#e?i6O/rK5v2,K&%~V(1h1{vjdqHn::hB%&WWHLO-R]jsP~%!0JWVhcbF#&],vs"]~?:BnacMe$V%o7Gc@Yhe'huBeggIKIbjH]^#8rum.GkyaLXL%)iZ>~'+nC\o3ZMZ]wa$)\|f5KS,?|w;3YT`Wps13fI5Smhi7"(sr;b[!Zp_jrYX<._.k(DmKdI,lF~)KU=qEXg`$m@*lxzCA0P-Q/udrRPQ4S
F9T8lRqLJkp~2qR+gyhJzG+:G%Wuj'>ZecT`7-g9gqgs$=&#e?i6O/rK5v2<K&%~V(1h1{vjdqHn::hB%&WWHLO-R]jsP~%!0JWVhcbF#&],vs"]~?:BnacMe$V%o7Gc@Yhe'huBeggIKIbjH]^#8rum.GkyaLXL%)iZ>~'+nC\o3ZMZ]wa$)\|f5KS,?|w;3YT`Wps13fI5Smhi7"(sr;b[!Zp_jrYX<._.k(DmKdI,lF~)KU=qEXg`$m@*lxzCA0P-Q/udrRPQ4S
F9T8lRqLJkp~2qRggyhJzG+:G%Wu-'>ZecT`7-g9gqgs$=&#e?i6O/rK5v2<K&%~V(1h1{vjdqHn::hB%&WWHLO-RbjsP~%!0JWVhcbF#&],vs"]~?:BnacMe$V%o7Gc@Yhe'huBeggIKIbjH]^#8rum.GkyaLXL%)iZ>~'+nC\o3ZMZ]wa$)\|f5Ky,?|w;3YT`Wps13fI5Smhi7"(sr;b[!Zp_jrYX<._.k(DmKdI,lF~)KU=qEXg`$m@*lxzCA0P-Q/udrRPQ4S
F9T8lRqLJkp~2qRggyhJzG+:G%Wu-'>Ze-T`7-g9gqgsq=&#e?i6O/rK5v2<K&%~V(1h1{vjdqHn::hB%&WWHLO-RbjsP~%!0JWVhcbF#&],vs"]~?:BnacMe$V%o7Gc@Yhe'huBeggIKIbjH]^#8rum.GkyaLXL%)iZ>~'+nC\o3ZMZ]wa$)\|f5Ky,?|w;3YT`Wps13fI5Smhi7"(sr;b[!Zp_jrYX<._.k(DmKdI,lF~)KU=qEXg`$m@*lxzCA0P-Q/udrRPQ4S
F9T8lRqLJkp~2qRggyhJzG+:G%Wu-'>Ze-T`7-g9gqgsq!&#e?i6O/rK5v2<K&%~V(1h1{vjdqHn::hB%&WWHLO-RbjsP~%!0JWVhcbF#&],vs"]~?:BnacMe$V%o7Gc@Yhe'huBeggIKIbjH]^#8rum.GkyaLXL%)iZ>~'+nC\o3ZMZ]ya$)\|f5Ky,?|w;3YT`Wps13fI5Smhi7"(sr;b[!Zp_jrYX<._.k(DmKdI,lF~)KU=qEXg`$m@*lxzCA0P-Q/udrRPQ4S
F9T8lRqLJkp~2qRggyhJzG+:G%Wu-S>Ze-T`7-g9gqgsq!&#e?i6O/rK5v2<K&%~V(1h1{vjdqHn::hB%&WWHLO-RbjsP~%!0JWVhcbF#&],vs"]~?:BnacMe$V%o7Gc@Yhe'huBeggIKIbjH]^#8rum.GkyaLXL%)iZ>~'+nC\o3ZMZ]ya$)\|f5Ky,?|w;3YT`Wps13fI5Smhi7"(sr;b[!Zp_jrYX<._.k(DmKdI,lF~)KU=qEXg`$m@*lxzCA0P-Q/udrRPQ4S
F9T8lR<LJkp~2qRggyhJzG+:G%Wu-S>Ze-T`7-g9gqgsq!&#e?i6O/rK5v2<K&%~V(1h1{vjdqHn::h{%&WWHLO-RbjsP~%!0JWVhcbF#&],vs"]~?:BnacMe$V%o7Gc@Yhe'huBeggIKIbjH]^#8rum.GkyaLXL%)iZ>~'+nC\o3ZMZ]ya$)\|f5Ky,?|w;3YT`Wps13fI5Smhi7"(sr;b[!Zp_jrYX<._.k(DmKdI,lF~)KU=qEXg`$m@*lxzCA0P-Q/udrRPQ4S
F9T8lR<LJkp~2qR_gyhJzG+:G%Wu-S>Ze-T`7-g9gqgsq!&#e?i6O/rK5v2<K&%~V(1h1{vjdqHn::h{%&WWHLO-RbjsP~%!0JWVhcbF#&],vs"]~?:BnacMe$V%o7Gc@Yhe'huBeggIKIbjH]^#8rum.GkyaLXL%)iZ>~'+nC\o3ZMZ]ya$)\|f5Ky,?|w;3YT`Wps13fI5Smhi7"(sr;b[!Zp_jrYX<._.k(DmKdI,lF~)KU=qEXg`$m@*lxzCA0P-Q/udrRPQ4S
F9T8lR<LJkc~2qR_gyhJzG+'G%Wu-S>Ze-T`7-g9gqgsq!&#e?i6O/rK5v2<K&%~V(1h1{vjdqHn::h{%&WWHLO-RbjsP~%!0JWVhcbF#&],vs"]~?:BnacMe$V%o7Gc@Yhe'huBeggIKIbjH]^#8rum.GkyaLXL%)iZ>~'+nC\o3ZMZ]ya$)\|f5Ky,?|w;3YT`Wps13fI5Smhi7"(sr;b[!Zp_jrYX<._.k(DmKdI,lF~)KU=qEXg`$m@*lxzCA0P-Q/udrRPQ4S
F9T8lR<LJkc~2qR_gyhJzG+'GsWu-S>Ze-T`7-g9gqgsq!&#e?i6O/rK5v2<K&%~V(1h1{vjdqHn::h{%&WWHLO-RbjsP~%!0JWVhcbF#&7,vs"]~?:BnacMe$V%o7Gc@Yhe'huBeggIKIbjH]^#8rum.GkyaLXL%)iZ>~'+nC\o3ZMZ]ya$)\|f5Ky,?|w;3YT`Wps13fI5Smhi7"(sr;b[!Zp_jrYX<._.k(DmKdI,lF~)KU=qEXg`$m@*lxzCA0P-Q/udrRPQ4S
F9T8lR<LJkc~2qR_gyhJzG+'GsWu-S>Ze-T`7-g9gqgsq!&#e?i6O/rK5v2<K&%~V(1h1{v1dqHn::h{%&WWHLO-RbjsP~%!0JWVhcbF#&7,vs"]~?:BnacMe$V%o7Gc@Yhe'huBeggIKIbjH]^#8rum.GkyaLXL%)iZ>~'+nC\o3ZMZ]ya$)\|f5Ky,?|w;3YT`Wps13fI5Smhi7"(sr;b[!Zp_jrYX<._.k(DmKdI,lF~)KU=qEXg`$m@*lxzCA0P-Q/udrRPQ4S
F9T8lR<LJkc~2qR_gyhJzG+'GsWu-S>Ze-T`7-g9gqgsq!&#e?H6O/rK5v2<K&%~V(1h1{v1dqHn::h{%&WWHLO-RbjsP~%!0JWVhcbF#&7,vs"]~?:BnacMe$V%o7Gc@Yhe'huBeggIKIbjH]^#8rum.GkyaLXL%)iZ>~'+nC\o3ZMZ]ya$)\|f5Ky,?|w;3YT`Wps13fI5Smhi7"(sr;b[!Zp_jrYX<._.k(DmKdI,lF~)KU=qEXg`$m@*lxzCA0P-Q/udrRPQ4S
F9T8lR<LJkc~2qR_gyhJzG+'GsWu-S>Ze-T`7-g9gqgsq!&#e?HmO/rK5v2<K&%~V(1h1{v1dqHn::h{%&WWHLO-RbjsP~%!0JWVhcbF#&7,vs"]~?:BnacMe$V%o7Gc@Yhe'huBeggIKIbjH]^#8rum.GkyaLXL%)iZ>~'+nC\o3ZMZ]ya$)\|f5Ky,?|w;3YT`Wps13fI5Smhi7"(sr;b[!Zp_jrYX<._.k(DmKdI,lF~)KU=qEXg`$m@*lxzCA0P-Q/udrRPQ4S
F9T8lR<LJkc~2qR_gyhJzG+'GsWu-S>Ze-T`7-g9gqgsq!&#e?HmO/rK5v2<K&%~V(1h1{v1dqHn::h{%&WWHLO-RbjsP~%!0JWVhcbF#&7,vs"]~?:BnacMe$V%o7Gc@Yhe'huBeggIKIbjH]^#8rum.GkyaLXL%)iZ>~'+nC\o6ZMZ]ya$)\|f5Ky,?|w;3YT`Wps13fI5Smhi7"(sr;b[!Zp_jrYX<._.k(DmKdI,lF~)KU=qEXg`$m@*lxzCA0P-Q/udrRPQ4S
F9T8lR<LJkc~2qR_gyhJzG+'GsWu-c>Ze-T`7-g9gqgsq!&#e?HmO/rK5v2<K&%~V(1h1{v1dqHn::h{%&WWHLO-RbjsP~%!0JWVhcbF#&7,vs"]~?:BnacMe$V%o7Gc@Yhe'huBeggIKIbjH]^#8rum.GkyaLXL%)iZ>~'+nC\o6ZMZ]ya$)\|f5Ky,?|w;3YT`Wps13fI5Smhi7"(sr;b[!Zp_jrYX<._.k(DmKdI,lF~)KU=qEXg`$m@*lxzCA0P-Q/udrRPQ4S
F9T8lR<LJkc~)qR_gyhJzG+'G*Wu-c>Ze-T`7-g9gqgsq!&#e?HmO/rK5v2<K&%~V(1h1{v1dqHn::h{%&WWHLO-RbjsP~%!0JWVhcbF#&7,vs"]~?:BnacMe$V%o7Gc@Yhe'huBegggKIbjH]^#8rum.GkyaLtL%)iZ>~'+nC\o6ZMZ]ya$)\|f5Ky,?|w;3YT`Wps13fI5Smhi7"(sr;b[!Zp_jrYX<._.k(DmKdI,lF~)KU=qEXg`$m@*lxzCA0P-Q/udrRPQ4S
F9T8lR<LJkc~)qR_gyhJzG+'G*Wu-c>Ze-T`7-g9gqgsq!&#e?HmO/r55v2<K&%~V(Dh1{v1dqHn::h{%&WWHLO-RbjsP~%!0JWVhcbF#&7,vs"]~?:BnacMe$V%o7Gc@Yhe'huBegggKIbjH]^#8rum.GkyaLtL%)iZ>~'+nC\o6ZMZ]ya$)\|f5Ky,?|w;3YT`Wps13fI5Smhi7"(sr;b[!Zp_jrYX<._.k(DmKdI,lF~)KU=qEXg`$m@*lxzCA0P-Q/udrRPQ4S
F9T8lR<LJkc@)qR_gyhJzG+'G*Wu-c>Ze-T`7-g9gqgsq!&#e?HmO/r55v2<K&%~V(Dh1{v1dqHn::h{%&WWHLO-RbjsP~%!0JWVhcbF#&7,vs"]~?:BnacMe$V%o7Gc@Yhe'huBegggKIbjH]^#8rum.GkyaLtL%)iZ>~'+nC\o6ZMZ]ya$)\|f5Ky,?|w;3YT`Wps13fI5Smhi7"(sr;b[!Zp_jrYX<._.k(DmKdI,lF~)KU=qEXg`$m@*lxzCA0P-Q/udrRPQ4S
F9T8lR<LJkc@)qR_g2hJzG+'G*Wu-c>Ze-T`7-g9gqgsq!&#e?HmO/r55v2<K&%~p(Dh1{v1dqHn::h{%&WWHLO-RbjsP~%!0JWVhcbF#&7,vs"]~?:BnacMe$V%o7Gc@Yhe'huBegggKIbjH]^#8rum.GkyaLtL%)iZ>~'+nC\o6ZMZ]ya$)\|f5Ky,?|w;3YT`Wps13fI5Smhi7"(sr;b[!Zp_jrYX<._.k(DmKdI,lF~)KU=qEXg`$m@*lxzCA0P-Q/udrRPQMS
F9T8lR<LJkc@)qR_g2hJzG+'G*Wu-c>re-T`7-g9gqgsq!&#e?HmO/r55v2<K&%~p(Dh1{v1dqHn::h{%&WWHLO-RbjsP~%!0JWVhcbF#&7,vs"]~?:BnacMe$V%o7Gc@Yhe'huBegggKIbjH]^#8rum.GkyaLtL%)iZ>~'+nC\o6ZMZ]ya$)\|f5Ky,?|w;3YT`Wps13fI5Smhi7"(sr;b[!Zp_jrYX<._.k(DmKdI,lF~)KU=qEXg`$m@*lxzCA0P-Q/udrRPQMS
F9T8lR<LJkc@)qR_g2hJzG+'G*Wu-c>re-T`7-g9gqgsq!&#e?HmO/r55v2<K&%~p(Dhx{v1dqHn::h{%&WWHLO-RbjsP~%!0JWVhcbF#&7,vs"]~?:BnacMe$V%o7Gc@Yhe'huBegggKIbjH]^#8rum.GkyaLtL%)iZ>~'+nC\o6ZMZ]ya$)\|f5Ky,?|w;3YT`Wps13fI5Smhi7"(sr;b[!Zp_jrYX<._.k(DmKdI,lF~)KU=qEXg`$m@*lxzCA0P-Q/udrRPQMS
F9T8lR<LJkc@)qR_g2`JzG+'G*Wu-c>re-T`7-g9gqgsq!<#e?HmO/r55v2<K&%~p(Dhx{v1dqHn::h{%&WWHLO-RbjsP~%!0JWVhcbF#&7,vs"]~?:BnacMe$V%o7Gc@Yhe'huBegggKIbjH]^#8rum|GkyaLtL%)iZ>~'+nC\o6ZMZ]ya$)\|f5Ky,?|w;3YT`Wps13fI5Smhi7"(sr;b[!Zp_jrYX<._.k(DmKdI,lF~)KU=qEXg`$m@*lxzCA0P-Q/udrRPQMS
F9T8l)<yJkc@)qR_g2`JzG+'G*Wu-c>re-T`7-g9gqgsq!<#e?HmO/r55v2<#&%~p(Dhx{v1dqHn::h{%&WWHLO-RbjsP~%!0JWVhcbF#&7,vs"]~?:Bnacde$V%o7Gc@Yhe'huBegggKIbjH]^#8rum|GkyaLtL%)iZ>~'+nC\o6ZMZ]ya$)\|f5Ky,?|w;3YT`Wps13fI5Smhi7"(sr;b[!Zp_jrYX<._.k(DmKdI,lF~)KU=qEXg`$m@*lxzCA0P-Q/udrRPQMS
F9T8l)<yJkc@)xR_g2`JzG+'G*su-c>re-T`7-g9gqgsq!<#e?HmO/r55v2<#&%~p(Dhx{v1dqHn::h{%&WWHLO-RbjsP~%!0JWVhcbF#&7,vs"]~?:Bnacde$V%o7Gc@Yhe'huBegggKIbjH]^#8rum|GkyaLtL%)i4>~'+nC\o6ZMZ]ya$)\|f5Ky,?|w;3YT`Wps13fI5Smhi7"(sr;b[!Zp_jrYX<._.k(DmKdI,lF~)KU=qEXg`$m@*lxzCA0P-Q/udrRPQMS
F9T8l)<yJkc@)xR_g2`JzG+'G*suPc>re-T`7-g9gqgsq!<#e?HmO/r55v2<#&%~p(Dhx{v1dqHn::h{%&WWHLO-RbjsP~%!0JWVhcbF#&7,vs"]~?:Bnacde$V%o7Gc@Yhe'huBegggKIbjH]^#8rum|GkyaLtL%)i4>~'+nC\o6ZMZ]ya$)\|f5Ky,?|w;3YT`Wps13fI5Smhi7"(sr;b[!Zp_jrYX<._.k(DmKdI,lF~)KU=qEXg`$m@*lxzCA0P-Q/udrRPQMS
